#
# There is insufficient memory for the Java Runtime Environment to continue.
# Native memory allocation (malloc) failed to allocate 1740832 bytes for Chunk::new
# Possible reasons:
#   The system is out of physical RAM or swap space
#   The process is running with CompressedOops enabled, and the Java Heap may be blocking the growth of the native heap
# Possible solutions:
#   Reduce memory load on the system
#   Increase physical memory or swap space
#   Check if swap backing store is full
#   Decrease Java heap size (-Xmx/-Xms)
#   Decrease number of Java threads
#   Decrease Java thread stack sizes (-Xss)
#   Set larger code cache with -XX:ReservedCodeCacheSize=
#   JVM is running with Unscaled Compressed Oops mode in which the Java heap is
#     placed in the first 4GB address space. The Java Heap base address is the
#     maximum limit for the native heap growth. Please use -XX:HeapBaseMinAddress
#     to set the Java Heap base and to place the Java Heap above 4GB virtual address.
# This output file may be truncated or incomplete.
#
#  Out of Memory Error (arena.cpp:191), pid=14240, tid=19056
#
# JRE version: OpenJDK Runtime Environment Microsoft-8902769 (17.0.10+7) (build 17.0.10+7-LTS)
# Java VM: OpenJDK 64-Bit Server VM Microsoft-8902769 (17.0.10+7-LTS, mixed mode, sharing, tiered, compressed oops, compressed class ptrs, g1 gc, windows-amd64)
# No core dump will be written. Minidumps are not enabled by default on client versions of Windows
#

---------------  S U M M A R Y ------------

Command Line: -XX:MaxMetaspaceSize=512m --add-opens=java.base/java.util=ALL-UNNAMED --add-opens=java.base/java.lang=ALL-UNNAMED --add-opens=java.base/java.lang.invoke=ALL-UNNAMED --add-opens=java.prefs/java.util.prefs=ALL-UNNAMED --add-opens=java.base/java.nio.charset=ALL-UNNAMED --add-opens=java.base/java.net=ALL-UNNAMED --add-opens=java.base/java.util.concurrent.atomic=ALL-UNNAMED -Xmx2048m -Dfile.encoding=windows-1252 -Duser.country=IN -Duser.language=en -Duser.variant -javaagent:C:\Users\Hai\.gradle\wrapper\dists\gradle-8.6-all\3mbtmo166bl6vumsh5k2lkq5h\gradle-8.6\lib\agents\gradle-instrumentation-agent-8.6.jar org.gradle.launcher.daemon.bootstrap.GradleDaemon 8.6

Host: Intel(R) Core(TM) i5-6400T CPU @ 2.20GHz, 4 cores, 7G,  Windows 11 , 64 bit Build 22621 (10.0.22621.3672)
Time: Fri Jun 28 19:44:37 2024 India Standard Time elapsed time: 1161.664059 seconds (0d 0h 19m 21s)

---------------  T H R E A D  ---------------

Current thread (0x000001c4a33b2f40):  JavaThread "C2 CompilerThread0" daemon [_thread_in_native, id=19056, stack(0x0000009711300000,0x0000009711400000)]


Current CompileTask:
C2:1161664 17247       4       org.gradle.internal.logging.sink.OutputEventRenderer$LazyListener::onOutput (95 bytes)

Stack: [0x0000009711300000,0x0000009711400000]
Native frames: (J=compiled Java code, j=interpreted, Vv=VM code, C=native code)
V  [jvm.dll+0x67f829]
V  [jvm.dll+0x83750a]
V  [jvm.dll+0x838fce]
V  [jvm.dll+0x839633]
V  [jvm.dll+0x247cbf]
V  [jvm.dll+0xac524]
V  [jvm.dll+0xacb6c]
V  [jvm.dll+0x368cf7]
V  [jvm.dll+0x33311a]
V  [jvm.dll+0x3325ba]
V  [jvm.dll+0x21a401]
V  [jvm.dll+0x219821]
V  [jvm.dll+0x1a5176]
V  [jvm.dll+0x22957e]
V  [jvm.dll+0x22774c]
V  [jvm.dll+0x7ec5d7]
V  [jvm.dll+0x7e69da]
V  [jvm.dll+0x67e715]
C  [ucrtbase.dll+0x29333]
C  [KERNEL32.DLL+0x1257d]
C  [ntdll.dll+0x5af28]


---------------  P R O C E S S  ---------------

Threads class SMR info:
_java_thread_list=0x000001c4c878d660, length=95, elements={
0x000001c4838766c0, 0x000001c4a3397c00, 0x000001c4a3398a80, 0x000001c4a33ad0d0,
0x000001c4a33aec10, 0x000001c4a33af7d0, 0x000001c4a33b21a0, 0x000001c4a33b2f40,
0x000001c4a33b6a10, 0x000001c4a354cf80, 0x000001c4a3381e00, 0x000001c4a36b7a30,
0x000001c4c48ae1c0, 0x000001c4c3b0af70, 0x000001c4c3b804c0, 0x000001c4c466bc80,
0x000001c4c466a840, 0x000001c4c466b260, 0x000001c4c466b770, 0x000001c4c466c190,
0x000001c4c4b9c2f0, 0x000001c4c4b9f590, 0x000001c4c4b9faa0, 0x000001c4c4ba0ee0,
0x000001c4c4b9d730, 0x000001c4c4b9bde0, 0x000001c4c4ba13f0, 0x000001c4c4b9dc40,
0x000001c4c4ba04c0, 0x000001c4c4b9eb70, 0x000001c4c4ba09d0, 0x000001c4c4b9cd10,
0x000001c4c4b9e660, 0x000001c4c4b9f080, 0x000001c4c4b9ffb0, 0x000001c4c4ba1900,
0x000001c4c4ba1e10, 0x000001c4c4b9a9a0, 0x000001c4c4ba2320, 0x000001c4c4b9aeb0,
0x000001c4c4b9b3c0, 0x000001c4c7bccff0, 0x000001c4c7bcbbb0, 0x000001c4c7bcc0c0,
0x000001c4c7bc9d50, 0x000001c4c7bcda10, 0x000001c4c7bcb190, 0x000001c4c7bc8910,
0x000001c4c7bcdf20, 0x000001c4c7bce430, 0x000001c4c7bc9330, 0x000001c4c7bce940,
0x000001c4c7bc7ef0, 0x000001c4c7bc9840, 0x000001c4c4668ef0, 0x000001c4c46689e0,
0x000001c4c466ad50, 0x000001c4c4669400, 0x000001c4c4669910, 0x000001c4c4669e20,
0x000001c4c7ce6760, 0x000001c4c7ce8fe0, 0x000001c4c7ce7ba0, 0x000001c4c7ce8ad0,
0x000001c4c7ce94f0, 0x000001c4c75017e0, 0x000001c4c75059b0, 0x000001c4c75063d0,
0x000001c4c7503b50, 0x000001c4c7501cf0, 0x000001c4c7504570, 0x000001c4c7506df0,
0x000001c4c7507d20, 0x000001c4c7507300, 0x000001c4c75054a0, 0x000001c4c7507810,
0x000001c4c7508c50, 0x000001c4c7502c20, 0x000001c4c7503130, 0x000001c4c7bc8e20,
0x000001c4c7d9ef30, 0x000001c4c7d9e510, 0x000001c4c7d9c6b0, 0x000001c4c7d99920,
0x000001c4c7d9e000, 0x000001c4c7d9a340, 0x000001c4c7d9c1a0, 0x000001c4c7d9a850,
0x000001c4c7da0d90, 0x000001c4c7d9f440, 0x000001c4c7da12a0, 0x000001c4c7d9cbc0,
0x000001c4c7da0880, 0x000001c4c7d9d0d0, 0x000001c4c7d9d5e0
}

Java Threads: ( => current thread )
  0x000001c4838766c0 JavaThread "main" [_thread_blocked, id=12836, stack(0x0000009710600000,0x0000009710700000)]
  0x000001c4a3397c00 JavaThread "Reference Handler" daemon [_thread_blocked, id=12188, stack(0x0000009710d00000,0x0000009710e00000)]
  0x000001c4a3398a80 JavaThread "Finalizer" daemon [_thread_blocked, id=24564, stack(0x0000009710e00000,0x0000009710f00000)]
  0x000001c4a33ad0d0 JavaThread "Signal Dispatcher" daemon [_thread_blocked, id=8920, stack(0x0000009710f00000,0x0000009711000000)]
  0x000001c4a33aec10 JavaThread "Attach Listener" daemon [_thread_blocked, id=17748, stack(0x0000009711000000,0x0000009711100000)]
  0x000001c4a33af7d0 JavaThread "Service Thread" daemon [_thread_blocked, id=11704, stack(0x0000009711100000,0x0000009711200000)]
  0x000001c4a33b21a0 JavaThread "Monitor Deflation Thread" daemon [_thread_blocked, id=19756, stack(0x0000009711200000,0x0000009711300000)]
=>0x000001c4a33b2f40 JavaThread "C2 CompilerThread0" daemon [_thread_in_native, id=19056, stack(0x0000009711300000,0x0000009711400000)]
  0x000001c4a33b6a10 JavaThread "C1 CompilerThread0" daemon [_thread_blocked, id=13468, stack(0x0000009711400000,0x0000009711500000)]
  0x000001c4a354cf80 JavaThread "Sweeper thread" daemon [_thread_blocked, id=14192, stack(0x0000009711500000,0x0000009711600000)]
  0x000001c4a3381e00 JavaThread "Common-Cleaner" daemon [_thread_blocked, id=8456, stack(0x0000009711600000,0x0000009711700000)]
  0x000001c4a36b7a30 JavaThread "Notification Thread" daemon [_thread_blocked, id=4092, stack(0x0000009711700000,0x0000009711800000)]
  0x000001c4c48ae1c0 JavaThread "Daemon health stats" [_thread_blocked, id=13556, stack(0x0000009711d00000,0x0000009711e00000)]
  0x000001c4c3b0af70 JavaThread "Incoming local TCP Connector on port 52596" [_thread_in_native, id=18156, stack(0x0000009711900000,0x0000009711a00000)]
  0x000001c4c3b804c0 JavaThread "Daemon periodic checks" [_thread_blocked, id=21044, stack(0x0000009711f00000,0x0000009712000000)]
  0x000001c4c466bc80 JavaThread "Cache worker for journal cache (C:\Users\Hai\.gradle\caches\journal-1)" [_thread_blocked, id=10324, stack(0x0000009712600000,0x0000009712700000)]
  0x000001c4c466a840 JavaThread "File lock request listener" [_thread_in_native, id=22200, stack(0x0000009712700000,0x0000009712800000)]
  0x000001c4c466b260 JavaThread "Cache worker for file hash cache (C:\Users\Hai\.gradle\caches\8.6\fileHashes)" [_thread_blocked, id=16136, stack(0x0000009712800000,0x0000009712900000)]
  0x000001c4c466b770 JavaThread "File watcher server" daemon [_thread_in_native, id=18828, stack(0x0000009712900000,0x0000009712a00000)]
  0x000001c4c466c190 JavaThread "File watcher consumer" daemon [_thread_blocked, id=18576, stack(0x0000009712a00000,0x0000009712b00000)]
  0x000001c4c4b9c2f0 JavaThread "Cache worker for file content cache (C:\Users\Hai\.gradle\caches\8.6\fileContent)" [_thread_blocked, id=22012, stack(0x0000009713000000,0x0000009713100000)]
  0x000001c4c4b9f590 JavaThread "jar transforms" [_thread_blocked, id=23268, stack(0x0000009713200000,0x0000009713300000)]
  0x000001c4c4b9faa0 JavaThread "jar transforms Thread 2" [_thread_blocked, id=11700, stack(0x0000009713300000,0x0000009713400000)]
  0x000001c4c4ba0ee0 JavaThread "jar transforms Thread 3" [_thread_blocked, id=21580, stack(0x0000009713400000,0x0000009713500000)]
  0x000001c4c4b9d730 JavaThread "jar transforms Thread 4" [_thread_blocked, id=7816, stack(0x0000009713500000,0x0000009713600000)]
  0x000001c4c4b9bde0 JavaThread "Memory manager" [_thread_blocked, id=23956, stack(0x0000009710500000,0x0000009710600000)]
  0x000001c4c4ba13f0 JavaThread "Daemon Thread 2" [_thread_blocked, id=5940, stack(0x0000009710400000,0x0000009710500000)]
  0x000001c4c4b9dc40 JavaThread "Daemon Thread 3" [_thread_blocked, id=18328, stack(0x0000009711e00000,0x0000009711f00000)]
  0x000001c4c4ba04c0 JavaThread "Handler for socket connection from /127.0.0.1:52596 to /127.0.0.1:53689" [_thread_in_native, id=21724, stack(0x0000009712000000,0x0000009712100000)]
  0x000001c4c4b9eb70 JavaThread "Cancel handler" [_thread_blocked, id=22640, stack(0x0000009712200000,0x0000009712300000)]
  0x000001c4c4ba09d0 JavaThread "Daemon worker Thread 2" [_thread_blocked, id=7392, stack(0x0000009712400000,0x0000009712500000)]
  0x000001c4c4b9cd10 JavaThread "Asynchronous log dispatcher for DefaultDaemonConnection: socket connection from /127.0.0.1:52596 to /127.0.0.1:53689" [_thread_blocked, id=14608, stack(0x0000009712100000,0x0000009712200000)]
  0x000001c4c4b9e660 JavaThread "Stdin handler" [_thread_blocked, id=15676, stack(0x0000009712300000,0x0000009712400000)]
  0x000001c4c4b9f080 JavaThread "Daemon client event forwarder" [_thread_blocked, id=15476, stack(0x0000009712500000,0x0000009712600000)]
  0x000001c4c4b9ffb0 JavaThread "Cache worker for checksums cache (C:\Users\Hai\Music\RN_notepad\android\.gradle\8.6\checksums)" [_thread_blocked, id=15964, stack(0x0000009712b00000,0x0000009712c00000)]
  0x000001c4c4ba1900 JavaThread "Cache worker for file hash cache (C:\Users\Hai\Music\RN_notepad\android\.gradle\8.6\fileHashes)" [_thread_blocked, id=23672, stack(0x0000009712c00000,0x0000009712d00000)]
  0x000001c4c4ba1e10 JavaThread "Cache worker for cache directory md-supplier (C:\Users\Hai\.gradle\caches\8.6\md-supplier)" [_thread_blocked, id=17048, stack(0x0000009712d00000,0x0000009712e00000)]
  0x000001c4c4b9a9a0 JavaThread "Cache worker for cache directory md-rule (C:\Users\Hai\.gradle\caches\8.6\md-rule)" [_thread_blocked, id=15176, stack(0x0000009712e00000,0x0000009712f00000)]
  0x000001c4c4ba2320 JavaThread "Exec process Thread 4" [_thread_blocked, id=22660, stack(0x0000009712f00000,0x0000009713000000)]
  0x000001c4c4b9aeb0 JavaThread "Exec process Thread 5" [_thread_blocked, id=4264, stack(0x0000009713100000,0x0000009713200000)]
  0x000001c4c4b9b3c0 JavaThread "Exec process Thread 6" [_thread_blocked, id=12744, stack(0x0000009713600000,0x0000009713700000)]
  0x000001c4c7bccff0 JavaThread "File lock release action executor Thread 2" [_thread_blocked, id=23708, stack(0x0000009713700000,0x0000009713800000)]
  0x000001c4c7bcbbb0 JavaThread "Unconstrained build operations" [_thread_blocked, id=19508, stack(0x0000009713800000,0x0000009713900000)]
  0x000001c4c7bcc0c0 JavaThread "Unconstrained build operations Thread 2" [_thread_blocked, id=23844, stack(0x0000009713900000,0x0000009713a00000)]
  0x000001c4c7bc9d50 JavaThread "Cache worker for Build Output Cleanup Cache (C:\Users\Hai\Music\RN_notepad\node_modules\@react-native\gradle-plugin\.gradle\buildOutputCleanup)" [_thread_blocked, id=11808, stack(0x0000009713a00000,0x0000009713b00000)]
  0x000001c4c7bcda10 JavaThread "Unconstrained build operations Thread 3" [_thread_blocked, id=15264, stack(0x0000009713b00000,0x0000009713c00000)]
  0x000001c4c7bcb190 JavaThread "Unconstrained build operations Thread 4" [_thread_blocked, id=14748, stack(0x0000009713c00000,0x0000009713d00000)]
  0x000001c4c7bc8910 JavaThread "Unconstrained build operations Thread 5" [_thread_blocked, id=17112, stack(0x0000009713d00000,0x0000009713e00000)]
  0x000001c4c7bcdf20 JavaThread "build event listener" [_thread_blocked, id=19352, stack(0x0000009713e00000,0x0000009713f00000)]
  0x000001c4c7bce430 JavaThread "Cache worker for Build Output Cleanup Cache (C:\Users\Hai\Music\RN_notepad\android\.gradle\buildOutputCleanup)" [_thread_blocked, id=17460, stack(0x0000009713f00000,0x0000009714000000)]
  0x000001c4c7bc9330 JavaThread "ForkJoinPool.commonPool-worker-4" daemon [_thread_blocked, id=9760, stack(0x0000009714000000,0x0000009714100000)]
  0x000001c4c7bce940 JavaThread "ForkJoinPool.commonPool-worker-5" daemon [_thread_blocked, id=23764, stack(0x0000009714100000,0x0000009714200000)]
  0x000001c4c7bc7ef0 JavaThread "ForkJoinPool.commonPool-worker-6" daemon [_thread_blocked, id=24388, stack(0x0000009714200000,0x0000009714300000)]
  0x000001c4c7bc9840 JavaThread "included builds" [_thread_blocked, id=20576, stack(0x0000009714300000,0x0000009714400000)]
  0x000001c4c4668ef0 JavaThread "Execution worker" [_thread_blocked, id=2888, stack(0x0000009714400000,0x0000009714500000)]
  0x000001c4c46689e0 JavaThread "Execution worker Thread 2" [_thread_in_vm, id=7640, stack(0x0000009714500000,0x0000009714600000)]
  0x000001c4c466ad50 JavaThread "Execution worker Thread 3" [_thread_blocked, id=23344, stack(0x0000009714600000,0x0000009714700000)]
  0x000001c4c4669400 JavaThread "Cache worker for execution history cache (C:\Users\Hai\Music\RN_notepad\node_modules\@react-native\gradle-plugin\.gradle\8.6\executionHistory)" [_thread_blocked, id=1772, stack(0x0000009714700000,0x0000009714800000)]
  0x000001c4c4669910 JavaThread "Unconstrained build operations Thread 6" [_thread_blocked, id=3016, stack(0x0000009714800000,0x0000009714900000)]
  0x000001c4c4669e20 JavaThread "Unconstrained build operations Thread 7" [_thread_blocked, id=11448, stack(0x0000009714900000,0x0000009714a00000)]
  0x000001c4c7ce6760 JavaThread "Unconstrained build operations Thread 8" [_thread_blocked, id=14480, stack(0x0000009714a00000,0x0000009714b00000)]
  0x000001c4c7ce8fe0 JavaThread "Unconstrained build operations Thread 9" [_thread_blocked, id=15332, stack(0x0000009714b00000,0x0000009714c00000)]
  0x000001c4c7ce7ba0 JavaThread "Unconstrained build operations Thread 10" [_thread_blocked, id=22768, stack(0x0000009714c00000,0x0000009714d00000)]
  0x000001c4c7ce8ad0 JavaThread "Unconstrained build operations Thread 11" [_thread_blocked, id=19088, stack(0x0000009714d00000,0x0000009714e00000)]
  0x000001c4c7ce94f0 JavaThread "Unconstrained build operations Thread 12" [_thread_blocked, id=14188, stack(0x0000009714e00000,0x0000009714f00000)]
  0x000001c4c75017e0 JavaThread "Unconstrained build operations Thread 13" [_thread_blocked, id=15728, stack(0x0000009714f00000,0x0000009715000000)]
  0x000001c4c75059b0 JavaThread "build event listener" [_thread_blocked, id=24024, stack(0x0000009715000000,0x0000009715100000)]
  0x000001c4c75063d0 JavaThread "Unconstrained build operations Thread 14" [_thread_blocked, id=14744, stack(0x0000009715100000,0x0000009715200000)]
  0x000001c4c7503b50 JavaThread "Unconstrained build operations Thread 15" [_thread_blocked, id=1276, stack(0x0000009715200000,0x0000009715300000)]
  0x000001c4c7501cf0 JavaThread "Unconstrained build operations Thread 16" [_thread_blocked, id=23808, stack(0x0000009715300000,0x0000009715400000)]
  0x000001c4c7504570 JavaThread "Unconstrained build operations Thread 17" [_thread_blocked, id=9792, stack(0x0000009715400000,0x0000009715500000)]
  0x000001c4c7506df0 JavaThread "Unconstrained build operations Thread 18" [_thread_blocked, id=2848, stack(0x0000009715500000,0x0000009715600000)]
  0x000001c4c7507d20 JavaThread "Unconstrained build operations Thread 19" [_thread_blocked, id=15836, stack(0x0000009715600000,0x0000009715700000)]
  0x000001c4c7507300 JavaThread "Unconstrained build operations Thread 20" [_thread_blocked, id=21644, stack(0x0000009715700000,0x0000009715800000)]
  0x000001c4c75054a0 JavaThread "Unconstrained build operations Thread 21" [_thread_blocked, id=10096, stack(0x0000009715800000,0x0000009715900000)]
  0x000001c4c7507810 JavaThread "Unconstrained build operations Thread 22" [_thread_blocked, id=8572, stack(0x0000009715900000,0x0000009715a00000)]
  0x000001c4c7508c50 JavaThread "Unconstrained build operations Thread 23" [_thread_blocked, id=12852, stack(0x0000009715a00000,0x0000009715b00000)]
  0x000001c4c7502c20 JavaThread "Unconstrained build operations Thread 24" [_thread_blocked, id=17240, stack(0x0000009715b00000,0x0000009715c00000)]
  0x000001c4c7503130 JavaThread "Unconstrained build operations Thread 25" [_thread_blocked, id=2844, stack(0x0000009715c00000,0x0000009715d00000)]
  0x000001c4c7bc8e20 JavaThread "Cache worker for execution history cache (C:\Users\Hai\Music\RN_notepad\android\.gradle\8.6\executionHistory)" [_thread_blocked, id=2280, stack(0x0000009715d00000,0x0000009715e00000)]
  0x000001c4c7d9ef30 JavaThread "Unconstrained build operations Thread 26" [_thread_blocked, id=12720, stack(0x0000009715e00000,0x0000009715f00000)]
  0x000001c4c7d9e510 JavaThread "Unconstrained build operations Thread 27" [_thread_blocked, id=21572, stack(0x0000009715f00000,0x0000009716000000)]
  0x000001c4c7d9c6b0 JavaThread "Unconstrained build operations Thread 28" [_thread_blocked, id=23772, stack(0x0000009716000000,0x0000009716100000)]
  0x000001c4c7d99920 JavaThread "Unconstrained build operations Thread 29" [_thread_blocked, id=10040, stack(0x0000009716100000,0x0000009716200000)]
  0x000001c4c7d9e000 JavaThread "Unconstrained build operations Thread 30" [_thread_blocked, id=15488, stack(0x0000009716200000,0x0000009716300000)]
  0x000001c4c7d9a340 JavaThread "Unconstrained build operations Thread 31" [_thread_blocked, id=23832, stack(0x0000009716300000,0x0000009716400000)]
  0x000001c4c7d9c1a0 JavaThread "Unconstrained build operations Thread 32" [_thread_blocked, id=15928, stack(0x0000009716400000,0x0000009716500000)]
  0x000001c4c7d9a850 JavaThread "Unconstrained build operations Thread 33" [_thread_blocked, id=21612, stack(0x0000009716500000,0x0000009716600000)]
  0x000001c4c7da0d90 JavaThread "Unconstrained build operations Thread 34" [_thread_blocked, id=18240, stack(0x0000009716600000,0x0000009716700000)]
  0x000001c4c7d9f440 JavaThread "Unconstrained build operations Thread 35" [_thread_blocked, id=20464, stack(0x0000009716700000,0x0000009716800000)]
  0x000001c4c7da12a0 JavaThread "Unconstrained build operations Thread 36" [_thread_blocked, id=14296, stack(0x0000009716800000,0x0000009716900000)]
  0x000001c4c7d9cbc0 JavaThread "Unconstrained build operations Thread 37" [_thread_blocked, id=6700, stack(0x0000009716900000,0x0000009716a00000)]
  0x000001c4c7da0880 JavaThread "Unconstrained build operations Thread 38" [_thread_blocked, id=23600, stack(0x0000009716a00000,0x0000009716b00000)]
  0x000001c4c7d9d0d0 JavaThread "Unconstrained build operations Thread 39" [_thread_blocked, id=22160, stack(0x0000009716b00000,0x0000009716c00000)]
  0x000001c4c7d9d5e0 JavaThread "Unconstrained build operations Thread 40" [_thread_blocked, id=23944, stack(0x0000009716c00000,0x0000009716d00000)]

Other Threads:
  0x000001c4a3391c90 VMThread "VM Thread" [stack: 0x0000009710c00000,0x0000009710d00000] [id=23728]
  0x000001c4a365f440 WatcherThread [stack: 0x0000009711800000,0x0000009711900000] [id=4572]
  0x000001c4838d0a80 GCTaskThread "GC Thread#0" [stack: 0x0000009710700000,0x0000009710800000] [id=19824]
  0x000001c4a3764740 GCTaskThread "GC Thread#1" [stack: 0x0000009711a00000,0x0000009711b00000] [id=17028]
  0x000001c4c306bda0 GCTaskThread "GC Thread#2" [stack: 0x0000009711b00000,0x0000009711c00000] [id=10024]
  0x000001c4c38f54f0 GCTaskThread "GC Thread#3" [stack: 0x0000009711c00000,0x0000009711d00000] [id=21776]
  0x000001c4838e19d0 ConcurrentGCThread "G1 Main Marker" [stack: 0x0000009710800000,0x0000009710900000] [id=1884]
  0x000001c4838e23f0 ConcurrentGCThread "G1 Conc#0" [stack: 0x0000009710900000,0x0000009710a00000] [id=7088]
  0x000001c48391cff0 ConcurrentGCThread "G1 Refine#0" [stack: 0x0000009710a00000,0x0000009710b00000] [id=16988]
  0x000001c48391da20 ConcurrentGCThread "G1 Service" [stack: 0x0000009710b00000,0x0000009710c00000] [id=21400]

Threads with active compile tasks:
C2 CompilerThread0  1161763 17247       4       org.gradle.internal.logging.sink.OutputEventRenderer$LazyListener::onOutput (95 bytes)

VM state: not at safepoint (normal execution)

VM Mutex/Monitor currently owned by a thread: None

Heap address: 0x0000000080000000, size: 2048 MB, Compressed Oops mode: 32-bit

CDS archive(s) mapped at: [0x000001c4a4000000-0x000001c4a4bb0000-0x000001c4a4bb0000), size 12255232, SharedBaseAddress: 0x000001c4a4000000, ArchiveRelocationMode: 1.
Compressed class space mapped at: 0x000001c4a5000000-0x000001c4bf000000, reserved size: 436207616
Narrow klass base: 0x000001c4a4000000, Narrow klass shift: 0, Narrow klass range: 0x100000000

GC Precious Log:
 CPUs: 4 total, 4 available
 Memory: 8087M
 Large Page Support: Disabled
 NUMA Support: Disabled
 Compressed Oops: Enabled (32-bit)
 Heap Region Size: 1M
 Heap Min Capacity: 8M
 Heap Initial Capacity: 128M
 Heap Max Capacity: 2G
 Pre-touch: Disabled
 Parallel Workers: 4
 Concurrent Workers: 1
 Concurrent Refinement Workers: 4
 Periodic GC: Disabled

Heap:
 garbage-first heap   total 254976K, used 210330K [0x0000000080000000, 0x0000000100000000)
  region size 1024K, 35 young (35840K), 4 survivors (4096K)
 Metaspace       used 106050K, committed 107136K, reserved 557056K
  class space    used 14679K, committed 15232K, reserved 425984K

Heap Regions: E=young(eden), S=young(survivor), O=old, HS=humongous(starts), HC=humongous(continues), CS=collection set, F=free, OA=open archive, CA=closed archive, TAMS=top-at-mark-start (previous, next)
|   0|0x0000000080000000, 0x0000000080100000, 0x0000000080100000|100%| O|  |TAMS 0x0000000080100000, 0x0000000080000000| Untracked 
|   1|0x0000000080100000, 0x0000000080200000, 0x0000000080200000|100%| O|  |TAMS 0x0000000080200000, 0x0000000080100000| Untracked 
|   2|0x0000000080200000, 0x0000000080300000, 0x0000000080300000|100%|HS|  |TAMS 0x0000000080300000, 0x0000000080200000| Complete 
|   3|0x0000000080300000, 0x0000000080400000, 0x0000000080400000|100%|HC|  |TAMS 0x0000000080400000, 0x0000000080300000| Complete 
|   4|0x0000000080400000, 0x0000000080500000, 0x0000000080500000|100%|HC|  |TAMS 0x0000000080500000, 0x0000000080400000| Complete 
|   5|0x0000000080500000, 0x0000000080600000, 0x0000000080600000|100%|HC|  |TAMS 0x0000000080600000, 0x0000000080500000| Complete 
|   6|0x0000000080600000, 0x0000000080700000, 0x0000000080700000|100%| O|  |TAMS 0x0000000080700000, 0x0000000080600000| Untracked 
|   7|0x0000000080700000, 0x0000000080800000, 0x0000000080800000|100%| O|  |TAMS 0x0000000080800000, 0x0000000080700000| Untracked 
|   8|0x0000000080800000, 0x0000000080900000, 0x0000000080900000|100%| O|  |TAMS 0x0000000080900000, 0x0000000080800000| Untracked 
|   9|0x0000000080900000, 0x0000000080a00000, 0x0000000080a00000|100%| O|  |TAMS 0x0000000080a00000, 0x0000000080900000| Untracked 
|  10|0x0000000080a00000, 0x0000000080b00000, 0x0000000080b00000|100%| O|  |TAMS 0x0000000080b00000, 0x0000000080a00000| Untracked 
|  11|0x0000000080b00000, 0x0000000080c00000, 0x0000000080c00000|100%| O|  |TAMS 0x0000000080c00000, 0x0000000080b00000| Untracked 
|  12|0x0000000080c00000, 0x0000000080d00000, 0x0000000080d00000|100%| O|  |TAMS 0x0000000080d00000, 0x0000000080c00000| Untracked 
|  13|0x0000000080d00000, 0x0000000080e00000, 0x0000000080e00000|100%| O|  |TAMS 0x0000000080e00000, 0x0000000080d00000| Untracked 
|  14|0x0000000080e00000, 0x0000000080f00000, 0x0000000080f00000|100%| O|  |TAMS 0x0000000080f00000, 0x0000000080e00000| Untracked 
|  15|0x0000000080f00000, 0x0000000081000000, 0x0000000081000000|100%| O|  |TAMS 0x0000000081000000, 0x0000000080f00000| Untracked 
|  16|0x0000000081000000, 0x0000000081100000, 0x0000000081100000|100%| O|  |TAMS 0x0000000081100000, 0x0000000081000000| Untracked 
|  17|0x0000000081100000, 0x0000000081200000, 0x0000000081200000|100%| O|  |TAMS 0x0000000081200000, 0x0000000081100000| Untracked 
|  18|0x0000000081200000, 0x0000000081300000, 0x0000000081300000|100%| O|  |TAMS 0x0000000081300000, 0x0000000081200000| Untracked 
|  19|0x0000000081300000, 0x0000000081400000, 0x0000000081400000|100%| O|  |TAMS 0x0000000081400000, 0x0000000081300000| Untracked 
|  20|0x0000000081400000, 0x0000000081500000, 0x0000000081500000|100%| O|  |TAMS 0x0000000081500000, 0x0000000081400000| Untracked 
|  21|0x0000000081500000, 0x0000000081600000, 0x0000000081600000|100%| O|  |TAMS 0x0000000081600000, 0x0000000081500000| Untracked 
|  22|0x0000000081600000, 0x0000000081700000, 0x0000000081700000|100%| O|  |TAMS 0x0000000081700000, 0x0000000081600000| Untracked 
|  23|0x0000000081700000, 0x0000000081800000, 0x0000000081800000|100%| O|  |TAMS 0x0000000081800000, 0x0000000081700000| Untracked 
|  24|0x0000000081800000, 0x0000000081900000, 0x0000000081900000|100%| O|  |TAMS 0x0000000081900000, 0x0000000081800000| Untracked 
|  25|0x0000000081900000, 0x0000000081a00000, 0x0000000081a00000|100%| O|  |TAMS 0x0000000081a00000, 0x0000000081900000| Untracked 
|  26|0x0000000081a00000, 0x0000000081b00000, 0x0000000081b00000|100%| O|  |TAMS 0x0000000081b00000, 0x0000000081a00000| Untracked 
|  27|0x0000000081b00000, 0x0000000081c00000, 0x0000000081c00000|100%| O|  |TAMS 0x0000000081c00000, 0x0000000081b00000| Untracked 
|  28|0x0000000081c00000, 0x0000000081d00000, 0x0000000081d00000|100%| O|  |TAMS 0x0000000081d00000, 0x0000000081c00000| Untracked 
|  29|0x0000000081d00000, 0x0000000081e00000, 0x0000000081e00000|100%| O|  |TAMS 0x0000000081e00000, 0x0000000081d00000| Untracked 
|  30|0x0000000081e00000, 0x0000000081f00000, 0x0000000081f00000|100%| O|  |TAMS 0x0000000081f00000, 0x0000000081e00000| Untracked 
|  31|0x0000000081f00000, 0x0000000082000000, 0x0000000082000000|100%| O|  |TAMS 0x0000000082000000, 0x0000000081f00000| Untracked 
|  32|0x0000000082000000, 0x0000000082100000, 0x0000000082100000|100%| O|  |TAMS 0x0000000082100000, 0x0000000082000000| Untracked 
|  33|0x0000000082100000, 0x0000000082200000, 0x0000000082200000|100%| O|  |TAMS 0x0000000082200000, 0x0000000082100000| Untracked 
|  34|0x0000000082200000, 0x0000000082300000, 0x0000000082300000|100%| O|  |TAMS 0x0000000082300000, 0x0000000082200000| Untracked 
|  35|0x0000000082300000, 0x0000000082400000, 0x0000000082400000|100%| O|  |TAMS 0x0000000082400000, 0x0000000082300000| Untracked 
|  36|0x0000000082400000, 0x0000000082500000, 0x0000000082500000|100%|HS|  |TAMS 0x0000000082500000, 0x0000000082400000| Complete 
|  37|0x0000000082500000, 0x0000000082600000, 0x0000000082600000|100%|HC|  |TAMS 0x0000000082600000, 0x0000000082500000| Complete 
|  38|0x0000000082600000, 0x0000000082700000, 0x0000000082700000|100%| O|  |TAMS 0x0000000082700000, 0x0000000082600000| Untracked 
|  39|0x0000000082700000, 0x0000000082800000, 0x0000000082800000|100%|HS|  |TAMS 0x0000000082800000, 0x0000000082700000| Complete 
|  40|0x0000000082800000, 0x0000000082900000, 0x0000000082900000|100%|HC|  |TAMS 0x0000000082900000, 0x0000000082800000| Complete 
|  41|0x0000000082900000, 0x0000000082a00000, 0x0000000082a00000|100%| O|  |TAMS 0x0000000082900000, 0x0000000082900000| Untracked 
|  42|0x0000000082a00000, 0x0000000082b00000, 0x0000000082b00000|100%| O|  |TAMS 0x0000000082a00000, 0x0000000082a00000| Untracked 
|  43|0x0000000082b00000, 0x0000000082c00000, 0x0000000082c00000|100%| O|  |TAMS 0x0000000082c00000, 0x0000000082b00000| Untracked 
|  44|0x0000000082c00000, 0x0000000082d00000, 0x0000000082d00000|100%|HS|  |TAMS 0x0000000082d00000, 0x0000000082c00000| Complete 
|  45|0x0000000082d00000, 0x0000000082e00000, 0x0000000082e00000|100%|HC|  |TAMS 0x0000000082e00000, 0x0000000082d00000| Complete 
|  46|0x0000000082e00000, 0x0000000082f00000, 0x0000000082f00000|100%|HC|  |TAMS 0x0000000082f00000, 0x0000000082e00000| Complete 
|  47|0x0000000082f00000, 0x0000000083000000, 0x0000000083000000|100%|HC|  |TAMS 0x0000000083000000, 0x0000000082f00000| Complete 
|  48|0x0000000083000000, 0x0000000083100000, 0x0000000083100000|100%|HS|  |TAMS 0x0000000083100000, 0x0000000083000000| Complete 
|  49|0x0000000083100000, 0x0000000083200000, 0x0000000083200000|100%|HC|  |TAMS 0x0000000083200000, 0x0000000083100000| Complete 
|  50|0x0000000083200000, 0x0000000083300000, 0x0000000083300000|100%|HC|  |TAMS 0x0000000083300000, 0x0000000083200000| Complete 
|  51|0x0000000083300000, 0x0000000083400000, 0x0000000083400000|100%|HC|  |TAMS 0x0000000083400000, 0x0000000083300000| Complete 
|  52|0x0000000083400000, 0x0000000083500000, 0x0000000083500000|100%| O|  |TAMS 0x0000000083500000, 0x0000000083400000| Untracked 
|  53|0x0000000083500000, 0x0000000083600000, 0x0000000083600000|100%| O|  |TAMS 0x0000000083600000, 0x0000000083500000| Untracked 
|  54|0x0000000083600000, 0x0000000083700000, 0x0000000083700000|100%| O|  |TAMS 0x0000000083700000, 0x0000000083600000| Untracked 
|  55|0x0000000083700000, 0x0000000083800000, 0x0000000083800000|100%| O|  |TAMS 0x0000000083800000, 0x0000000083700000| Untracked 
|  56|0x0000000083800000, 0x0000000083900000, 0x0000000083900000|100%| O|  |TAMS 0x0000000083900000, 0x0000000083800000| Untracked 
|  57|0x0000000083900000, 0x0000000083a00000, 0x0000000083a00000|100%| O|  |TAMS 0x0000000083a00000, 0x0000000083900000| Untracked 
|  58|0x0000000083a00000, 0x0000000083b00000, 0x0000000083b00000|100%| O|  |TAMS 0x0000000083b00000, 0x0000000083a00000| Untracked 
|  59|0x0000000083b00000, 0x0000000083c00000, 0x0000000083c00000|100%| O|  |TAMS 0x0000000083c00000, 0x0000000083b00000| Untracked 
|  60|0x0000000083c00000, 0x0000000083d00000, 0x0000000083d00000|100%| O|  |TAMS 0x0000000083d00000, 0x0000000083c00000| Untracked 
|  61|0x0000000083d00000, 0x0000000083e00000, 0x0000000083e00000|100%| O|  |TAMS 0x0000000083e00000, 0x0000000083d00000| Untracked 
|  62|0x0000000083e00000, 0x0000000083f00000, 0x0000000083f00000|100%| O|  |TAMS 0x0000000083f00000, 0x0000000083e00000| Untracked 
|  63|0x0000000083f00000, 0x0000000084000000, 0x0000000084000000|100%| O|  |TAMS 0x0000000084000000, 0x0000000083f00000| Untracked 
|  64|0x0000000084000000, 0x0000000084100000, 0x0000000084100000|100%| O|  |TAMS 0x0000000084100000, 0x0000000084000000| Untracked 
|  65|0x0000000084100000, 0x0000000084200000, 0x0000000084200000|100%| O|  |TAMS 0x0000000084200000, 0x0000000084100000| Untracked 
|  66|0x0000000084200000, 0x0000000084300000, 0x0000000084300000|100%| O|  |TAMS 0x0000000084300000, 0x0000000084200000| Untracked 
|  67|0x0000000084300000, 0x0000000084400000, 0x0000000084400000|100%| O|  |TAMS 0x0000000084400000, 0x0000000084300000| Untracked 
|  68|0x0000000084400000, 0x0000000084500000, 0x0000000084500000|100%| O|  |TAMS 0x0000000084500000, 0x0000000084400000| Untracked 
|  69|0x0000000084500000, 0x0000000084600000, 0x0000000084600000|100%| O|  |TAMS 0x0000000084600000, 0x0000000084500000| Untracked 
|  70|0x0000000084600000, 0x0000000084700000, 0x0000000084700000|100%| O|  |TAMS 0x0000000084700000, 0x0000000084600000| Untracked 
|  71|0x0000000084700000, 0x0000000084800000, 0x0000000084800000|100%|HS|  |TAMS 0x0000000084800000, 0x0000000084700000| Complete 
|  72|0x0000000084800000, 0x0000000084900000, 0x0000000084900000|100%|HS|  |TAMS 0x0000000084900000, 0x0000000084800000| Complete 
|  73|0x0000000084900000, 0x0000000084a00000, 0x0000000084a00000|100%|HS|  |TAMS 0x0000000084a00000, 0x0000000084900000| Complete 
|  74|0x0000000084a00000, 0x0000000084b00000, 0x0000000084b00000|100%| O|  |TAMS 0x0000000084b00000, 0x0000000084a00000| Untracked 
|  75|0x0000000084b00000, 0x0000000084c00000, 0x0000000084c00000|100%|HS|  |TAMS 0x0000000084c00000, 0x0000000084b00000| Complete 
|  76|0x0000000084c00000, 0x0000000084d00000, 0x0000000084d00000|100%|HS|  |TAMS 0x0000000084d00000, 0x0000000084c00000| Complete 
|  77|0x0000000084d00000, 0x0000000084e00000, 0x0000000084e00000|100%| O|  |TAMS 0x0000000084e00000, 0x0000000084d00000| Untracked 
|  78|0x0000000084e00000, 0x0000000084f00000, 0x0000000084f00000|100%| O|  |TAMS 0x0000000084f00000, 0x0000000084e00000| Untracked 
|  79|0x0000000084f00000, 0x0000000085000000, 0x0000000085000000|100%| O|  |TAMS 0x0000000085000000, 0x0000000084f00000| Untracked 
|  80|0x0000000085000000, 0x0000000085100000, 0x0000000085100000|100%| O|  |TAMS 0x0000000085100000, 0x0000000085000000| Untracked 
|  81|0x0000000085100000, 0x0000000085200000, 0x0000000085200000|100%| O|  |TAMS 0x0000000085200000, 0x0000000085100000| Untracked 
|  82|0x0000000085200000, 0x0000000085300000, 0x0000000085300000|100%| O|  |TAMS 0x0000000085300000, 0x0000000085200000| Untracked 
|  83|0x0000000085300000, 0x0000000085400000, 0x0000000085400000|100%| O|  |TAMS 0x000000008532de00, 0x0000000085300000| Untracked 
|  84|0x0000000085400000, 0x0000000085500000, 0x0000000085500000|100%| O|  |TAMS 0x0000000085400000, 0x0000000085400000| Untracked 
|  85|0x0000000085500000, 0x0000000085600000, 0x0000000085600000|100%| O|  |TAMS 0x0000000085500000, 0x0000000085500000| Untracked 
|  86|0x0000000085600000, 0x0000000085700000, 0x0000000085700000|100%| O|  |TAMS 0x0000000085600000, 0x0000000085600000| Untracked 
|  87|0x0000000085700000, 0x0000000085800000, 0x0000000085800000|100%| O|  |TAMS 0x0000000085700000, 0x0000000085700000| Untracked 
|  88|0x0000000085800000, 0x0000000085900000, 0x0000000085900000|100%| O|  |TAMS 0x0000000085800000, 0x0000000085800000| Untracked 
|  89|0x0000000085900000, 0x0000000085a00000, 0x0000000085a00000|100%| O|  |TAMS 0x0000000085900000, 0x0000000085900000| Untracked 
|  90|0x0000000085a00000, 0x0000000085b00000, 0x0000000085b00000|100%| O|  |TAMS 0x0000000085a00000, 0x0000000085a00000| Untracked 
|  91|0x0000000085b00000, 0x0000000085c00000, 0x0000000085c00000|100%| O|  |TAMS 0x0000000085b00000, 0x0000000085b00000| Untracked 
|  92|0x0000000085c00000, 0x0000000085d00000, 0x0000000085d00000|100%|HS|  |TAMS 0x0000000085c00000, 0x0000000085c00000| Complete 
|  93|0x0000000085d00000, 0x0000000085e00000, 0x0000000085e00000|100%|HS|  |TAMS 0x0000000085d00000, 0x0000000085d00000| Complete 
|  94|0x0000000085e00000, 0x0000000085f00000, 0x0000000085f00000|100%|HS|  |TAMS 0x0000000085e00000, 0x0000000085e00000| Complete 
|  95|0x0000000085f00000, 0x0000000086000000, 0x0000000086000000|100%|HS|  |TAMS 0x0000000085f00000, 0x0000000085f00000| Complete 
|  96|0x0000000086000000, 0x0000000086100000, 0x0000000086100000|100%|HC|  |TAMS 0x0000000086000000, 0x0000000086000000| Complete 
|  97|0x0000000086100000, 0x0000000086200000, 0x0000000086200000|100%| O|  |TAMS 0x0000000086100000, 0x0000000086100000| Untracked 
|  98|0x0000000086200000, 0x0000000086300000, 0x0000000086300000|100%| O|  |TAMS 0x0000000086200000, 0x0000000086200000| Untracked 
|  99|0x0000000086300000, 0x0000000086400000, 0x0000000086400000|100%| O|  |TAMS 0x0000000086300000, 0x0000000086300000| Untracked 
| 100|0x0000000086400000, 0x0000000086500000, 0x0000000086500000|100%| O|  |TAMS 0x0000000086400000, 0x0000000086400000| Untracked 
| 101|0x0000000086500000, 0x0000000086600000, 0x0000000086600000|100%| O|  |TAMS 0x0000000086500000, 0x0000000086500000| Untracked 
| 102|0x0000000086600000, 0x0000000086700000, 0x0000000086700000|100%| O|  |TAMS 0x0000000086600000, 0x0000000086600000| Untracked 
| 103|0x0000000086700000, 0x0000000086800000, 0x0000000086800000|100%| O|  |TAMS 0x0000000086700000, 0x0000000086700000| Untracked 
| 104|0x0000000086800000, 0x0000000086900000, 0x0000000086900000|100%| O|  |TAMS 0x0000000086800000, 0x0000000086800000| Untracked 
| 105|0x0000000086900000, 0x0000000086a00000, 0x0000000086a00000|100%| O|  |TAMS 0x0000000086900000, 0x0000000086900000| Untracked 
| 106|0x0000000086a00000, 0x0000000086b00000, 0x0000000086b00000|100%| O|  |TAMS 0x0000000086a00000, 0x0000000086a00000| Untracked 
| 107|0x0000000086b00000, 0x0000000086c00000, 0x0000000086c00000|100%| O|  |TAMS 0x0000000086b00000, 0x0000000086b00000| Untracked 
| 108|0x0000000086c00000, 0x0000000086d00000, 0x0000000086d00000|100%| O|  |TAMS 0x0000000086c00000, 0x0000000086c00000| Untracked 
| 109|0x0000000086d00000, 0x0000000086e00000, 0x0000000086e00000|100%| O|  |TAMS 0x0000000086d00000, 0x0000000086d00000| Untracked 
| 110|0x0000000086e00000, 0x0000000086f00000, 0x0000000086f00000|100%| O|  |TAMS 0x0000000086e00000, 0x0000000086e00000| Untracked 
| 111|0x0000000086f00000, 0x0000000087000000, 0x0000000087000000|100%| O|  |TAMS 0x0000000086f00000, 0x0000000086f00000| Untracked 
| 112|0x0000000087000000, 0x0000000087100000, 0x0000000087100000|100%| O|  |TAMS 0x0000000087000000, 0x0000000087000000| Untracked 
| 113|0x0000000087100000, 0x0000000087200000, 0x0000000087200000|100%| O|  |TAMS 0x0000000087100000, 0x0000000087100000| Untracked 
| 114|0x0000000087200000, 0x0000000087300000, 0x0000000087300000|100%| O|  |TAMS 0x0000000087200000, 0x0000000087200000| Untracked 
| 115|0x0000000087300000, 0x0000000087400000, 0x0000000087400000|100%| O|  |TAMS 0x0000000087300000, 0x0000000087300000| Untracked 
| 116|0x0000000087400000, 0x0000000087500000, 0x0000000087500000|100%| O|  |TAMS 0x0000000087400000, 0x0000000087400000| Untracked 
| 117|0x0000000087500000, 0x0000000087600000, 0x0000000087600000|100%| O|  |TAMS 0x0000000087500000, 0x0000000087500000| Untracked 
| 118|0x0000000087600000, 0x0000000087700000, 0x0000000087700000|100%| O|  |TAMS 0x0000000087600000, 0x0000000087600000| Untracked 
| 119|0x0000000087700000, 0x0000000087800000, 0x0000000087800000|100%| O|  |TAMS 0x0000000087700000, 0x0000000087700000| Untracked 
| 120|0x0000000087800000, 0x0000000087900000, 0x0000000087900000|100%| O|  |TAMS 0x0000000087800000, 0x0000000087800000| Untracked 
| 121|0x0000000087900000, 0x0000000087a00000, 0x0000000087a00000|100%| O|  |TAMS 0x0000000087900000, 0x0000000087900000| Untracked 
| 122|0x0000000087a00000, 0x0000000087b00000, 0x0000000087b00000|100%| O|  |TAMS 0x0000000087a00000, 0x0000000087a00000| Untracked 
| 123|0x0000000087b00000, 0x0000000087c00000, 0x0000000087c00000|100%| O|  |TAMS 0x0000000087b00000, 0x0000000087b00000| Untracked 
| 124|0x0000000087c00000, 0x0000000087d00000, 0x0000000087d00000|100%| O|  |TAMS 0x0000000087c00000, 0x0000000087c00000| Untracked 
| 125|0x0000000087d00000, 0x0000000087e00000, 0x0000000087e00000|100%| O|  |TAMS 0x0000000087d00000, 0x0000000087d00000| Untracked 
| 126|0x0000000087e00000, 0x0000000087f00000, 0x0000000087f00000|100%| O|  |TAMS 0x0000000087e00000, 0x0000000087e00000| Untracked 
| 127|0x0000000087f00000, 0x0000000088000000, 0x0000000088000000|100%| O|  |TAMS 0x0000000087f00000, 0x0000000087f00000| Untracked 
| 128|0x0000000088000000, 0x0000000088100000, 0x0000000088100000|100%| O|  |TAMS 0x0000000088000000, 0x0000000088000000| Untracked 
| 129|0x0000000088100000, 0x0000000088200000, 0x0000000088200000|100%| O|  |TAMS 0x0000000088100000, 0x0000000088100000| Untracked 
| 130|0x0000000088200000, 0x0000000088300000, 0x0000000088300000|100%| O|  |TAMS 0x0000000088200000, 0x0000000088200000| Untracked 
| 131|0x0000000088300000, 0x0000000088400000, 0x0000000088400000|100%| O|  |TAMS 0x0000000088300000, 0x0000000088300000| Untracked 
| 132|0x0000000088400000, 0x0000000088500000, 0x0000000088500000|100%| O|  |TAMS 0x0000000088400000, 0x0000000088400000| Untracked 
| 133|0x0000000088500000, 0x0000000088600000, 0x0000000088600000|100%| O|  |TAMS 0x0000000088500000, 0x0000000088500000| Untracked 
| 134|0x0000000088600000, 0x0000000088700000, 0x0000000088700000|100%| O|  |TAMS 0x0000000088600000, 0x0000000088600000| Untracked 
| 135|0x0000000088700000, 0x0000000088800000, 0x0000000088800000|100%| O|  |TAMS 0x0000000088700000, 0x0000000088700000| Untracked 
| 136|0x0000000088800000, 0x0000000088900000, 0x0000000088900000|100%| O|  |TAMS 0x0000000088800000, 0x0000000088800000| Untracked 
| 137|0x0000000088900000, 0x0000000088a00000, 0x0000000088a00000|100%| O|  |TAMS 0x0000000088900000, 0x0000000088900000| Untracked 
| 138|0x0000000088a00000, 0x0000000088b00000, 0x0000000088b00000|100%| O|  |TAMS 0x0000000088a00000, 0x0000000088a00000| Untracked 
| 139|0x0000000088b00000, 0x0000000088c00000, 0x0000000088c00000|100%| O|  |TAMS 0x0000000088b00000, 0x0000000088b00000| Untracked 
| 140|0x0000000088c00000, 0x0000000088d00000, 0x0000000088d00000|100%| O|  |TAMS 0x0000000088c00000, 0x0000000088c00000| Untracked 
| 141|0x0000000088d00000, 0x0000000088e00000, 0x0000000088e00000|100%| O|  |TAMS 0x0000000088d00000, 0x0000000088d00000| Untracked 
| 142|0x0000000088e00000, 0x0000000088f00000, 0x0000000088f00000|100%| O|  |TAMS 0x0000000088e00000, 0x0000000088e00000| Untracked 
| 143|0x0000000088f00000, 0x0000000089000000, 0x0000000089000000|100%| O|  |TAMS 0x0000000088f00000, 0x0000000088f00000| Untracked 
| 144|0x0000000089000000, 0x0000000089100000, 0x0000000089100000|100%| O|  |TAMS 0x0000000089000000, 0x0000000089000000| Untracked 
| 145|0x0000000089100000, 0x0000000089200000, 0x0000000089200000|100%| O|  |TAMS 0x0000000089100000, 0x0000000089100000| Untracked 
| 146|0x0000000089200000, 0x0000000089300000, 0x0000000089300000|100%| O|  |TAMS 0x0000000089200000, 0x0000000089200000| Untracked 
| 147|0x0000000089300000, 0x0000000089400000, 0x0000000089400000|100%| O|  |TAMS 0x0000000089300000, 0x0000000089300000| Untracked 
| 148|0x0000000089400000, 0x0000000089500000, 0x0000000089500000|100%| O|  |TAMS 0x0000000089400000, 0x0000000089400000| Untracked 
| 149|0x0000000089500000, 0x0000000089600000, 0x0000000089600000|100%| O|  |TAMS 0x0000000089500000, 0x0000000089500000| Untracked 
| 150|0x0000000089600000, 0x0000000089700000, 0x0000000089700000|100%| O|  |TAMS 0x0000000089600000, 0x0000000089600000| Untracked 
| 151|0x0000000089700000, 0x0000000089800000, 0x0000000089800000|100%| O|  |TAMS 0x0000000089700000, 0x0000000089700000| Untracked 
| 152|0x0000000089800000, 0x0000000089900000, 0x0000000089900000|100%| O|  |TAMS 0x0000000089800000, 0x0000000089800000| Untracked 
| 153|0x0000000089900000, 0x0000000089a00000, 0x0000000089a00000|100%| O|  |TAMS 0x0000000089900000, 0x0000000089900000| Untracked 
| 154|0x0000000089a00000, 0x0000000089b00000, 0x0000000089b00000|100%| O|  |TAMS 0x0000000089a00000, 0x0000000089a00000| Untracked 
| 155|0x0000000089b00000, 0x0000000089c00000, 0x0000000089c00000|100%| O|  |TAMS 0x0000000089b00000, 0x0000000089b00000| Untracked 
| 156|0x0000000089c00000, 0x0000000089d00000, 0x0000000089d00000|100%| O|  |TAMS 0x0000000089c00000, 0x0000000089c00000| Untracked 
| 157|0x0000000089d00000, 0x0000000089e00000, 0x0000000089e00000|100%| O|  |TAMS 0x0000000089d00000, 0x0000000089d00000| Untracked 
| 158|0x0000000089e00000, 0x0000000089f00000, 0x0000000089f00000|100%| O|  |TAMS 0x0000000089e00000, 0x0000000089e00000| Untracked 
| 159|0x0000000089f00000, 0x000000008a000000, 0x000000008a000000|100%| O|  |TAMS 0x0000000089f00000, 0x0000000089f00000| Untracked 
| 160|0x000000008a000000, 0x000000008a100000, 0x000000008a100000|100%| O|  |TAMS 0x000000008a000000, 0x000000008a000000| Untracked 
| 161|0x000000008a100000, 0x000000008a200000, 0x000000008a200000|100%| O|  |TAMS 0x000000008a100000, 0x000000008a100000| Untracked 
| 162|0x000000008a200000, 0x000000008a300000, 0x000000008a300000|100%| O|  |TAMS 0x000000008a200000, 0x000000008a200000| Untracked 
| 163|0x000000008a300000, 0x000000008a400000, 0x000000008a400000|100%| O|  |TAMS 0x000000008a300000, 0x000000008a300000| Untracked 
| 164|0x000000008a400000, 0x000000008a500000, 0x000000008a500000|100%| O|  |TAMS 0x000000008a400000, 0x000000008a400000| Untracked 
| 165|0x000000008a500000, 0x000000008a600000, 0x000000008a600000|100%| O|  |TAMS 0x000000008a500000, 0x000000008a500000| Untracked 
| 166|0x000000008a600000, 0x000000008a700000, 0x000000008a700000|100%| O|  |TAMS 0x000000008a600000, 0x000000008a600000| Untracked 
| 167|0x000000008a700000, 0x000000008a800000, 0x000000008a800000|100%| O|  |TAMS 0x000000008a700000, 0x000000008a700000| Untracked 
| 168|0x000000008a800000, 0x000000008a900000, 0x000000008a900000|100%| O|  |TAMS 0x000000008a800000, 0x000000008a800000| Untracked 
| 169|0x000000008a900000, 0x000000008aa00000, 0x000000008aa00000|100%| O|  |TAMS 0x000000008a900000, 0x000000008a900000| Untracked 
| 170|0x000000008aa00000, 0x000000008ab00000, 0x000000008ab00000|100%| O|  |TAMS 0x000000008aa00000, 0x000000008aa00000| Untracked 
| 171|0x000000008ab00000, 0x000000008ac00000, 0x000000008ac00000|100%| O|  |TAMS 0x000000008ab00000, 0x000000008ab00000| Untracked 
| 172|0x000000008ac00000, 0x000000008acc6800, 0x000000008ad00000| 77%| O|  |TAMS 0x000000008ac00000, 0x000000008ac00000| Untracked 
| 173|0x000000008ad00000, 0x000000008ae00000, 0x000000008ae00000|100%|HS|  |TAMS 0x000000008ad00000, 0x000000008ad00000| Complete 
| 174|0x000000008ae00000, 0x000000008af00000, 0x000000008af00000|100%|HS|  |TAMS 0x000000008ae00000, 0x000000008ae00000| Complete 
| 175|0x000000008af00000, 0x000000008b000000, 0x000000008b000000|100%|HS|  |TAMS 0x000000008af00000, 0x000000008af00000| Complete 
| 176|0x000000008b000000, 0x000000008b000000, 0x000000008b100000|  0%| F|  |TAMS 0x000000008b000000, 0x000000008b000000| Untracked 
| 177|0x000000008b100000, 0x000000008b100000, 0x000000008b200000|  0%| F|  |TAMS 0x000000008b100000, 0x000000008b100000| Untracked 
| 178|0x000000008b200000, 0x000000008b200000, 0x000000008b300000|  0%| F|  |TAMS 0x000000008b200000, 0x000000008b200000| Untracked 
| 179|0x000000008b300000, 0x000000008b300000, 0x000000008b400000|  0%| F|  |TAMS 0x000000008b300000, 0x000000008b300000| Untracked 
| 180|0x000000008b400000, 0x000000008b400000, 0x000000008b500000|  0%| F|  |TAMS 0x000000008b400000, 0x000000008b400000| Untracked 
| 181|0x000000008b500000, 0x000000008b500000, 0x000000008b600000|  0%| F|  |TAMS 0x000000008b500000, 0x000000008b500000| Untracked 
| 182|0x000000008b600000, 0x000000008b600000, 0x000000008b700000|  0%| F|  |TAMS 0x000000008b600000, 0x000000008b600000| Untracked 
| 183|0x000000008b700000, 0x000000008b700000, 0x000000008b800000|  0%| F|  |TAMS 0x000000008b700000, 0x000000008b700000| Untracked 
| 184|0x000000008b800000, 0x000000008b800000, 0x000000008b900000|  0%| F|  |TAMS 0x000000008b800000, 0x000000008b800000| Untracked 
| 185|0x000000008b900000, 0x000000008b900000, 0x000000008ba00000|  0%| F|  |TAMS 0x000000008b900000, 0x000000008b900000| Untracked 
| 186|0x000000008ba00000, 0x000000008ba00000, 0x000000008bb00000|  0%| F|  |TAMS 0x000000008ba00000, 0x000000008ba00000| Untracked 
| 187|0x000000008bb00000, 0x000000008bb00000, 0x000000008bc00000|  0%| F|  |TAMS 0x000000008bb00000, 0x000000008bb00000| Untracked 
| 188|0x000000008bc00000, 0x000000008bc00000, 0x000000008bd00000|  0%| F|  |TAMS 0x000000008bc00000, 0x000000008bc00000| Untracked 
| 189|0x000000008bd00000, 0x000000008bd00000, 0x000000008be00000|  0%| F|  |TAMS 0x000000008bd00000, 0x000000008bd00000| Untracked 
| 190|0x000000008be00000, 0x000000008be00000, 0x000000008bf00000|  0%| F|  |TAMS 0x000000008be00000, 0x000000008be00000| Untracked 
| 191|0x000000008bf00000, 0x000000008bf00000, 0x000000008c000000|  0%| F|  |TAMS 0x000000008bf00000, 0x000000008bf00000| Untracked 
| 192|0x000000008c000000, 0x000000008c000000, 0x000000008c100000|  0%| F|  |TAMS 0x000000008c000000, 0x000000008c000000| Untracked 
| 193|0x000000008c100000, 0x000000008c100000, 0x000000008c200000|  0%| F|  |TAMS 0x000000008c100000, 0x000000008c100000| Untracked 
| 194|0x000000008c200000, 0x000000008c200000, 0x000000008c300000|  0%| F|  |TAMS 0x000000008c200000, 0x000000008c200000| Untracked 
| 195|0x000000008c300000, 0x000000008c300000, 0x000000008c400000|  0%| F|  |TAMS 0x000000008c300000, 0x000000008c300000| Untracked 
| 196|0x000000008c400000, 0x000000008c400000, 0x000000008c500000|  0%| F|  |TAMS 0x000000008c400000, 0x000000008c400000| Untracked 
| 197|0x000000008c500000, 0x000000008c500000, 0x000000008c600000|  0%| F|  |TAMS 0x000000008c500000, 0x000000008c500000| Untracked 
| 198|0x000000008c600000, 0x000000008c600000, 0x000000008c700000|  0%| F|  |TAMS 0x000000008c600000, 0x000000008c600000| Untracked 
| 199|0x000000008c700000, 0x000000008c700000, 0x000000008c800000|  0%| F|  |TAMS 0x000000008c700000, 0x000000008c700000| Untracked 
| 200|0x000000008c800000, 0x000000008c800000, 0x000000008c900000|  0%| F|  |TAMS 0x000000008c800000, 0x000000008c800000| Untracked 
| 201|0x000000008c900000, 0x000000008c900000, 0x000000008ca00000|  0%| F|  |TAMS 0x000000008c900000, 0x000000008c900000| Untracked 
| 202|0x000000008ca00000, 0x000000008ca00000, 0x000000008cb00000|  0%| F|  |TAMS 0x000000008ca00000, 0x000000008ca00000| Untracked 
| 203|0x000000008cb00000, 0x000000008cba0368, 0x000000008cc00000| 62%| S|CS|TAMS 0x000000008cb00000, 0x000000008cb00000| Complete 
| 204|0x000000008cc00000, 0x000000008cd00000, 0x000000008cd00000|100%| S|CS|TAMS 0x000000008cc00000, 0x000000008cc00000| Complete 
| 205|0x000000008cd00000, 0x000000008cd00000, 0x000000008ce00000|  0%| F|  |TAMS 0x000000008cd00000, 0x000000008cd00000| Untracked 
| 206|0x000000008ce00000, 0x000000008ce00000, 0x000000008cf00000|  0%| F|  |TAMS 0x000000008ce00000, 0x000000008ce00000| Untracked 
| 207|0x000000008cf00000, 0x000000008d000000, 0x000000008d000000|100%| S|CS|TAMS 0x000000008cf00000, 0x000000008cf00000| Complete 
| 208|0x000000008d000000, 0x000000008d100000, 0x000000008d100000|100%| S|CS|TAMS 0x000000008d000000, 0x000000008d000000| Complete 
| 209|0x000000008d100000, 0x000000008d100000, 0x000000008d200000|  0%| F|  |TAMS 0x000000008d100000, 0x000000008d100000| Untracked 
| 210|0x000000008d200000, 0x000000008d200000, 0x000000008d300000|  0%| F|  |TAMS 0x000000008d200000, 0x000000008d200000| Untracked 
| 211|0x000000008d300000, 0x000000008d300000, 0x000000008d400000|  0%| F|  |TAMS 0x000000008d300000, 0x000000008d300000| Untracked 
| 212|0x000000008d400000, 0x000000008d400000, 0x000000008d500000|  0%| F|  |TAMS 0x000000008d400000, 0x000000008d400000| Untracked 
| 213|0x000000008d500000, 0x000000008d500000, 0x000000008d600000|  0%| F|  |TAMS 0x000000008d500000, 0x000000008d500000| Untracked 
| 214|0x000000008d600000, 0x000000008d600000, 0x000000008d700000|  0%| F|  |TAMS 0x000000008d600000, 0x000000008d600000| Untracked 
| 215|0x000000008d700000, 0x000000008d700000, 0x000000008d800000|  0%| F|  |TAMS 0x000000008d700000, 0x000000008d700000| Untracked 
| 216|0x000000008d800000, 0x000000008d800000, 0x000000008d900000|  0%| F|  |TAMS 0x000000008d800000, 0x000000008d800000| Untracked 
| 217|0x000000008d900000, 0x000000008da00000, 0x000000008da00000|100%| E|  |TAMS 0x000000008d900000, 0x000000008d900000| Complete 
| 218|0x000000008da00000, 0x000000008db00000, 0x000000008db00000|100%| E|CS|TAMS 0x000000008da00000, 0x000000008da00000| Complete 
| 219|0x000000008db00000, 0x000000008dc00000, 0x000000008dc00000|100%| E|CS|TAMS 0x000000008db00000, 0x000000008db00000| Complete 
| 220|0x000000008dc00000, 0x000000008dd00000, 0x000000008dd00000|100%| E|CS|TAMS 0x000000008dc00000, 0x000000008dc00000| Complete 
| 221|0x000000008dd00000, 0x000000008de00000, 0x000000008de00000|100%| E|CS|TAMS 0x000000008dd00000, 0x000000008dd00000| Complete 
| 222|0x000000008de00000, 0x000000008deff960, 0x000000008df00000| 99%| E|  |TAMS 0x000000008de00000, 0x000000008de00000| Complete 
| 223|0x000000008df00000, 0x000000008e000000, 0x000000008e000000|100%| E|CS|TAMS 0x000000008df00000, 0x000000008df00000| Complete 
| 224|0x000000008e000000, 0x000000008e100000, 0x000000008e100000|100%| E|CS|TAMS 0x000000008e000000, 0x000000008e000000| Complete 
| 225|0x000000008e100000, 0x000000008e200000, 0x000000008e200000|100%| E|CS|TAMS 0x000000008e100000, 0x000000008e100000| Complete 
| 226|0x000000008e200000, 0x000000008e300000, 0x000000008e300000|100%| E|CS|TAMS 0x000000008e200000, 0x000000008e200000| Complete 
| 227|0x000000008e300000, 0x000000008e400000, 0x000000008e400000|100%| E|CS|TAMS 0x000000008e300000, 0x000000008e300000| Complete 
| 228|0x000000008e400000, 0x000000008e500000, 0x000000008e500000|100%| E|CS|TAMS 0x000000008e400000, 0x000000008e400000| Complete 
| 229|0x000000008e500000, 0x000000008e600000, 0x000000008e600000|100%| E|CS|TAMS 0x000000008e500000, 0x000000008e500000| Complete 
| 230|0x000000008e600000, 0x000000008e700000, 0x000000008e700000|100%| E|CS|TAMS 0x000000008e600000, 0x000000008e600000| Complete 
| 231|0x000000008e700000, 0x000000008e800000, 0x000000008e800000|100%| E|CS|TAMS 0x000000008e700000, 0x000000008e700000| Complete 
| 232|0x000000008e800000, 0x000000008e900000, 0x000000008e900000|100%| E|CS|TAMS 0x000000008e800000, 0x000000008e800000| Complete 
| 233|0x000000008e900000, 0x000000008ea00000, 0x000000008ea00000|100%| E|CS|TAMS 0x000000008e900000, 0x000000008e900000| Complete 
| 234|0x000000008ea00000, 0x000000008eb00000, 0x000000008eb00000|100%| E|CS|TAMS 0x000000008ea00000, 0x000000008ea00000| Complete 
| 235|0x000000008eb00000, 0x000000008ec00000, 0x000000008ec00000|100%| E|CS|TAMS 0x000000008eb00000, 0x000000008eb00000| Complete 
| 236|0x000000008ec00000, 0x000000008ed00000, 0x000000008ed00000|100%| E|CS|TAMS 0x000000008ec00000, 0x000000008ec00000| Complete 
| 237|0x000000008ed00000, 0x000000008ee00000, 0x000000008ee00000|100%| E|CS|TAMS 0x000000008ed00000, 0x000000008ed00000| Complete 
| 238|0x000000008ee00000, 0x000000008ef00000, 0x000000008ef00000|100%| E|CS|TAMS 0x000000008ee00000, 0x000000008ee00000| Complete 
| 239|0x000000008ef00000, 0x000000008f000000, 0x000000008f000000|100%| E|CS|TAMS 0x000000008ef00000, 0x000000008ef00000| Complete 
| 240|0x000000008f000000, 0x000000008f100000, 0x000000008f100000|100%| E|CS|TAMS 0x000000008f000000, 0x000000008f000000| Complete 
| 241|0x000000008f100000, 0x000000008f200000, 0x000000008f200000|100%| E|CS|TAMS 0x000000008f100000, 0x000000008f100000| Complete 
| 242|0x000000008f200000, 0x000000008f300000, 0x000000008f300000|100%| E|CS|TAMS 0x000000008f200000, 0x000000008f200000| Complete 
| 243|0x000000008f300000, 0x000000008f400000, 0x000000008f400000|100%| E|CS|TAMS 0x000000008f300000, 0x000000008f300000| Complete 
| 244|0x000000008f400000, 0x000000008f500000, 0x000000008f500000|100%| E|CS|TAMS 0x000000008f400000, 0x000000008f400000| Complete 
| 245|0x000000008f500000, 0x000000008f600000, 0x000000008f600000|100%| E|CS|TAMS 0x000000008f500000, 0x000000008f500000| Complete 
| 246|0x000000008f600000, 0x000000008f700000, 0x000000008f700000|100%| E|CS|TAMS 0x000000008f600000, 0x000000008f600000| Complete 
| 247|0x000000008f700000, 0x000000008f800000, 0x000000008f800000|100%| E|CS|TAMS 0x000000008f700000, 0x000000008f700000| Complete 
| 248|0x000000008f800000, 0x000000008f900000, 0x000000008f900000|100%| E|CS|TAMS 0x000000008f800000, 0x000000008f800000| Complete 

Card table byte_map: [0x000001c49c5d0000,0x000001c49c9d0000] _byte_map_base: 0x000001c49c1d0000

Marking Bits (Prev, Next): (CMBitMap*) 0x000001c4838d10e0, (CMBitMap*) 0x000001c4838d10a0
 Prev Bits: [0x000001c49edd0000, 0x000001c4a0dd0000)
 Next Bits: [0x000001c49cdd0000, 0x000001c49edd0000)

Polling page: 0x000001c4837e0000

Metaspace:

Usage:
  Non-class:     89.25 MB used.
      Class:     14.34 MB used.
       Both:    103.58 MB used.

Virtual space:
  Non-class space:      128.00 MB reserved,      89.75 MB ( 70%) committed,  2 nodes.
      Class space:      416.00 MB reserved,      14.88 MB (  4%) committed,  1 nodes.
             Both:      544.00 MB reserved,     104.62 MB ( 19%) committed. 

Chunk freelists:
   Non-Class:  6.14 MB
       Class:  1.03 MB
        Both:  7.17 MB

MaxMetaspaceSize: 512.00 MB
CompressedClassSpaceSize: 416.00 MB
Initial GC threshold: 21.00 MB
Current GC threshold: 118.69 MB
CDS: on
MetaspaceReclaimPolicy: balanced
 - commit_granule_bytes: 65536.
 - commit_granule_words: 8192.
 - virtual_space_node_default_size: 8388608.
 - enlarge_chunks_in_place: 1.
 - new_chunks_are_fully_committed: 0.
 - uncommit_free_chunks: 1.
 - use_allocation_guard: 0.
 - handle_deallocations: 1.


Internal statistics:

num_allocs_failed_limit: 6.
num_arena_births: 1478.
num_arena_deaths: 0.
num_vsnodes_births: 3.
num_vsnodes_deaths: 0.
num_space_committed: 1674.
num_space_uncommitted: 0.
num_chunks_returned_to_freelist: 6.
num_chunks_taken_from_freelist: 6262.
num_chunk_merges: 6.
num_chunk_splits: 3969.
num_chunks_enlarged: 2474.
num_inconsistent_stats: 0.

CodeHeap 'non-profiled nmethods': size=120000Kb used=9913Kb max_used=10201Kb free=110086Kb
 bounds [0x000001c494770000, 0x000001c495170000, 0x000001c49bca0000]
CodeHeap 'profiled nmethods': size=120000Kb used=27897Kb max_used=29827Kb free=92102Kb
 bounds [0x000001c48cca0000, 0x000001c48e9d0000, 0x000001c4941d0000]
CodeHeap 'non-nmethods': size=5760Kb used=2424Kb max_used=2505Kb free=3335Kb
 bounds [0x000001c4941d0000, 0x000001c494470000, 0x000001c494770000]
 total_blobs=15202 nmethods=14246 adapters=867
 compilation: enabled
              stopped_count=0, restarted_count=0
 full_count=0

Compilation events (20 events):
Event: 1161.651 Thread 0x000001c4a33b6a10 17260       3       org.gradle.internal.snapshot.PathUtil$$Lambda$510/0x000001c4a54766c0::compare (12 bytes)
Event: 1161.651 Thread 0x000001c4a33b6a10 nmethod 17260 0x000001c48cecdf90 code [0x000001c48cece140, 0x000001c48cece4e8]
Event: 1161.651 Thread 0x000001c4a33b6a10 17261       3       org.gradle.internal.snapshot.PathUtil::lambda$static$1 (9 bytes)
Event: 1161.651 Thread 0x000001c4a33b6a10 nmethod 17261 0x000001c48d650c10 code [0x000001c48d650da0, 0x000001c48d650ec8]
Event: 1161.651 Thread 0x000001c4a33b6a10 17262       3       org.gradle.internal.snapshot.PathUtil::getPathComparator (52 bytes)
Event: 1161.651 Thread 0x000001c4a33b6a10 nmethod 17262 0x000001c48d0ded90 code [0x000001c48d0def40, 0x000001c48d0df1e8]
Event: 1161.652 Thread 0x000001c4a33b6a10 17263       3       org.gradle.api.internal.tasks.TaskStateInternal::getSkipMessage (19 bytes)
Event: 1161.652 Thread 0x000001c4a33b6a10 nmethod 17263 0x000001c48cde8e10 code [0x000001c48cde8fc0, 0x000001c48cde9178]
Event: 1161.652 Thread 0x000001c4a33b6a10 17264       3       java.util.concurrent.LinkedBlockingQueue$Node::<init> (10 bytes)
Event: 1161.652 Thread 0x000001c4a33b6a10 nmethod 17264 0x000001c48cf2f490 code [0x000001c48cf2f620, 0x000001c48cf2f7d8]
Event: 1161.653 Thread 0x000001c4a33b6a10 17265       3       org.gradle.api.internal.tasks.properties.CompositePropertyVisitor::visitInputFileProperty (55 bytes)
Event: 1161.653 Thread 0x000001c4a33b6a10 nmethod 17265 0x000001c48d5d6a90 code [0x000001c48d5d6c40, 0x000001c48d5d6f88]
Event: 1161.653 Thread 0x000001c4a33b6a10 17266       3       org.gradle.api.internal.tasks.properties.GetInputFilesVisitor::visitInputFileProperty (82 bytes)
Event: 1161.654 Thread 0x000001c4a33b6a10 nmethod 17266 0x000001c48d477f10 code [0x000001c48d4781e0, 0x000001c48d4794d8]
Event: 1161.654 Thread 0x000001c4a33b6a10 17267       3       org.gradle.api.internal.tasks.properties.GetInputFilesVisitor::normalizeDirectorySensitivity (17 bytes)
Event: 1161.654 Thread 0x000001c4a33b6a10 nmethod 17267 0x000001c48cd2f590 code [0x000001c48cd2f740, 0x000001c48cd2f988]
Event: 1161.654 Thread 0x000001c4a33b6a10 17268       3       org.gradle.api.internal.tasks.properties.DefaultFinalizingValidatingProperty::prepareValue (39 bytes)
Event: 1161.655 Thread 0x000001c4a33b6a10 nmethod 17268 0x000001c48cd2e790 code [0x000001c48cd2e980, 0x000001c48cd2f028]
Event: 1161.655 Thread 0x000001c4a33b6a10 17269       3       org.gradle.internal.execution.steps.AbstractSkipEmptyWorkStep$1::visitInputFileProperty (20 bytes)
Event: 1161.656 Thread 0x000001c4a33b6a10 nmethod 17269 0x000001c48cded790 code [0x000001c48cded940, 0x000001c48cdedb68]

GC Heap History (20 events):
Event: 1149.190 GC heap before
{Heap before GC invocations=61 (full 0):
 garbage-first heap   total 209920K, used 180189K [0x0000000080000000, 0x0000000100000000)
  region size 1024K, 27 young (27648K), 3 survivors (3072K)
 Metaspace       used 104384K, committed 105408K, reserved 557056K
  class space    used 14510K, committed 15040K, reserved 425984K
}
Event: 1149.199 GC heap after
{Heap after GC invocations=62 (full 0):
 garbage-first heap   total 209920K, used 157823K [0x0000000080000000, 0x0000000100000000)
  region size 1024K, 4 young (4096K), 4 survivors (4096K)
 Metaspace       used 104384K, committed 105408K, reserved 557056K
  class space    used 14510K, committed 15040K, reserved 425984K
}
Event: 1149.815 GC heap before
{Heap before GC invocations=62 (full 0):
 garbage-first heap   total 209920K, used 180351K [0x0000000080000000, 0x0000000100000000)
  region size 1024K, 26 young (26624K), 4 survivors (4096K)
 Metaspace       used 104739K, committed 105792K, reserved 557056K
  class space    used 14541K, committed 15040K, reserved 425984K
}
Event: 1149.849 GC heap after
{Heap after GC invocations=63 (full 0):
 garbage-first heap   total 209920K, used 160415K [0x0000000080000000, 0x0000000100000000)
  region size 1024K, 3 young (3072K), 3 survivors (3072K)
 Metaspace       used 104739K, committed 105792K, reserved 557056K
  class space    used 14541K, committed 15040K, reserved 425984K
}
Event: 1150.362 GC heap before
{Heap before GC invocations=63 (full 0):
 garbage-first heap   total 209920K, used 179871K [0x0000000080000000, 0x0000000100000000)
  region size 1024K, 23 young (23552K), 3 survivors (3072K)
 Metaspace       used 105112K, committed 106176K, reserved 557056K
  class space    used 14585K, committed 15104K, reserved 425984K
}
Event: 1150.384 GC heap after
{Heap after GC invocations=64 (full 0):
 garbage-first heap   total 254976K, used 163453K [0x0000000080000000, 0x0000000100000000)
  region size 1024K, 3 young (3072K), 3 survivors (3072K)
 Metaspace       used 105112K, committed 106176K, reserved 557056K
  class space    used 14585K, committed 15104K, reserved 425984K
}
Event: 1152.928 GC heap before
{Heap before GC invocations=64 (full 0):
 garbage-first heap   total 254976K, used 211581K [0x0000000080000000, 0x0000000100000000)
  region size 1024K, 51 young (52224K), 3 survivors (3072K)
 Metaspace       used 105452K, committed 106560K, reserved 557056K
  class space    used 14628K, committed 15168K, reserved 425984K
}
Event: 1152.939 GC heap after
{Heap after GC invocations=65 (full 0):
 garbage-first heap   total 254976K, used 167371K [0x0000000080000000, 0x0000000100000000)
  region size 1024K, 7 young (7168K), 7 survivors (7168K)
 Metaspace       used 105452K, committed 106560K, reserved 557056K
  class space    used 14628K, committed 15168K, reserved 425984K
}
Event: 1154.715 GC heap before
{Heap before GC invocations=65 (full 0):
 garbage-first heap   total 254976K, used 213451K [0x0000000080000000, 0x0000000100000000)
  region size 1024K, 53 young (54272K), 7 survivors (7168K)
 Metaspace       used 105457K, committed 106560K, reserved 557056K
  class space    used 14629K, committed 15168K, reserved 425984K
}
Event: 1154.728 GC heap after
{Heap after GC invocations=66 (full 0):
 garbage-first heap   total 254976K, used 170363K [0x0000000080000000, 0x0000000100000000)
  region size 1024K, 4 young (4096K), 4 survivors (4096K)
 Metaspace       used 105457K, committed 106560K, reserved 557056K
  class space    used 14629K, committed 15168K, reserved 425984K
}
Event: 1155.567 GC heap before
{Heap before GC invocations=66 (full 0):
 garbage-first heap   total 254976K, used 214395K [0x0000000080000000, 0x0000000100000000)
  region size 1024K, 48 young (49152K), 4 survivors (4096K)
 Metaspace       used 105465K, committed 106560K, reserved 557056K
  class space    used 14629K, committed 15168K, reserved 425984K
}
Event: 1155.572 GC heap after
{Heap after GC invocations=67 (full 0):
 garbage-first heap   total 254976K, used 172297K [0x0000000080000000, 0x0000000100000000)
  region size 1024K, 6 young (6144K), 6 survivors (6144K)
 Metaspace       used 105465K, committed 106560K, reserved 557056K
  class space    used 14629K, committed 15168K, reserved 425984K
}
Event: 1156.603 GC heap before
{Heap before GC invocations=67 (full 0):
 garbage-first heap   total 254976K, used 216329K [0x0000000080000000, 0x0000000100000000)
  region size 1024K, 50 young (51200K), 6 survivors (6144K)
 Metaspace       used 105552K, committed 106624K, reserved 557056K
  class space    used 14632K, committed 15168K, reserved 425984K
}
Event: 1156.611 GC heap after
{Heap after GC invocations=68 (full 0):
 garbage-first heap   total 254976K, used 174796K [0x0000000080000000, 0x0000000100000000)
  region size 1024K, 5 young (5120K), 5 survivors (5120K)
 Metaspace       used 105552K, committed 106624K, reserved 557056K
  class space    used 14632K, committed 15168K, reserved 425984K
}
Event: 1158.259 GC heap before
{Heap before GC invocations=68 (full 0):
 garbage-first heap   total 254976K, used 218828K [0x0000000080000000, 0x0000000100000000)
  region size 1024K, 49 young (50176K), 5 survivors (5120K)
 Metaspace       used 105701K, committed 106752K, reserved 557056K
  class space    used 14647K, committed 15168K, reserved 425984K
}
Event: 1158.268 GC heap after
{Heap after GC invocations=69 (full 0):
 garbage-first heap   total 254976K, used 177032K [0x0000000080000000, 0x0000000100000000)
  region size 1024K, 5 young (5120K), 5 survivors (5120K)
 Metaspace       used 105701K, committed 106752K, reserved 557056K
  class space    used 14647K, committed 15168K, reserved 425984K
}
Event: 1159.682 GC heap before
{Heap before GC invocations=69 (full 0):
 garbage-first heap   total 254976K, used 219016K [0x0000000080000000, 0x0000000100000000)
  region size 1024K, 47 young (48128K), 5 survivors (5120K)
 Metaspace       used 105849K, committed 106880K, reserved 557056K
  class space    used 14658K, committed 15168K, reserved 425984K
}
Event: 1159.690 GC heap after
{Heap after GC invocations=70 (full 0):
 garbage-first heap   total 254976K, used 179195K [0x0000000080000000, 0x0000000100000000)
  region size 1024K, 5 young (5120K), 5 survivors (5120K)
 Metaspace       used 105849K, committed 106880K, reserved 557056K
  class space    used 14658K, committed 15168K, reserved 425984K
}
Event: 1160.930 GC heap before
{Heap before GC invocations=70 (full 0):
 garbage-first heap   total 254976K, used 219131K [0x0000000080000000, 0x0000000100000000)
  region size 1024K, 45 young (46080K), 5 survivors (5120K)
 Metaspace       used 105945K, committed 106944K, reserved 557056K
  class space    used 14666K, committed 15168K, reserved 425984K
}
Event: 1160.939 GC heap after
{Heap after GC invocations=71 (full 0):
 garbage-first heap   total 254976K, used 180634K [0x0000000080000000, 0x0000000100000000)
  region size 1024K, 4 young (4096K), 4 survivors (4096K)
 Metaspace       used 105945K, committed 106944K, reserved 557056K
  class space    used 14666K, committed 15168K, reserved 425984K
}

Dll operation events (15 events):
Event: 0.063 Loaded shared library C:\Program Files\Microsoft\jdk-17.0.10.7-hotspot\bin\java.dll
Event: 0.100 Loaded shared library C:\Program Files\Microsoft\jdk-17.0.10.7-hotspot\bin\jsvml.dll
Event: 0.229 Loaded shared library C:\Program Files\Microsoft\jdk-17.0.10.7-hotspot\bin\zip.dll
Event: 0.233 Loaded shared library C:\Program Files\Microsoft\jdk-17.0.10.7-hotspot\bin\instrument.dll
Event: 0.241 Loaded shared library C:\Program Files\Microsoft\jdk-17.0.10.7-hotspot\bin\net.dll
Event: 0.263 Loaded shared library C:\Program Files\Microsoft\jdk-17.0.10.7-hotspot\bin\nio.dll
Event: 0.271 Loaded shared library C:\Program Files\Microsoft\jdk-17.0.10.7-hotspot\bin\zip.dll
Event: 0.948 Loaded shared library C:\Program Files\Microsoft\jdk-17.0.10.7-hotspot\bin\jimage.dll
Event: 1.148 Loaded shared library C:\Program Files\Microsoft\jdk-17.0.10.7-hotspot\bin\verify.dll
Event: 1.474 Loaded shared library C:\Users\Hai\.gradle\native\c067742578af261105cb4f569cf0c3c89f3d7b1fecec35dd04571415982c5e48\windows-amd64\native-platform.dll
Event: 1.486 Loaded shared library C:\Users\Hai\.gradle\native\38dada09dfb8b06ba9b0570ebf7e218e3eb74d4ef43ca46872605cf95ebc2f47\windows-amd64\native-platform-file-events.dll
Event: 3.694 Loaded shared library C:\Program Files\Microsoft\jdk-17.0.10.7-hotspot\bin\management.dll
Event: 3.700 Loaded shared library C:\Program Files\Microsoft\jdk-17.0.10.7-hotspot\bin\management_ext.dll
Event: 4.252 Loaded shared library C:\Program Files\Microsoft\jdk-17.0.10.7-hotspot\bin\extnet.dll
Event: 5.517 Loaded shared library C:\Program Files\Microsoft\jdk-17.0.10.7-hotspot\bin\sunmscapi.dll

Deoptimization events (20 events):
Event: 1160.588 Thread 0x000001c4c7bc9840 Uncommon trap: trap_request=0xffffff45 fr.pc=0x000001c4950d0084 relative=0x0000000000000a64
Event: 1160.588 Thread 0x000001c4c7bc9840 Uncommon trap: reason=unstable_if action=reinterpret pc=0x000001c4950d0084 method=org.gradle.internal.snapshot.VfsRelativePath.lengthOfCommonPrefix(Ljava/lang/String;Lorg/gradle/internal/snapshot/CaseSensitivity;)I @ 165 c2
Event: 1160.588 Thread 0x000001c4c7bc9840 DEOPT PACKING pc=0x000001c4950d0084 sp=0x00000097143faac0
Event: 1160.588 Thread 0x000001c4c7bc9840 DEOPT UNPACKING pc=0x000001c4942269a3 sp=0x00000097143faa50 mode 2
Event: 1160.589 Thread 0x000001c4c7bc9840 Uncommon trap: trap_request=0xffffff76 fr.pc=0x000001c4950e8ecc relative=0x00000000000040cc
Event: 1160.589 Thread 0x000001c4c7bc9840 Uncommon trap: reason=predicate action=maybe_recompile pc=0x000001c4950e8ecc method=org.gradle.internal.snapshot.impl.AbstractValueProcessor.processValue(Ljava/lang/Object;Lorg/gradle/internal/snapshot/impl/AbstractValueProcessor$ValueVisitor;)Ljava/lang/
Event: 1160.589 Thread 0x000001c4c7bc9840 DEOPT PACKING pc=0x000001c4950e8ecc sp=0x00000097143fc1d0
Event: 1160.589 Thread 0x000001c4c7bc9840 DEOPT UNPACKING pc=0x000001c4942269a3 sp=0x00000097143fc1e0 mode 2
Event: 1161.326 Thread 0x000001c4c7d9cbc0 Uncommon trap: trap_request=0xffffff45 fr.pc=0x000001c4948283b0 relative=0x00000000000012d0
Event: 1161.326 Thread 0x000001c4c7d9cbc0 Uncommon trap: reason=unstable_if action=reinterpret pc=0x000001c4948283b0 method=java.util.concurrent.ConcurrentHashMap.transfer([Ljava/util/concurrent/ConcurrentHashMap$Node;[Ljava/util/concurrent/ConcurrentHashMap$Node;)V @ 273 c2
Event: 1161.326 Thread 0x000001c4c7d9cbc0 DEOPT PACKING pc=0x000001c4948283b0 sp=0x00000097169fe590
Event: 1161.326 Thread 0x000001c4c7d9cbc0 DEOPT UNPACKING pc=0x000001c4942269a3 sp=0x00000097169fe518 mode 2
Event: 1161.329 Thread 0x000001c4c7da12a0 Uncommon trap: trap_request=0xffffff45 fr.pc=0x000001c49482812c relative=0x000000000000104c
Event: 1161.329 Thread 0x000001c4c7da12a0 Uncommon trap: reason=unstable_if action=reinterpret pc=0x000001c49482812c method=java.util.concurrent.ConcurrentHashMap.transfer([Ljava/util/concurrent/ConcurrentHashMap$Node;[Ljava/util/concurrent/ConcurrentHashMap$Node;)V @ 347 c2
Event: 1161.329 Thread 0x000001c4c7da12a0 DEOPT PACKING pc=0x000001c49482812c sp=0x00000097168fe460
Event: 1161.329 Thread 0x000001c4c7da12a0 DEOPT UNPACKING pc=0x000001c4942269a3 sp=0x00000097168fe3c0 mode 2
Event: 1161.342 Thread 0x000001c4c7bc8e20 Uncommon trap: trap_request=0xffffff45 fr.pc=0x000001c494f95420 relative=0x0000000000000520
Event: 1161.342 Thread 0x000001c4c7bc8e20 Uncommon trap: reason=unstable_if action=reinterpret pc=0x000001c494f95420 method=com.esotericsoftware.kryo.io.Input.readVarLong(Z)J @ 152 c2
Event: 1161.342 Thread 0x000001c4c7bc8e20 DEOPT PACKING pc=0x000001c494f95420 sp=0x0000009715dfe7a0
Event: 1161.342 Thread 0x000001c4c7bc8e20 DEOPT UNPACKING pc=0x000001c4942269a3 sp=0x0000009715dfe740 mode 2

Classes unloaded (0 events):
No events

Classes redefined (0 events):
No events

Internal exceptions (20 events):
Event: 1151.839 Thread 0x000001c4c7bc9840 Exception <a 'java/lang/ClassNotFoundException'{0x000000008d32a980}: java/io/BufferedWriterBeanInfo> (0x000000008d32a980) 
thrown [s\src\hotspot\share\classfile\systemDictionary.cpp, line 256]
Event: 1151.839 Thread 0x000001c4c7bc9840 Exception <a 'java/lang/ClassNotFoundException'{0x000000008d330dd8}: java/io/WriterBeanInfo> (0x000000008d330dd8) 
thrown [s\src\hotspot\share\classfile\systemDictionary.cpp, line 256]
Event: 1151.840 Thread 0x000001c4c7bc9840 Exception <a 'java/lang/ClassNotFoundException'{0x000000008d336f90}: java/io/WriterCustomizer> (0x000000008d336f90) 
thrown [s\src\hotspot\share\classfile\systemDictionary.cpp, line 256]
Event: 1151.840 Thread 0x000001c4c7bc9840 Exception <a 'java/lang/ClassNotFoundException'{0x000000008d3462b0}: java/io/BufferedWriterCustomizer> (0x000000008d3462b0) 
thrown [s\src\hotspot\share\classfile\systemDictionary.cpp, line 256]
Event: 1151.920 Thread 0x000001c4c7bc9840 Exception <a 'java/lang/NoSuchMethodError'{0x000000008d3b97d0}: static Lcom/android/build/api/variant/BuildConfigField;.<clinit>()V> (0x000000008d3b97d0) 
thrown [s\src\hotspot\share\prims\jni.cpp, line 1107]
Event: 1155.993 Thread 0x000001c4c7bc9840 Exception <a 'java/lang/NoSuchMethodError'{0x000000008ec1f988}: static Lcom/android/build/api/variant/impl/ResValueKeyImpl;.<clinit>()V> (0x000000008ec1f988) 
thrown [s\src\hotspot\share\prims\jni.cpp, line 1107]
Event: 1155.997 Thread 0x000001c4c7bc9840 Exception <a 'java/lang/NoSuchMethodError'{0x000000008ec484a8}: static Lcom/android/build/api/variant/ResValue;.<clinit>()V> (0x000000008ec484a8) 
thrown [s\src\hotspot\share\prims\jni.cpp, line 1107]
Event: 1156.007 Thread 0x000001c4c7bc9840 Exception <a 'sun/nio/fs/WindowsException'{0x000000008ec7ea50}> (0x000000008ec7ea50) 
thrown [s\src\hotspot\share\prims\jni.cpp, line 516]
Event: 1156.031 Thread 0x000001c4c7bc9840 Exception <a 'sun/nio/fs/WindowsException'{0x000000008eb2cdf0}> (0x000000008eb2cdf0) 
thrown [s\src\hotspot\share\prims\jni.cpp, line 516]
Event: 1156.745 Thread 0x000001c4c46689e0 Exception <a 'java/lang/NoSuchMethodError'{0x000000008f33cee8}: static Lcom/android/build/gradle/internal/scope/InternalArtifactType;.<clinit>()V> (0x000000008f33cee8) 
thrown [s\src\hotspot\share\prims\jni.cpp, line 1107]
Event: 1156.745 Thread 0x000001c4c46689e0 Exception <a 'java/lang/NoSuchMethodError'{0x000000008f33e628}: static Lcom/android/build/gradle/internal/scope/InternalArtifactType;.<clinit>()V> (0x000000008f33e628) 
thrown [s\src\hotspot\share\prims\jni.cpp, line 1107]
Event: 1156.745 Thread 0x000001c4c46689e0 Exception <a 'java/lang/NoSuchMethodError'{0x000000008f3417c8}: static Lcom/android/build/api/artifact/Artifact$Single;.<clinit>()V> (0x000000008f3417c8) 
thrown [s\src\hotspot\share\prims\jni.cpp, line 1107]
Event: 1156.745 Thread 0x000001c4c46689e0 Exception <a 'java/lang/NoSuchMethodError'{0x000000008f344008}: static Ljava/lang/Object;.<clinit>()V> (0x000000008f344008) 
thrown [s\src\hotspot\share\prims\jni.cpp, line 1107]
Event: 1156.746 Thread 0x000001c4c46689e0 Exception <a 'java/lang/NoSuchMethodError'{0x000000008f35cea8}: static Lcom/android/build/api/artifact/ArtifactKind;.<clinit>()V> (0x000000008f35cea8) 
thrown [s\src\hotspot\share\prims\jni.cpp, line 1107]
Event: 1156.746 Thread 0x000001c4c46689e0 Exception <a 'java/lang/NoSuchMethodError'{0x000000008f35e308}: static Lcom/android/build/api/artifact/ArtifactKind;.<clinit>()V> (0x000000008f35e308) 
thrown [s\src\hotspot\share\prims\jni.cpp, line 1107]
Event: 1158.384 Thread 0x000001c4c46689e0 Exception <a 'java/lang/NoSuchMethodError'{0x000000008f5b9ef0}: static Ljava/lang/Object;.<clinit>()V> (0x000000008f5b9ef0) 
thrown [s\src\hotspot\share\prims\jni.cpp, line 1107]
Event: 1159.173 Thread 0x000001c4c466ad50 Exception <a 'sun/nio/fs/WindowsException'{0x000000008e110a18}> (0x000000008e110a18) 
thrown [s\src\hotspot\share\prims\jni.cpp, line 516]
Event: 1159.182 Thread 0x000001c4c466ad50 Exception <a 'sun/nio/fs/WindowsException'{0x000000008e14d778}> (0x000000008e14d778) 
thrown [s\src\hotspot\share\prims\jni.cpp, line 516]
Event: 1159.195 Thread 0x000001c4c466ad50 Exception <a 'sun/nio/fs/WindowsException'{0x000000008e1ad1b8}> (0x000000008e1ad1b8) 
thrown [s\src\hotspot\share\prims\jni.cpp, line 516]
Event: 1159.434 Thread 0x000001c4c466ad50 Implicit null exception at 0x000001c4950455a0 to 0x000001c495046d20

VM Operations (20 events):
Event: 1158.259 Executing VM operation: G1CollectForAllocation
Event: 1158.268 Executing VM operation: G1CollectForAllocation done
Event: 1159.270 Executing VM operation: Cleanup
Event: 1159.271 Executing VM operation: Cleanup done
Event: 1159.434 Executing VM operation: HandshakeAllThreads
Event: 1159.435 Executing VM operation: HandshakeAllThreads done
Event: 1159.480 Executing VM operation: HandshakeAllThreads
Event: 1159.481 Executing VM operation: HandshakeAllThreads done
Event: 1159.481 Executing VM operation: HandshakeAllThreads
Event: 1159.481 Executing VM operation: HandshakeAllThreads done
Event: 1159.483 Executing VM operation: HandshakeAllThreads
Event: 1159.483 Executing VM operation: HandshakeAllThreads done
Event: 1159.682 Executing VM operation: G1CollectForAllocation
Event: 1159.690 Executing VM operation: G1CollectForAllocation done
Event: 1160.693 Executing VM operation: Cleanup
Event: 1160.697 Executing VM operation: Cleanup done
Event: 1160.930 Executing VM operation: G1CollectForAllocation
Event: 1160.939 Executing VM operation: G1CollectForAllocation done
Event: 1161.525 Executing VM operation: HandshakeAllThreads
Event: 1161.525 Executing VM operation: HandshakeAllThreads done

Events (20 events):
Event: 1161.548 Thread 0x000001c4a354cf80 flushing nmethod 0x000001c48e806890
Event: 1161.548 Thread 0x000001c4a354cf80 flushing nmethod 0x000001c48e806d90
Event: 1161.548 Thread 0x000001c4a354cf80 flushing nmethod 0x000001c48e807d90
Event: 1161.548 Thread 0x000001c4a354cf80 flushing nmethod 0x000001c48e808a10
Event: 1161.548 Thread 0x000001c4a354cf80 flushing nmethod 0x000001c48e80eb90
Event: 1161.548 Thread 0x000001c4a354cf80 flushing nmethod 0x000001c48e814610
Event: 1161.548 Thread 0x000001c4a354cf80 flushing nmethod 0x000001c48e816910
Event: 1161.548 Thread 0x000001c4a354cf80 flushing nmethod 0x000001c48e81ae90
Event: 1161.548 Thread 0x000001c4a354cf80 flushing nmethod 0x000001c48e81bc90
Event: 1161.548 Thread 0x000001c4a354cf80 flushing nmethod 0x000001c48e83d810
Event: 1161.548 Thread 0x000001c4a354cf80 flushing nmethod 0x000001c48e854610
Event: 1161.548 Thread 0x000001c4a354cf80 flushing nmethod 0x000001c48e8ab210
Event: 1161.548 Thread 0x000001c4a354cf80 flushing nmethod 0x000001c48e8d9390
Event: 1161.548 Thread 0x000001c4a354cf80 flushing nmethod 0x000001c48e8d9790
Event: 1161.548 Thread 0x000001c4a354cf80 flushing nmethod 0x000001c48e8dcf10
Event: 1161.548 Thread 0x000001c4a354cf80 flushing nmethod 0x000001c48e905d10
Event: 1161.548 Thread 0x000001c4a354cf80 flushing nmethod 0x000001c48e938f90
Event: 1161.548 Thread 0x000001c4a354cf80 flushing nmethod 0x000001c48e942f90
Event: 1161.549 Thread 0x000001c4a354cf80 flushing nmethod 0x000001c48e946c10
Event: 1161.549 Thread 0x000001c4a354cf80 flushing nmethod 0x000001c48e947f90


Dynamic libraries:
0x00007ff605180000 - 0x00007ff60518e000 	C:\Program Files\Microsoft\jdk-17.0.10.7-hotspot\bin\java.exe
0x00007fffc33d0000 - 0x00007fffc35e7000 	C:\Windows\SYSTEM32\ntdll.dll
0x00007fffc3050000 - 0x00007fffc3114000 	C:\Windows\System32\KERNEL32.DLL
0x00007fffc0700000 - 0x00007fffc0aac000 	C:\Windows\System32\KERNELBASE.dll
0x00007fffc0c40000 - 0x00007fffc0d51000 	C:\Windows\System32\ucrtbase.dll
0x00007fff3a3a0000 - 0x00007fff3a3b7000 	C:\Program Files\Microsoft\jdk-17.0.10.7-hotspot\bin\jli.dll
0x00007fffc2950000 - 0x00007fffc2afe000 	C:\Windows\System32\USER32.dll
0x00007fffc0de0000 - 0x00007fffc0e06000 	C:\Windows\System32\win32u.dll
0x00007fffc15b0000 - 0x00007fffc15d9000 	C:\Windows\System32\GDI32.dll
0x00007fffc0ab0000 - 0x00007fffc0bc9000 	C:\Windows\System32\gdi32full.dll
0x00007fffc0f00000 - 0x00007fffc0f9a000 	C:\Windows\System32\msvcp_win.dll
0x00007fff3a2b0000 - 0x00007fff3a2cb000 	C:\Program Files\Microsoft\jdk-17.0.10.7-hotspot\bin\VCRUNTIME140.dll
0x00007fff9ec70000 - 0x00007fff9ef03000 	C:\Windows\WinSxS\amd64_microsoft.windows.common-controls_6595b64144ccf1df_6.0.22621.3672_none_2713b9d173822955\COMCTL32.dll
0x00007fffc1a50000 - 0x00007fffc1af7000 	C:\Windows\System32\msvcrt.dll
0x00007fffc1510000 - 0x00007fffc1541000 	C:\Windows\System32\IMM32.DLL
0x000001c483800000 - 0x000001c483814000 	C:\Windows\System32\umppc18511.dll
0x00007fff61910000 - 0x00007fff6191c000 	C:\Program Files\Microsoft\jdk-17.0.10.7-hotspot\bin\vcruntime140_1.dll
0x00007fff3b090000 - 0x00007fff3b11d000 	C:\Program Files\Microsoft\jdk-17.0.10.7-hotspot\bin\msvcp140.dll
0x00007fff39640000 - 0x00007fff3a2a5000 	C:\Program Files\Microsoft\jdk-17.0.10.7-hotspot\bin\server\jvm.dll
0x00007fffc15e0000 - 0x00007fffc1692000 	C:\Windows\System32\ADVAPI32.dll
0x00007fffc3120000 - 0x00007fffc31ca000 	C:\Windows\System32\sechost.dll
0x00007fffc0ed0000 - 0x00007fffc0ef8000 	C:\Windows\System32\bcrypt.dll
0x00007fffc2b00000 - 0x00007fffc2c15000 	C:\Windows\System32\RPCRT4.dll
0x00007fffc05c0000 - 0x00007fffc060d000 	C:\Windows\SYSTEM32\POWRPROF.dll
0x00007fffaf1e0000 - 0x00007fffaf1e9000 	C:\Windows\SYSTEM32\WSOCK32.dll
0x00007fffc2fd0000 - 0x00007fffc3041000 	C:\Windows\System32\WS2_32.dll
0x00007fffaa820000 - 0x00007fffaa854000 	C:\Windows\SYSTEM32\WINMM.dll
0x00007fffbf260000 - 0x00007fffbf26a000 	C:\Windows\SYSTEM32\VERSION.dll
0x00007fffc04f0000 - 0x00007fffc0503000 	C:\Windows\SYSTEM32\UMPDC.dll
0x00007fffbf6f0000 - 0x00007fffbf708000 	C:\Windows\SYSTEM32\kernel.appcore.dll
0x00007fffafef0000 - 0x00007fffafefa000 	C:\Program Files\Microsoft\jdk-17.0.10.7-hotspot\bin\jimage.dll
0x00007fffa3c50000 - 0x00007fffa3e82000 	C:\Windows\SYSTEM32\DBGHELP.DLL
0x00007fffc1130000 - 0x00007fffc14b8000 	C:\Windows\System32\combase.dll
0x00007fffc18d0000 - 0x00007fffc19a7000 	C:\Windows\System32\OLEAUT32.dll
0x00007fffaba40000 - 0x00007fffaba72000 	C:\Windows\SYSTEM32\dbgcore.DLL
0x00007fffc0d60000 - 0x00007fffc0ddb000 	C:\Windows\System32\bcryptPrimitives.dll
0x00007fffb0710000 - 0x00007fffb071e000 	C:\Program Files\Microsoft\jdk-17.0.10.7-hotspot\bin\instrument.dll
0x00007fffabfc0000 - 0x00007fffabfe5000 	C:\Program Files\Microsoft\jdk-17.0.10.7-hotspot\bin\java.dll
0x00007fff86140000 - 0x00007fff86217000 	C:\Program Files\Microsoft\jdk-17.0.10.7-hotspot\bin\jsvml.dll
0x00007fffc1b00000 - 0x00007fffc235c000 	C:\Windows\System32\SHELL32.dll
0x00007fffbe350000 - 0x00007fffbec47000 	C:\Windows\SYSTEM32\windows.storage.dll
0x00007fffbe210000 - 0x00007fffbe34f000 	C:\Windows\SYSTEM32\wintypes.dll
0x00007fffc2dd0000 - 0x00007fffc2ec4000 	C:\Windows\System32\SHCORE.dll
0x00007fffc1550000 - 0x00007fffc15ae000 	C:\Windows\System32\shlwapi.dll
0x00007fffc0630000 - 0x00007fffc0651000 	C:\Windows\SYSTEM32\profapi.dll
0x00007fffabae0000 - 0x00007fffabaf8000 	C:\Program Files\Microsoft\jdk-17.0.10.7-hotspot\bin\zip.dll
0x00007fffae2a0000 - 0x00007fffae2b9000 	C:\Program Files\Microsoft\jdk-17.0.10.7-hotspot\bin\net.dll
0x00007fffba120000 - 0x00007fffba256000 	C:\Windows\SYSTEM32\WINHTTP.dll
0x00007fffbfb50000 - 0x00007fffbfbb9000 	C:\Windows\system32\mswsock.dll
0x00007fffac560000 - 0x00007fffac576000 	C:\Program Files\Microsoft\jdk-17.0.10.7-hotspot\bin\nio.dll
0x00007fffab400000 - 0x00007fffab410000 	C:\Program Files\Microsoft\jdk-17.0.10.7-hotspot\bin\verify.dll
0x00007fffb0810000 - 0x00007fffb0837000 	C:\Users\Hai\.gradle\native\c067742578af261105cb4f569cf0c3c89f3d7b1fecec35dd04571415982c5e48\windows-amd64\native-platform.dll
0x00007fff97310000 - 0x00007fff97454000 	C:\Users\Hai\.gradle\native\38dada09dfb8b06ba9b0570ebf7e218e3eb74d4ef43ca46872605cf95ebc2f47\windows-amd64\native-platform-file-events.dll
0x00007fffb7390000 - 0x00007fffb7399000 	C:\Program Files\Microsoft\jdk-17.0.10.7-hotspot\bin\management.dll
0x00007fffb7380000 - 0x00007fffb738b000 	C:\Program Files\Microsoft\jdk-17.0.10.7-hotspot\bin\management_ext.dll
0x00007fffc2f30000 - 0x00007fffc2f38000 	C:\Windows\System32\PSAPI.DLL
0x00007fffbfea0000 - 0x00007fffbfebb000 	C:\Windows\SYSTEM32\CRYPTSP.dll
0x00007fffbf650000 - 0x00007fffbf685000 	C:\Windows\system32\rsaenh.dll
0x00007fffbfbf0000 - 0x00007fffbfc18000 	C:\Windows\SYSTEM32\USERENV.dll
0x00007fffbfe80000 - 0x00007fffbfe8c000 	C:\Windows\SYSTEM32\CRYPTBASE.dll
0x00007fffbeea0000 - 0x00007fffbeecd000 	C:\Windows\SYSTEM32\IPHLPAPI.DLL
0x00007fffc19c0000 - 0x00007fffc19c9000 	C:\Windows\System32\NSI.dll
0x00007fffb9ff0000 - 0x00007fffba009000 	C:\Windows\SYSTEM32\dhcpcsvc6.DLL
0x00007fffb9f50000 - 0x00007fffb9f6f000 	C:\Windows\SYSTEM32\dhcpcsvc.DLL
0x00007fffbef10000 - 0x00007fffbf008000 	C:\Windows\SYSTEM32\DNSAPI.dll
0x00007fffb9ba0000 - 0x00007fffb9ba9000 	C:\Program Files\Microsoft\jdk-17.0.10.7-hotspot\bin\extnet.dll
0x00007fffb9bb0000 - 0x00007fffb9bbe000 	C:\Program Files\Microsoft\jdk-17.0.10.7-hotspot\bin\sunmscapi.dll
0x00007fffc0fa0000 - 0x00007fffc1107000 	C:\Windows\System32\CRYPT32.dll
0x00007fffbffa0000 - 0x00007fffbffce000 	C:\Windows\SYSTEM32\ncrypt.dll
0x00007fffbff60000 - 0x00007fffbff97000 	C:\Windows\SYSTEM32\NTASN1.dll
0x00007fffba4e0000 - 0x00007fffba4e8000 	C:\Windows\system32\wshunix.dll
0x00007fffa95a0000 - 0x00007fffa95b7000 	C:\Windows\system32\napinsp.dll
0x00007fffa95c0000 - 0x00007fffa95db000 	C:\Windows\system32\pnrpnsp.dll
0x00007fffa95e0000 - 0x00007fffa95f1000 	C:\Windows\System32\winrnr.dll
0x00007fffb97b0000 - 0x00007fffb97c5000 	C:\Windows\system32\wshbth.dll
0x00007fffa9600000 - 0x00007fffa9627000 	C:\Windows\system32\nlansp_c.dll
0x00007fffb22a0000 - 0x00007fffb22aa000 	C:\Windows\System32\rasadhlp.dll
0x00007fffb8ef0000 - 0x00007fffb8f73000 	C:\Windows\System32\fwpuclnt.dll
0x00007fffbccd0000 - 0x00007fffbcd67000 	C:\Windows\system32\apphelp.dll

dbghelp: loaded successfully - version: 4.0.5 - missing functions: none
symbol engine: initialized successfully - sym options: 0x614 - pdb path: .;C:\Program Files\Microsoft\jdk-17.0.10.7-hotspot\bin;C:\Windows\SYSTEM32;C:\Windows\WinSxS\amd64_microsoft.windows.common-controls_6595b64144ccf1df_6.0.22621.3672_none_2713b9d173822955;C:\Program Files\Microsoft\jdk-17.0.10.7-hotspot\bin\server;C:\Users\Hai\.gradle\native\c067742578af261105cb4f569cf0c3c89f3d7b1fecec35dd04571415982c5e48\windows-amd64;C:\Users\Hai\.gradle\native\38dada09dfb8b06ba9b0570ebf7e218e3eb74d4ef43ca46872605cf95ebc2f47\windows-amd64

VM Arguments:
jvm_args: -XX:MaxMetaspaceSize=512m --add-opens=java.base/java.util=ALL-UNNAMED --add-opens=java.base/java.lang=ALL-UNNAMED --add-opens=java.base/java.lang.invoke=ALL-UNNAMED --add-opens=java.prefs/java.util.prefs=ALL-UNNAMED --add-opens=java.base/java.nio.charset=ALL-UNNAMED --add-opens=java.base/java.net=ALL-UNNAMED --add-opens=java.base/java.util.concurrent.atomic=ALL-UNNAMED -Xmx2048m -Dfile.encoding=windows-1252 -Duser.country=IN -Duser.language=en -Duser.variant -javaagent:C:\Users\Hai\.gradle\wrapper\dists\gradle-8.6-all\3mbtmo166bl6vumsh5k2lkq5h\gradle-8.6\lib\agents\gradle-instrumentation-agent-8.6.jar 
java_command: org.gradle.launcher.daemon.bootstrap.GradleDaemon 8.6
java_class_path (initial): C:\Users\Hai\.gradle\wrapper\dists\gradle-8.6-all\3mbtmo166bl6vumsh5k2lkq5h\gradle-8.6\lib\gradle-launcher-8.6.jar
Launcher Type: SUN_STANDARD

[Global flags]
     intx CICompilerCount                          = 3                                         {product} {ergonomic}
   size_t CompressedClassSpaceSize                 = 436207616                                 {product} {ergonomic}
     uint ConcGCThreads                            = 1                                         {product} {ergonomic}
     uint G1ConcRefinementThreads                  = 4                                         {product} {ergonomic}
   size_t G1HeapRegionSize                         = 1048576                                   {product} {ergonomic}
    uintx GCDrainStackTargetSize                   = 64                                        {product} {ergonomic}
   size_t InitialHeapSize                          = 134217728                                 {product} {ergonomic}
   size_t MarkStackSize                            = 4194304                                   {product} {ergonomic}
   size_t MaxHeapSize                              = 2147483648                                {product} {command line}
   size_t MaxMetaspaceSize                         = 536870912                                 {product} {command line}
   size_t MaxNewSize                               = 1287651328                                {product} {ergonomic}
   size_t MinHeapDeltaBytes                        = 1048576                                   {product} {ergonomic}
   size_t MinHeapSize                              = 8388608                                   {product} {ergonomic}
    uintx NonNMethodCodeHeapSize                   = 5832780                                {pd product} {ergonomic}
    uintx NonProfiledCodeHeapSize                  = 122912730                              {pd product} {ergonomic}
    uintx ProfiledCodeHeapSize                     = 122912730                              {pd product} {ergonomic}
    uintx ReservedCodeCacheSize                    = 251658240                              {pd product} {ergonomic}
     bool SegmentedCodeCache                       = true                                      {product} {ergonomic}
   size_t SoftMaxHeapSize                          = 2147483648                             {manageable} {ergonomic}
     bool UseCompressedClassPointers               = true                           {product lp64_product} {ergonomic}
     bool UseCompressedOops                        = true                           {product lp64_product} {ergonomic}
     bool UseG1GC                                  = true                                      {product} {ergonomic}
     bool UseLargePagesIndividualAllocation        = false                                  {pd product} {ergonomic}

Logging:
Log output configuration:
 #0: stdout all=warning uptime,level,tags
 #1: stderr all=off uptime,level,tags

Environment Variables:
JAVA_HOME=C:\Program Files\Microsoft\jdk-17.0.10.7-hotspot
CLASSPATH=C:\Users\Hai\Music\RN_notepad\android\\gradle\wrapper\gradle-wrapper.jar
PATH=C:\Users\Hai\Music\RN_notepad\node_modules\.bin;C:\Users\Hai\Music\RN_notepad\node_modules\.bin;C:\Users\Hai\Music\node_modules\.bin;C:\Users\Hai\node_modules\.bin;C:\Users\node_modules\.bin;C:\node_modules\.bin;C:\Program Files\nodejs\node_modules\npm\node_modules\@npmcli\run-script\lib\node-gyp-bin;C:\Users\Hai\Music\RN_notepad\node_modules\.bin;C:\Users\Hai\Music\node_modules\.bin;C:\Users\Hai\node_modules\.bin;C:\Users\node_modules\.bin;C:\node_modules\.bin;C:\Program Files\nodejs\node_modules\npm\node_modules\@npmcli\run-script\lib\node-gyp-bin;C:\Program Files\Java\jdk-18.0.2.1\bin;C:\Program Files\Common Files\Oracle\Java\javapath;C:\Program Files\Microsoft\jdk-17.0.10.7-hotspot\bin;C:\Windows\system32;C:\Windows;C:\Windows\System32\Wbem;C:\Windows\System32\WindowsPowerShell\v1.0\;C:\Windows\System32\OpenSSH\;C:\Program Files\dotnet\;C:\ProgramData\chocolatey\bin;C:\Program Files\Git\cmd;C:\Program Files\PuTTY\;C:\Program Files\nodejs\;C:\Users\Hai\AppData\Local\Microsoft\WindowsApps;C:\Users\Hai\AppData\Local\Programs\Microsoft VS Code\bin;C:\Users\Hai\AppData\Local\Android\Sdk\platform-tools;C:\Users\Hai\AppData\Roaming\npm
USERNAME=Hai
OS=Windows_NT
PROCESSOR_IDENTIFIER=Intel64 Family 6 Model 94 Stepping 3, GenuineIntel
TMP=C:\Users\Hai\AppData\Local\Temp
TEMP=C:\Users\Hai\AppData\Local\Temp



Periodic native trim disabled


---------------  S Y S T E M  ---------------

OS:
 Windows 11 , 64 bit Build 22621 (10.0.22621.3672)
OS uptime: 9 days 0:22 hours
Hyper-V role detected

CPU: total 4 (initial active 4) (4 cores per cpu, 1 threads per core) family 6 model 94 stepping 3 microcode 0xf0, cx8, cmov, fxsr, mmx, 3dnowpref, sse, sse2, sse3, ssse3, sse4.1, sse4.2, popcnt, lzcnt, tsc, tscinvbit, avx, avx2, aes, erms, clmul, bmi1, bmi2, adx, fma, vzeroupper, clflush, clflushopt, hv
Processor Information for all 4 processors :
  Max Mhz: 2208, Current Mhz: 2208, Mhz Limit: 2208

Memory: 4k page, system-wide physical 8087M (294M free)
TotalPageFile size 25410M (AvailPageFile size 0M)
current process WorkingSet (physical memory assigned to process): 404M, peak: 472M
current process commit charge ("private bytes"): 583M, peak: 585M

vm_info: OpenJDK 64-Bit Server VM (17.0.10+7-LTS) for windows-amd64 JRE (17.0.10+7-LTS), built on Jan 10 2024 19:47:12 by "MicrosoftCorporation" with MS VC++ 16.10 / 16.11 (VS2019)

END.
