#
# There is insufficient memory for the Java Runtime Environment to continue.
# Native memory allocation (malloc) failed to allocate 32744 bytes for ChunkPool::allocate
# Possible reasons:
#   The system is out of physical RAM or swap space
#   The process is running with CompressedOops enabled, and the Java Heap may be blocking the growth of the native heap
# Possible solutions:
#   Reduce memory load on the system
#   Increase physical memory or swap space
#   Check if swap backing store is full
#   Decrease Java heap size (-Xmx/-Xms)
#   Decrease number of Java threads
#   Decrease Java thread stack sizes (-Xss)
#   Set larger code cache with -XX:ReservedCodeCacheSize=
#   JVM is running with Unscaled Compressed Oops mode in which the Java heap is
#     placed in the first 4GB address space. The Java Heap base address is the
#     maximum limit for the native heap growth. Please use -XX:HeapBaseMinAddress
#     to set the Java Heap base and to place the Java Heap above 4GB virtual address.
# This output file may be truncated or incomplete.
#
#  Out of Memory Error (arena.cpp:79), pid=16236, tid=10128
#
# JRE version: OpenJDK Runtime Environment Microsoft-8902769 (17.0.10+7) (build 17.0.10+7-LTS)
# Java VM: OpenJDK 64-Bit Server VM Microsoft-8902769 (17.0.10+7-LTS, mixed mode, sharing, tiered, compressed oops, compressed class ptrs, g1 gc, windows-amd64)
# No core dump will be written. Minidumps are not enabled by default on client versions of Windows
#

---------------  S U M M A R Y ------------

Command Line: -XX:MaxMetaspaceSize=512m --add-opens=java.base/java.util=ALL-UNNAMED --add-opens=java.base/java.lang=ALL-UNNAMED --add-opens=java.base/java.lang.invoke=ALL-UNNAMED --add-opens=java.prefs/java.util.prefs=ALL-UNNAMED --add-opens=java.base/java.nio.charset=ALL-UNNAMED --add-opens=java.base/java.net=ALL-UNNAMED --add-opens=java.base/java.util.concurrent.atomic=ALL-UNNAMED -Xmx2048m -Dfile.encoding=windows-1252 -Duser.country=IN -Duser.language=en -Duser.variant -javaagent:C:\Users\Hai\.gradle\wrapper\dists\gradle-8.6-all\3mbtmo166bl6vumsh5k2lkq5h\gradle-8.6\lib\agents\gradle-instrumentation-agent-8.6.jar org.gradle.launcher.daemon.bootstrap.GradleDaemon 8.6

Host: Intel(R) Core(TM) i5-6400T CPU @ 2.20GHz, 4 cores, 7G,  Windows 11 , 64 bit Build 22621 (10.0.22621.3672)
Time: Fri Jun 28 19:44:37 2024 India Standard Time elapsed time: 46.743029 seconds (0d 0h 0m 46s)

---------------  T H R E A D  ---------------

Current thread (0x00000243c6b13190):  JavaThread "C2 CompilerThread0" daemon [_thread_in_native, id=10128, stack(0x000000d5d4300000,0x000000d5d4400000)]


Current CompileTask:
C2:  46743 10471   !   4       org.gradle.internal.event.DefaultListenerManager$EventBroadcast::endNotification (145 bytes)

Stack: [0x000000d5d4300000,0x000000d5d4400000]
Native frames: (J=compiled Java code, j=interpreted, Vv=VM code, C=native code)
V  [jvm.dll+0x67f829]
V  [jvm.dll+0x83750a]
V  [jvm.dll+0x838fce]
V  [jvm.dll+0x839633]
V  [jvm.dll+0x247cbf]
V  [jvm.dll+0xac721]
V  [jvm.dll+0xacb6c]
V  [jvm.dll+0xac62b]
V  [jvm.dll+0x65e1e9]
V  [jvm.dll+0xb6a07]
V  [jvm.dll+0x34571c]
V  [jvm.dll+0x34674b]
V  [jvm.dll+0x34ebd9]
V  [jvm.dll+0x1a8f27]
V  [jvm.dll+0x2ae924]
V  [jvm.dll+0x698035]
V  [jvm.dll+0x68fffb]
V  [jvm.dll+0x68f637]
V  [jvm.dll+0x68d522]
V  [jvm.dll+0x1a846c]
V  [jvm.dll+0x1a9036]
V  [jvm.dll+0x2ae924]
V  [jvm.dll+0x698035]
V  [jvm.dll+0x68fffb]
V  [jvm.dll+0x68f637]
V  [jvm.dll+0x68d522]
V  [jvm.dll+0x1a846c]
V  [jvm.dll+0x1a9036]
V  [jvm.dll+0x2ae924]
V  [jvm.dll+0x698035]
V  [jvm.dll+0x68fffb]
V  [jvm.dll+0x68f637]
V  [jvm.dll+0x68d522]
V  [jvm.dll+0x1a846c]
V  [jvm.dll+0x1a9036]
V  [jvm.dll+0x2ae924]
V  [jvm.dll+0x698035]
V  [jvm.dll+0x68fffb]
V  [jvm.dll+0x68f637]
V  [jvm.dll+0x68d522]
V  [jvm.dll+0x1a846c]
V  [jvm.dll+0x2193d8]
V  [jvm.dll+0x1a5176]
V  [jvm.dll+0x22957e]
V  [jvm.dll+0x22774c]
V  [jvm.dll+0x7ec5d7]
V  [jvm.dll+0x7e69da]
V  [jvm.dll+0x67e715]
C  [ucrtbase.dll+0x29333]
C  [KERNEL32.DLL+0x1257d]
C  [ntdll.dll+0x5af28]


---------------  P R O C E S S  ---------------

Threads class SMR info:
_java_thread_list=0x00000243e60af810, length=69, elements={
0x00000243a8f36860, 0x00000243c6af7d30, 0x00000243c6af8bb0, 0x00000243c6b0d220,
0x00000243c6b0ee60, 0x00000243c6b0fa20, 0x00000243c6b123f0, 0x00000243c6b13190,
0x00000243c6b15c50, 0x00000243e6014c70, 0x00000243e607a490, 0x00000243e61acb40,
0x00000243e64fcfd0, 0x00000243e64230a0, 0x00000243e87fa220, 0x00000243e7a49030,
0x00000243e651ccd0, 0x00000243e6f7a530, 0x00000243e6420ff0, 0x00000243e87a7400,
0x00000243e87a69e0, 0x00000243e87a5ab0, 0x00000243e87a55a0, 0x00000243e87a5090,
0x00000243e87a7e20, 0x00000243e87a6ef0, 0x00000243e87a8840, 0x00000243e87a64d0,
0x00000243e87a8330, 0x00000243e87a7910, 0x00000243e7b97930, 0x00000243e7b950b0,
0x00000243e7b99280, 0x00000243e7b9b0e0, 0x00000243e7b97420, 0x00000243e7b97e40,
0x00000243e7b96f10, 0x00000243e7b94ba0, 0x00000243e7b96a00, 0x00000243e7b99790,
0x00000243e7b9abd0, 0x00000243e7b955c0, 0x00000243e7b98860, 0x00000243e7b99ca0,
0x00000243e7b9a1b0, 0x00000243e7b95ad0, 0x00000243e7b9a6c0, 0x00000243e7b93c70,
0x00000243e7b95fe0, 0x00000243ea5afc10, 0x00000243ea5b0b40, 0x00000243ea5b0120,
0x00000243ea5b0630, 0x00000243ea5b1050, 0x00000243ea5b1a70, 0x00000243ea5b1560,
0x00000243ea5b1f80, 0x00000243ea5aba40, 0x00000243ea5ace80, 0x00000243ea5abf50,
0x00000243ea5ad8a0, 0x00000243ea5addb0, 0x00000243ea5ac460, 0x00000243ea5ab530,
0x00000243ea5ae7d0, 0x00000243ea5ac970, 0x00000243ea5aece0, 0x00000243ea5b2490,
0x00000243e79b7c30
}

Java Threads: ( => current thread )
  0x00000243a8f36860 JavaThread "main" [_thread_blocked, id=20012, stack(0x000000d5d3600000,0x000000d5d3700000)]
  0x00000243c6af7d30 JavaThread "Reference Handler" daemon [_thread_blocked, id=14684, stack(0x000000d5d3d00000,0x000000d5d3e00000)]
  0x00000243c6af8bb0 JavaThread "Finalizer" daemon [_thread_blocked, id=13420, stack(0x000000d5d3e00000,0x000000d5d3f00000)]
  0x00000243c6b0d220 JavaThread "Signal Dispatcher" daemon [_thread_blocked, id=6924, stack(0x000000d5d3f00000,0x000000d5d4000000)]
  0x00000243c6b0ee60 JavaThread "Attach Listener" daemon [_thread_blocked, id=1264, stack(0x000000d5d4000000,0x000000d5d4100000)]
  0x00000243c6b0fa20 JavaThread "Service Thread" daemon [_thread_blocked, id=21416, stack(0x000000d5d4100000,0x000000d5d4200000)]
  0x00000243c6b123f0 JavaThread "Monitor Deflation Thread" daemon [_thread_blocked, id=9312, stack(0x000000d5d4200000,0x000000d5d4300000)]
=>0x00000243c6b13190 JavaThread "C2 CompilerThread0" daemon [_thread_in_native, id=10128, stack(0x000000d5d4300000,0x000000d5d4400000)]
  0x00000243c6b15c50 JavaThread "C1 CompilerThread0" daemon [_thread_blocked, id=23196, stack(0x000000d5d4400000,0x000000d5d4500000)]
  0x00000243e6014c70 JavaThread "Sweeper thread" daemon [_thread_blocked, id=17592, stack(0x000000d5d4500000,0x000000d5d4600000)]
  0x00000243e607a490 JavaThread "Common-Cleaner" daemon [_thread_blocked, id=17880, stack(0x000000d5d4600000,0x000000d5d4700000)]
  0x00000243e61acb40 JavaThread "Notification Thread" daemon [_thread_blocked, id=10112, stack(0x000000d5d4700000,0x000000d5d4800000)]
  0x00000243e64fcfd0 JavaThread "Daemon health stats" [_thread_blocked, id=12316, stack(0x000000d5d4c00000,0x000000d5d4d00000)]
  0x00000243e64230a0 JavaThread "Incoming local TCP Connector on port 53701" [_thread_in_native, id=19804, stack(0x000000d5d4d00000,0x000000d5d4e00000)]
  0x00000243e87fa220 JavaThread "Daemon periodic checks" [_thread_blocked, id=7720, stack(0x000000d5d4e00000,0x000000d5d4f00000)]
  0x00000243e7a49030 JavaThread "Daemon" [_thread_blocked, id=22572, stack(0x000000d5d4f00000,0x000000d5d5000000)]
  0x00000243e651ccd0 JavaThread "Handler for socket connection from /127.0.0.1:53701 to /127.0.0.1:53702" [_thread_in_native, id=8256, stack(0x000000d5d5000000,0x000000d5d5100000)]
  0x00000243e6f7a530 JavaThread "Cancel handler" [_thread_blocked, id=4236, stack(0x000000d5d5100000,0x000000d5d5200000)]
  0x00000243e6420ff0 JavaThread "Daemon worker" [_thread_blocked, id=23652, stack(0x000000d5d5200000,0x000000d5d5300000)]
  0x00000243e87a7400 JavaThread "Asynchronous log dispatcher for DefaultDaemonConnection: socket connection from /127.0.0.1:53701 to /127.0.0.1:53702" [_thread_blocked, id=20824, stack(0x000000d5d5300000,0x000000d5d5400000)]
  0x00000243e87a69e0 JavaThread "Stdin handler" [_thread_blocked, id=20336, stack(0x000000d5d5400000,0x000000d5d5500000)]
  0x00000243e87a5ab0 JavaThread "Daemon client event forwarder" [_thread_blocked, id=23244, stack(0x000000d5d5500000,0x000000d5d5600000)]
  0x00000243e87a55a0 JavaThread "Cache worker for journal cache (C:\Users\Hai\.gradle\caches\journal-1)" [_thread_blocked, id=8964, stack(0x000000d5d5600000,0x000000d5d5700000)]
  0x00000243e87a5090 JavaThread "File lock request listener" [_thread_in_native, id=18208, stack(0x000000d5d5700000,0x000000d5d5800000)]
  0x00000243e87a7e20 JavaThread "Cache worker for file hash cache (C:\Users\Hai\.gradle\caches\8.6\fileHashes)" [_thread_blocked, id=16984, stack(0x000000d5d5800000,0x000000d5d5900000)]
  0x00000243e87a6ef0 JavaThread "File watcher server" daemon [_thread_in_native, id=15904, stack(0x000000d5d5900000,0x000000d5d5a00000)]
  0x00000243e87a8840 JavaThread "File watcher consumer" daemon [_thread_blocked, id=23240, stack(0x000000d5d5a00000,0x000000d5d5b00000)]
  0x00000243e87a64d0 JavaThread "Cache worker for checksums cache (C:\Users\Hai\Music\RN_notepad\android\.gradle\8.6\checksums)" [_thread_blocked, id=3260, stack(0x000000d5d5c00000,0x000000d5d5d00000)]
  0x00000243e87a8330 JavaThread "Cache worker for file hash cache (C:\Users\Hai\Music\RN_notepad\android\.gradle\8.6\fileHashes)" [_thread_blocked, id=16904, stack(0x000000d5d5d00000,0x000000d5d5e00000)]
  0x00000243e87a7910 JavaThread "Cache worker for cache directory md-supplier (C:\Users\Hai\.gradle\caches\8.6\md-supplier)" [_thread_blocked, id=17660, stack(0x000000d5d5e00000,0x000000d5d5f00000)]
  0x00000243e7b97930 JavaThread "Cache worker for cache directory md-rule (C:\Users\Hai\.gradle\caches\8.6\md-rule)" [_thread_blocked, id=8884, stack(0x000000d5d5f00000,0x000000d5d6000000)]
  0x00000243e7b950b0 JavaThread "Cache worker for file content cache (C:\Users\Hai\.gradle\caches\8.6\fileContent)" [_thread_blocked, id=7804, stack(0x000000d5d6000000,0x000000d5d6100000)]
  0x00000243e7b99280 JavaThread "jar transforms" [_thread_blocked, id=11740, stack(0x000000d5d6100000,0x000000d5d6200000)]
  0x00000243e7b9b0e0 JavaThread "jar transforms Thread 2" [_thread_blocked, id=8948, stack(0x000000d5d6200000,0x000000d5d6300000)]
  0x00000243e7b97420 JavaThread "jar transforms Thread 3" [_thread_blocked, id=17328, stack(0x000000d5d6300000,0x000000d5d6400000)]
  0x00000243e7b97e40 JavaThread "jar transforms Thread 4" [_thread_blocked, id=22536, stack(0x000000d5d6400000,0x000000d5d6500000)]
  0x00000243e7b96f10 JavaThread "Exec process" [_thread_in_native, id=11556, stack(0x000000d5d6500000,0x000000d5d6600000)]
  0x00000243e7b94ba0 JavaThread "Exec process Thread 2" [_thread_in_native, id=9728, stack(0x000000d5d6600000,0x000000d5d6700000)]
  0x00000243e7b96a00 JavaThread "Exec process Thread 3" [_thread_in_native, id=19324, stack(0x000000d5d6700000,0x000000d5d6800000)]
  0x00000243e7b99790 JavaThread "File lock release action executor" [_thread_blocked, id=7656, stack(0x000000d5d6800000,0x000000d5d6900000)]
  0x00000243e7b9abd0 JavaThread "Unconstrained build operations" [_thread_blocked, id=14792, stack(0x000000d5d6900000,0x000000d5d6a00000)]
  0x00000243e7b955c0 JavaThread "Unconstrained build operations Thread 2" [_thread_blocked, id=8820, stack(0x000000d5d6a00000,0x000000d5d6b00000)]
  0x00000243e7b98860 JavaThread "Cache worker for Build Output Cleanup Cache (C:\Users\Hai\Music\RN_notepad\node_modules\@react-native\gradle-plugin\.gradle\buildOutputCleanup)" [_thread_blocked, id=9224, stack(0x000000d5d6b00000,0x000000d5d6c00000)]
  0x00000243e7b99ca0 JavaThread "Unconstrained build operations Thread 3" [_thread_blocked, id=9856, stack(0x000000d5d6c00000,0x000000d5d6d00000)]
  0x00000243e7b9a1b0 JavaThread "Unconstrained build operations Thread 4" [_thread_blocked, id=24272, stack(0x000000d5d6d00000,0x000000d5d6e00000)]
  0x00000243e7b95ad0 JavaThread "Unconstrained build operations Thread 5" [_thread_blocked, id=22936, stack(0x000000d5d6e00000,0x000000d5d6f00000)]
  0x00000243e7b9a6c0 JavaThread "build event listener" [_thread_blocked, id=24112, stack(0x000000d5d6f00000,0x000000d5d7000000)]
  0x00000243e7b93c70 JavaThread "Memory manager" [_thread_blocked, id=11596, stack(0x000000d5d7000000,0x000000d5d7100000)]
  0x00000243e7b95fe0 JavaThread "Cache worker for Build Output Cleanup Cache (C:\Users\Hai\Music\RN_notepad\android\.gradle\buildOutputCleanup)" [_thread_blocked, id=6964, stack(0x000000d5d7100000,0x000000d5d7200000)]
  0x00000243ea5afc10 JavaThread "ForkJoinPool.commonPool-worker-1" daemon [_thread_blocked, id=20456, stack(0x000000d5d7200000,0x000000d5d7300000)]
  0x00000243ea5b0b40 JavaThread "ForkJoinPool.commonPool-worker-2" daemon [_thread_blocked, id=15016, stack(0x000000d5d7300000,0x000000d5d7400000)]
  0x00000243ea5b0120 JavaThread "ForkJoinPool.commonPool-worker-3" daemon [_thread_blocked, id=8084, stack(0x000000d5d7400000,0x000000d5d7500000)]
  0x00000243ea5b0630 JavaThread "included builds" [_thread_blocked, id=9144, stack(0x000000d5d3400000,0x000000d5d3500000)]
  0x00000243ea5b1050 JavaThread "Execution worker" [_thread_blocked, id=18572, stack(0x000000d5d3500000,0x000000d5d3600000)]
  0x00000243ea5b1a70 JavaThread "Execution worker Thread 2" [_thread_blocked, id=3148, stack(0x000000d5d7500000,0x000000d5d7600000)]
  0x00000243ea5b1560 JavaThread "Execution worker Thread 3" [_thread_blocked, id=24248, stack(0x000000d5d7600000,0x000000d5d7700000)]
  0x00000243ea5b1f80 JavaThread "Cache worker for execution history cache (C:\Users\Hai\Music\RN_notepad\node_modules\@react-native\gradle-plugin\.gradle\8.6\executionHistory)" [_thread_blocked, id=12808, stack(0x000000d5d7700000,0x000000d5d7800000)]
  0x00000243ea5aba40 JavaThread "Unconstrained build operations Thread 6" [_thread_blocked, id=17228, stack(0x000000d5d7800000,0x000000d5d7900000)]
  0x00000243ea5ace80 JavaThread "Unconstrained build operations Thread 7" [_thread_blocked, id=11440, stack(0x000000d5d7900000,0x000000d5d7a00000)]
  0x00000243ea5abf50 JavaThread "Unconstrained build operations Thread 8" [_thread_blocked, id=6084, stack(0x000000d5d7a00000,0x000000d5d7b00000)]
  0x00000243ea5ad8a0 JavaThread "Unconstrained build operations Thread 9" [_thread_blocked, id=5684, stack(0x000000d5d7b00000,0x000000d5d7c00000)]
  0x00000243ea5addb0 JavaThread "Unconstrained build operations Thread 10" [_thread_blocked, id=8608, stack(0x000000d5d7c00000,0x000000d5d7d00000)]
  0x00000243ea5ac460 JavaThread "Unconstrained build operations Thread 11" [_thread_blocked, id=19312, stack(0x000000d5d7d00000,0x000000d5d7e00000)]
  0x00000243ea5ab530 JavaThread "Unconstrained build operations Thread 12" [_thread_blocked, id=13352, stack(0x000000d5d7e00000,0x000000d5d7f00000)]
  0x00000243ea5ae7d0 JavaThread "Unconstrained build operations Thread 13" [_thread_blocked, id=10376, stack(0x000000d5d7f00000,0x000000d5d8000000)]
  0x00000243ea5ac970 JavaThread "Unconstrained build operations Thread 14" [_thread_blocked, id=18448, stack(0x000000d5d8000000,0x000000d5d8100000)]
  0x00000243ea5aece0 JavaThread "Unconstrained build operations Thread 15" [_thread_blocked, id=17324, stack(0x000000d5d8100000,0x000000d5d8200000)]
  0x00000243ea5b2490 JavaThread "Unconstrained build operations Thread 16" [_thread_blocked, id=1528, stack(0x000000d5d8200000,0x000000d5d8300000)]
  0x00000243e79b7c30 JavaThread "build event listener" [_thread_blocked, id=23980, stack(0x000000d5d8500000,0x000000d5d8600000)]

Other Threads:
  0x00000243c6af1dc0 VMThread "VM Thread" [stack: 0x000000d5d3c00000,0x000000d5d3d00000] [id=8984]
  0x00000243e61ad020 WatcherThread [stack: 0x000000d5d4800000,0x000000d5d4900000] [id=17036]
  0x00000243a8f90c20 GCTaskThread "GC Thread#0" [stack: 0x000000d5d3700000,0x000000d5d3800000] [id=23992]
  0x00000243e62f6d80 GCTaskThread "GC Thread#1" [stack: 0x000000d5d4900000,0x000000d5d4a00000] [id=11992]
  0x00000243e62f7040 GCTaskThread "GC Thread#2" [stack: 0x000000d5d4a00000,0x000000d5d4b00000] [id=376]
  0x00000243e6b97fa0 GCTaskThread "GC Thread#3" [stack: 0x000000d5d4b00000,0x000000d5d4c00000] [id=17396]
  0x00000243a8fa1b70 ConcurrentGCThread "G1 Main Marker" [stack: 0x000000d5d3800000,0x000000d5d3900000] [id=18024]
  0x00000243a8fa2590 ConcurrentGCThread "G1 Conc#0" [stack: 0x000000d5d3900000,0x000000d5d3a00000] [id=20932]
  0x00000243a8fdd590 ConcurrentGCThread "G1 Refine#0" [stack: 0x000000d5d3a00000,0x000000d5d3b00000] [id=19192]
  0x00000243e75d6a80 ConcurrentGCThread "G1 Refine#1" [stack: 0x000000d5d5b00000,0x000000d5d5c00000] [id=14916]
  0x00000243a8fddfc0 ConcurrentGCThread "G1 Service" [stack: 0x000000d5d3b00000,0x000000d5d3c00000] [id=14628]

Threads with active compile tasks:
C2 CompilerThread0    46889 10471   !   4       org.gradle.internal.event.DefaultListenerManager$EventBroadcast::endNotification (145 bytes)

VM state: not at safepoint (normal execution)

VM Mutex/Monitor currently owned by a thread: None

Heap address: 0x0000000080000000, size: 2048 MB, Compressed Oops mode: 32-bit

CDS archive(s) mapped at: [0x00000243c7000000-0x00000243c7bb0000-0x00000243c7bb0000), size 12255232, SharedBaseAddress: 0x00000243c7000000, ArchiveRelocationMode: 1.
Compressed class space mapped at: 0x00000243c8000000-0x00000243e2000000, reserved size: 436207616
Narrow klass base: 0x00000243c7000000, Narrow klass shift: 0, Narrow klass range: 0x100000000

GC Precious Log:
 CPUs: 4 total, 4 available
 Memory: 8087M
 Large Page Support: Disabled
 NUMA Support: Disabled
 Compressed Oops: Enabled (32-bit)
 Heap Region Size: 1M
 Heap Min Capacity: 8M
 Heap Initial Capacity: 128M
 Heap Max Capacity: 2G
 Pre-touch: Disabled
 Parallel Workers: 4
 Concurrent Workers: 1
 Concurrent Refinement Workers: 4
 Periodic GC: Disabled

Heap:
 garbage-first heap   total 181248K, used 95471K [0x0000000080000000, 0x0000000100000000)
  region size 1024K, 7 young (7168K), 4 survivors (4096K)
 Metaspace       used 82292K, committed 83136K, reserved 557056K
  class space    used 11522K, committed 11904K, reserved 425984K

Heap Regions: E=young(eden), S=young(survivor), O=old, HS=humongous(starts), HC=humongous(continues), CS=collection set, F=free, OA=open archive, CA=closed archive, TAMS=top-at-mark-start (previous, next)
|   0|0x0000000080000000, 0x0000000080100000, 0x0000000080100000|100%| O|  |TAMS 0x0000000080100000, 0x0000000080000000| Untracked 
|   1|0x0000000080100000, 0x0000000080200000, 0x0000000080200000|100%| O|  |TAMS 0x0000000080200000, 0x0000000080100000| Untracked 
|   2|0x0000000080200000, 0x0000000080300000, 0x0000000080300000|100%|HS|  |TAMS 0x0000000080300000, 0x0000000080200000| Complete 
|   3|0x0000000080300000, 0x0000000080400000, 0x0000000080400000|100%|HC|  |TAMS 0x0000000080400000, 0x0000000080300000| Complete 
|   4|0x0000000080400000, 0x0000000080500000, 0x0000000080500000|100%|HC|  |TAMS 0x0000000080500000, 0x0000000080400000| Complete 
|   5|0x0000000080500000, 0x0000000080600000, 0x0000000080600000|100%|HC|  |TAMS 0x0000000080600000, 0x0000000080500000| Complete 
|   6|0x0000000080600000, 0x0000000080700000, 0x0000000080700000|100%| O|  |TAMS 0x0000000080700000, 0x0000000080600000| Untracked 
|   7|0x0000000080700000, 0x0000000080800000, 0x0000000080800000|100%| O|  |TAMS 0x0000000080800000, 0x0000000080700000| Untracked 
|   8|0x0000000080800000, 0x0000000080900000, 0x0000000080900000|100%| O|  |TAMS 0x0000000080900000, 0x0000000080800000| Untracked 
|   9|0x0000000080900000, 0x0000000080a00000, 0x0000000080a00000|100%| O|  |TAMS 0x0000000080a00000, 0x0000000080900000| Untracked 
|  10|0x0000000080a00000, 0x0000000080b00000, 0x0000000080b00000|100%| O|  |TAMS 0x0000000080b00000, 0x0000000080a00000| Untracked 
|  11|0x0000000080b00000, 0x0000000080c00000, 0x0000000080c00000|100%| O|  |TAMS 0x0000000080c00000, 0x0000000080b00000| Untracked 
|  12|0x0000000080c00000, 0x0000000080d00000, 0x0000000080d00000|100%| O|  |TAMS 0x0000000080d00000, 0x0000000080c00000| Untracked 
|  13|0x0000000080d00000, 0x0000000080e00000, 0x0000000080e00000|100%| O|  |TAMS 0x0000000080e00000, 0x0000000080d00000| Untracked 
|  14|0x0000000080e00000, 0x0000000080f00000, 0x0000000080f00000|100%| O|  |TAMS 0x0000000080f00000, 0x0000000080e00000| Untracked 
|  15|0x0000000080f00000, 0x0000000081000000, 0x0000000081000000|100%| O|  |TAMS 0x0000000081000000, 0x0000000080f00000| Untracked 
|  16|0x0000000081000000, 0x0000000081100000, 0x0000000081100000|100%| O|  |TAMS 0x0000000081100000, 0x0000000081000000| Untracked 
|  17|0x0000000081100000, 0x0000000081200000, 0x0000000081200000|100%| O|  |TAMS 0x0000000081200000, 0x0000000081100000| Untracked 
|  18|0x0000000081200000, 0x0000000081300000, 0x0000000081300000|100%| O|  |TAMS 0x0000000081300000, 0x0000000081200000| Untracked 
|  19|0x0000000081300000, 0x00000000813de600, 0x0000000081400000| 86%| O|  |TAMS 0x00000000813de600, 0x0000000081300000| Untracked 
|  20|0x0000000081400000, 0x0000000081500000, 0x0000000081500000|100%| O|  |TAMS 0x0000000081500000, 0x0000000081400000| Untracked 
|  21|0x0000000081500000, 0x0000000081600000, 0x0000000081600000|100%| O|  |TAMS 0x0000000081600000, 0x0000000081500000| Untracked 
|  22|0x0000000081600000, 0x0000000081700000, 0x0000000081700000|100%| O|  |TAMS 0x0000000081700000, 0x0000000081600000| Untracked 
|  23|0x0000000081700000, 0x0000000081800000, 0x0000000081800000|100%| O|  |TAMS 0x0000000081800000, 0x0000000081700000| Untracked 
|  24|0x0000000081800000, 0x0000000081900000, 0x0000000081900000|100%| O|  |TAMS 0x0000000081900000, 0x0000000081800000| Untracked 
|  25|0x0000000081900000, 0x0000000081a00000, 0x0000000081a00000|100%| O|  |TAMS 0x0000000081a00000, 0x0000000081900000| Untracked 
|  26|0x0000000081a00000, 0x0000000081b00000, 0x0000000081b00000|100%| O|  |TAMS 0x0000000081b00000, 0x0000000081a00000| Untracked 
|  27|0x0000000081b00000, 0x0000000081c00000, 0x0000000081c00000|100%| O|  |TAMS 0x0000000081c00000, 0x0000000081b00000| Untracked 
|  28|0x0000000081c00000, 0x0000000081d00000, 0x0000000081d00000|100%| O|  |TAMS 0x0000000081d00000, 0x0000000081c00000| Untracked 
|  29|0x0000000081d00000, 0x0000000081e00000, 0x0000000081e00000|100%| O|  |TAMS 0x0000000081e00000, 0x0000000081d00000| Untracked 
|  30|0x0000000081e00000, 0x0000000081f00000, 0x0000000081f00000|100%| O|  |TAMS 0x0000000081f00000, 0x0000000081e00000| Untracked 
|  31|0x0000000081f00000, 0x0000000082000000, 0x0000000082000000|100%| O|  |TAMS 0x0000000082000000, 0x0000000081f00000| Untracked 
|  32|0x0000000082000000, 0x0000000082100000, 0x0000000082100000|100%| O|  |TAMS 0x0000000082100000, 0x0000000082000000| Untracked 
|  33|0x0000000082100000, 0x0000000082200000, 0x0000000082200000|100%| O|  |TAMS 0x0000000082200000, 0x0000000082100000| Untracked 
|  34|0x0000000082200000, 0x0000000082300000, 0x0000000082300000|100%| O|  |TAMS 0x0000000082300000, 0x0000000082200000| Untracked 
|  35|0x0000000082300000, 0x0000000082400000, 0x0000000082400000|100%| O|  |TAMS 0x0000000082400000, 0x0000000082300000| Untracked 
|  36|0x0000000082400000, 0x0000000082500000, 0x0000000082500000|100%| O|  |TAMS 0x0000000082500000, 0x0000000082400000| Untracked 
|  37|0x0000000082500000, 0x0000000082600000, 0x0000000082600000|100%|HS|  |TAMS 0x0000000082600000, 0x0000000082500000| Complete 
|  38|0x0000000082600000, 0x0000000082700000, 0x0000000082700000|100%|HC|  |TAMS 0x0000000082700000, 0x0000000082600000| Complete 
|  39|0x0000000082700000, 0x0000000082800000, 0x0000000082800000|100%|HS|  |TAMS 0x0000000082800000, 0x0000000082700000| Complete 
|  40|0x0000000082800000, 0x0000000082900000, 0x0000000082900000|100%|HC|  |TAMS 0x0000000082900000, 0x0000000082800000| Complete 
|  41|0x0000000082900000, 0x0000000082a00000, 0x0000000082a00000|100%| O|  |TAMS 0x0000000082900000, 0x0000000082900000| Untracked 
|  42|0x0000000082a00000, 0x0000000082b00000, 0x0000000082b00000|100%|HS|  |TAMS 0x0000000082b00000, 0x0000000082a00000| Complete 
|  43|0x0000000082b00000, 0x0000000082c00000, 0x0000000082c00000|100%|HC|  |TAMS 0x0000000082c00000, 0x0000000082b00000| Complete 
|  44|0x0000000082c00000, 0x0000000082d00000, 0x0000000082d00000|100%|HC|  |TAMS 0x0000000082d00000, 0x0000000082c00000| Complete 
|  45|0x0000000082d00000, 0x0000000082e00000, 0x0000000082e00000|100%|HC|  |TAMS 0x0000000082e00000, 0x0000000082d00000| Complete 
|  46|0x0000000082e00000, 0x0000000082f00000, 0x0000000082f00000|100%| O|  |TAMS 0x0000000082f00000, 0x0000000082e00000| Untracked 
|  47|0x0000000082f00000, 0x0000000083000000, 0x0000000083000000|100%| O|  |TAMS 0x0000000083000000, 0x0000000082f00000| Untracked 
|  48|0x0000000083000000, 0x0000000083100000, 0x0000000083100000|100%| O|  |TAMS 0x0000000083100000, 0x0000000083000000| Untracked 
|  49|0x0000000083100000, 0x0000000083200000, 0x0000000083200000|100%| O|  |TAMS 0x0000000083200000, 0x0000000083100000| Untracked 
|  50|0x0000000083200000, 0x0000000083300000, 0x0000000083300000|100%| O|  |TAMS 0x0000000083300000, 0x0000000083200000| Untracked 
|  51|0x0000000083300000, 0x0000000083400000, 0x0000000083400000|100%| O|  |TAMS 0x0000000083400000, 0x0000000083300000| Untracked 
|  52|0x0000000083400000, 0x0000000083500000, 0x0000000083500000|100%|HS|  |TAMS 0x0000000083400000, 0x0000000083400000| Complete 
|  53|0x0000000083500000, 0x0000000083600000, 0x0000000083600000|100%|HS|  |TAMS 0x0000000083600000, 0x0000000083500000| Complete 
|  54|0x0000000083600000, 0x0000000083700000, 0x0000000083700000|100%|HC|  |TAMS 0x0000000083700000, 0x0000000083600000| Complete 
|  55|0x0000000083700000, 0x0000000083800000, 0x0000000083800000|100%|HC|  |TAMS 0x0000000083800000, 0x0000000083700000| Complete 
|  56|0x0000000083800000, 0x0000000083900000, 0x0000000083900000|100%|HC|  |TAMS 0x0000000083900000, 0x0000000083800000| Complete 
|  57|0x0000000083900000, 0x0000000083a00000, 0x0000000083a00000|100%| O|  |TAMS 0x0000000083a00000, 0x0000000083900000| Untracked 
|  58|0x0000000083a00000, 0x0000000083b00000, 0x0000000083b00000|100%| O|  |TAMS 0x0000000083b00000, 0x0000000083a00000| Untracked 
|  59|0x0000000083b00000, 0x0000000083c00000, 0x0000000083c00000|100%| O|  |TAMS 0x0000000083c00000, 0x0000000083b00000| Untracked 
|  60|0x0000000083c00000, 0x0000000083d00000, 0x0000000083d00000|100%| O|  |TAMS 0x0000000083d00000, 0x0000000083c00000| Untracked 
|  61|0x0000000083d00000, 0x0000000083e00000, 0x0000000083e00000|100%| O|  |TAMS 0x0000000083e00000, 0x0000000083d00000| Untracked 
|  62|0x0000000083e00000, 0x0000000083f00000, 0x0000000083f00000|100%| O|  |TAMS 0x0000000083f00000, 0x0000000083e00000| Untracked 
|  63|0x0000000083f00000, 0x0000000084000000, 0x0000000084000000|100%| O|  |TAMS 0x0000000084000000, 0x0000000083f00000| Untracked 
|  64|0x0000000084000000, 0x0000000084100000, 0x0000000084100000|100%| O|  |TAMS 0x0000000084100000, 0x0000000084000000| Untracked 
|  65|0x0000000084100000, 0x0000000084200000, 0x0000000084200000|100%| O|  |TAMS 0x0000000084200000, 0x0000000084100000| Untracked 
|  66|0x0000000084200000, 0x0000000084300000, 0x0000000084300000|100%| O|  |TAMS 0x00000000842ef800, 0x0000000084200000| Untracked 
|  67|0x0000000084300000, 0x0000000084400000, 0x0000000084400000|100%|HS|  |TAMS 0x0000000084300000, 0x0000000084300000| Complete 
|  68|0x0000000084400000, 0x0000000084500000, 0x0000000084500000|100%|HS|  |TAMS 0x0000000084400000, 0x0000000084400000| Complete 
|  69|0x0000000084500000, 0x0000000084600000, 0x0000000084600000|100%| O|  |TAMS 0x0000000084500000, 0x0000000084500000| Untracked 
|  70|0x0000000084600000, 0x0000000084700000, 0x0000000084700000|100%|HS|  |TAMS 0x0000000084600000, 0x0000000084600000| Complete 
|  71|0x0000000084700000, 0x0000000084800000, 0x0000000084800000|100%|HS|  |TAMS 0x0000000084700000, 0x0000000084700000| Complete 
|  72|0x0000000084800000, 0x0000000084900000, 0x0000000084900000|100%| O|  |TAMS 0x0000000084800000, 0x0000000084800000| Untracked 
|  73|0x0000000084900000, 0x0000000084a00000, 0x0000000084a00000|100%| O|  |TAMS 0x0000000084900000, 0x0000000084900000| Untracked 
|  74|0x0000000084a00000, 0x0000000084b00000, 0x0000000084b00000|100%| O|  |TAMS 0x0000000084a00000, 0x0000000084a00000| Untracked 
|  75|0x0000000084b00000, 0x0000000084c00000, 0x0000000084c00000|100%| O|  |TAMS 0x0000000084b00000, 0x0000000084b00000| Untracked 
|  76|0x0000000084c00000, 0x0000000084d00000, 0x0000000084d00000|100%| O|  |TAMS 0x0000000084c00000, 0x0000000084c00000| Untracked 
|  77|0x0000000084d00000, 0x0000000084e00000, 0x0000000084e00000|100%| O|  |TAMS 0x0000000084d00000, 0x0000000084d00000| Untracked 
|  78|0x0000000084e00000, 0x0000000084f00000, 0x0000000084f00000|100%| O|  |TAMS 0x0000000084e00000, 0x0000000084e00000| Untracked 
|  79|0x0000000084f00000, 0x0000000085000000, 0x0000000085000000|100%| O|  |TAMS 0x0000000084f00000, 0x0000000084f00000| Untracked 
|  80|0x0000000085000000, 0x0000000085100000, 0x0000000085100000|100%| O|  |TAMS 0x0000000085000000, 0x0000000085000000| Untracked 
|  81|0x0000000085100000, 0x0000000085200000, 0x0000000085200000|100%| O|  |TAMS 0x0000000085100000, 0x0000000085100000| Untracked 
|  82|0x0000000085200000, 0x0000000085300000, 0x0000000085300000|100%| O|  |TAMS 0x0000000085200000, 0x0000000085200000| Untracked 
|  83|0x0000000085300000, 0x0000000085400000, 0x0000000085400000|100%| O|  |TAMS 0x0000000085300000, 0x0000000085300000| Untracked 
|  84|0x0000000085400000, 0x0000000085500000, 0x0000000085500000|100%| O|  |TAMS 0x0000000085400000, 0x0000000085400000| Untracked 
|  85|0x0000000085500000, 0x0000000085600000, 0x0000000085600000|100%| O|  |TAMS 0x0000000085500000, 0x0000000085500000| Untracked 
|  86|0x0000000085600000, 0x0000000085700000, 0x0000000085700000|100%| O|  |TAMS 0x0000000085600000, 0x0000000085600000| Untracked 
|  87|0x0000000085700000, 0x00000000857b7800, 0x0000000085800000| 71%| O|  |TAMS 0x0000000085700000, 0x0000000085700000| Untracked 
|  88|0x0000000085800000, 0x0000000085800000, 0x0000000085900000|  0%| F|  |TAMS 0x0000000085800000, 0x0000000085800000| Untracked 
|  89|0x0000000085900000, 0x0000000085900000, 0x0000000085a00000|  0%| F|  |TAMS 0x0000000085900000, 0x0000000085900000| Untracked 
|  90|0x0000000085a00000, 0x0000000085a00000, 0x0000000085b00000|  0%| F|  |TAMS 0x0000000085a00000, 0x0000000085a00000| Untracked 
|  91|0x0000000085b00000, 0x0000000085b00000, 0x0000000085c00000|  0%| F|  |TAMS 0x0000000085b00000, 0x0000000085b00000| Untracked 
|  92|0x0000000085c00000, 0x0000000085c00000, 0x0000000085d00000|  0%| F|  |TAMS 0x0000000085c00000, 0x0000000085c00000| Untracked 
|  93|0x0000000085d00000, 0x0000000085d00000, 0x0000000085e00000|  0%| F|  |TAMS 0x0000000085d00000, 0x0000000085d00000| Untracked 
|  94|0x0000000085e00000, 0x0000000085e00000, 0x0000000085f00000|  0%| F|  |TAMS 0x0000000085e00000, 0x0000000085e00000| Untracked 
|  95|0x0000000085f00000, 0x0000000085f00000, 0x0000000086000000|  0%| F|  |TAMS 0x0000000085f00000, 0x0000000085f00000| Untracked 
|  96|0x0000000086000000, 0x0000000086000000, 0x0000000086100000|  0%| F|  |TAMS 0x0000000086000000, 0x0000000086000000| Untracked 
|  97|0x0000000086100000, 0x0000000086100000, 0x0000000086200000|  0%| F|  |TAMS 0x0000000086100000, 0x0000000086100000| Untracked 
|  98|0x0000000086200000, 0x0000000086200000, 0x0000000086300000|  0%| F|  |TAMS 0x0000000086200000, 0x0000000086200000| Untracked 
|  99|0x0000000086300000, 0x0000000086300000, 0x0000000086400000|  0%| F|  |TAMS 0x0000000086300000, 0x0000000086300000| Untracked 
| 100|0x0000000086400000, 0x0000000086400000, 0x0000000086500000|  0%| F|  |TAMS 0x0000000086400000, 0x0000000086400000| Untracked 
| 101|0x0000000086500000, 0x0000000086500000, 0x0000000086600000|  0%| F|  |TAMS 0x0000000086500000, 0x0000000086500000| Untracked 
| 102|0x0000000086600000, 0x0000000086600000, 0x0000000086700000|  0%| F|  |TAMS 0x0000000086600000, 0x0000000086600000| Untracked 
| 103|0x0000000086700000, 0x00000000867a5ec0, 0x0000000086800000| 64%| S|CS|TAMS 0x0000000086700000, 0x0000000086700000| Complete 
| 104|0x0000000086800000, 0x0000000086800000, 0x0000000086900000|  0%| F|  |TAMS 0x0000000086800000, 0x0000000086800000| Untracked 
| 105|0x0000000086900000, 0x0000000086900000, 0x0000000086a00000|  0%| F|  |TAMS 0x0000000086900000, 0x0000000086900000| Untracked 
| 106|0x0000000086a00000, 0x0000000086b00000, 0x0000000086b00000|100%| S|CS|TAMS 0x0000000086a00000, 0x0000000086a00000| Complete 
| 107|0x0000000086b00000, 0x0000000086c00000, 0x0000000086c00000|100%| S|CS|TAMS 0x0000000086b00000, 0x0000000086b00000| Complete 
| 108|0x0000000086c00000, 0x0000000086c00000, 0x0000000086d00000|  0%| F|  |TAMS 0x0000000086c00000, 0x0000000086c00000| Untracked 
| 109|0x0000000086d00000, 0x0000000086e00000, 0x0000000086e00000|100%| S|CS|TAMS 0x0000000086d00000, 0x0000000086d00000| Complete 
| 110|0x0000000086e00000, 0x0000000086e00000, 0x0000000086f00000|  0%| F|  |TAMS 0x0000000086e00000, 0x0000000086e00000| Untracked 
| 111|0x0000000086f00000, 0x0000000086f00000, 0x0000000087000000|  0%| F|  |TAMS 0x0000000086f00000, 0x0000000086f00000| Untracked 
| 112|0x0000000087000000, 0x0000000087000000, 0x0000000087100000|  0%| F|  |TAMS 0x0000000087000000, 0x0000000087000000| Untracked 
| 113|0x0000000087100000, 0x0000000087100000, 0x0000000087200000|  0%| F|  |TAMS 0x0000000087100000, 0x0000000087100000| Untracked 
| 114|0x0000000087200000, 0x0000000087200000, 0x0000000087300000|  0%| F|  |TAMS 0x0000000087200000, 0x0000000087200000| Untracked 
| 115|0x0000000087300000, 0x0000000087300000, 0x0000000087400000|  0%| F|  |TAMS 0x0000000087300000, 0x0000000087300000| Untracked 
| 116|0x0000000087400000, 0x0000000087400000, 0x0000000087500000|  0%| F|  |TAMS 0x0000000087400000, 0x0000000087400000| Untracked 
| 117|0x0000000087500000, 0x0000000087500000, 0x0000000087600000|  0%| F|  |TAMS 0x0000000087500000, 0x0000000087500000| Untracked 
| 118|0x0000000087600000, 0x0000000087600000, 0x0000000087700000|  0%| F|  |TAMS 0x0000000087600000, 0x0000000087600000| Untracked 
| 119|0x0000000087700000, 0x0000000087700000, 0x0000000087800000|  0%| F|  |TAMS 0x0000000087700000, 0x0000000087700000| Untracked 
| 120|0x0000000087800000, 0x0000000087800000, 0x0000000087900000|  0%| F|  |TAMS 0x0000000087800000, 0x0000000087800000| Untracked 
| 121|0x0000000087900000, 0x0000000087900000, 0x0000000087a00000|  0%| F|  |TAMS 0x0000000087900000, 0x0000000087900000| Untracked 
| 122|0x0000000087a00000, 0x0000000087a00000, 0x0000000087b00000|  0%| F|  |TAMS 0x0000000087a00000, 0x0000000087a00000| Untracked 
| 123|0x0000000087b00000, 0x0000000087b00000, 0x0000000087c00000|  0%| F|  |TAMS 0x0000000087b00000, 0x0000000087b00000| Untracked 
| 124|0x0000000087c00000, 0x0000000087c00000, 0x0000000087d00000|  0%| F|  |TAMS 0x0000000087c00000, 0x0000000087c00000| Untracked 
| 125|0x0000000087d00000, 0x0000000087d00000, 0x0000000087e00000|  0%| F|  |TAMS 0x0000000087d00000, 0x0000000087d00000| Untracked 
| 126|0x0000000087e00000, 0x0000000087e00000, 0x0000000087f00000|  0%| F|  |TAMS 0x0000000087e00000, 0x0000000087e00000| Untracked 
| 127|0x0000000087f00000, 0x0000000087f00000, 0x0000000088000000|  0%| F|  |TAMS 0x0000000087f00000, 0x0000000087f00000| Untracked 
| 128|0x0000000088000000, 0x0000000088000000, 0x0000000088100000|  0%| F|  |TAMS 0x0000000088000000, 0x0000000088000000| Untracked 
| 129|0x0000000088100000, 0x0000000088100000, 0x0000000088200000|  0%| F|  |TAMS 0x0000000088100000, 0x0000000088100000| Untracked 
| 130|0x0000000088200000, 0x0000000088200000, 0x0000000088300000|  0%| F|  |TAMS 0x0000000088200000, 0x0000000088200000| Untracked 
| 131|0x0000000088300000, 0x0000000088300000, 0x0000000088400000|  0%| F|  |TAMS 0x0000000088300000, 0x0000000088300000| Untracked 
| 132|0x0000000088400000, 0x0000000088400000, 0x0000000088500000|  0%| F|  |TAMS 0x0000000088400000, 0x0000000088400000| Untracked 
| 133|0x0000000088500000, 0x0000000088500000, 0x0000000088600000|  0%| F|  |TAMS 0x0000000088500000, 0x0000000088500000| Untracked 
| 134|0x0000000088600000, 0x0000000088600000, 0x0000000088700000|  0%| F|  |TAMS 0x0000000088600000, 0x0000000088600000| Untracked 
| 135|0x0000000088700000, 0x0000000088700000, 0x0000000088800000|  0%| F|  |TAMS 0x0000000088700000, 0x0000000088700000| Untracked 
| 136|0x0000000088800000, 0x0000000088800000, 0x0000000088900000|  0%| F|  |TAMS 0x0000000088800000, 0x0000000088800000| Untracked 
| 137|0x0000000088900000, 0x0000000088900000, 0x0000000088a00000|  0%| F|  |TAMS 0x0000000088900000, 0x0000000088900000| Untracked 
| 138|0x0000000088a00000, 0x0000000088a00000, 0x0000000088b00000|  0%| F|  |TAMS 0x0000000088a00000, 0x0000000088a00000| Untracked 
| 139|0x0000000088b00000, 0x0000000088b00000, 0x0000000088c00000|  0%| F|  |TAMS 0x0000000088b00000, 0x0000000088b00000| Untracked 
| 140|0x0000000088c00000, 0x0000000088c00000, 0x0000000088d00000|  0%| F|  |TAMS 0x0000000088c00000, 0x0000000088c00000| Untracked 
| 141|0x0000000088d00000, 0x0000000088d00000, 0x0000000088e00000|  0%| F|  |TAMS 0x0000000088d00000, 0x0000000088d00000| Untracked 
| 142|0x0000000088e00000, 0x0000000088e00000, 0x0000000088f00000|  0%| F|  |TAMS 0x0000000088e00000, 0x0000000088e00000| Untracked 
| 143|0x0000000088f00000, 0x0000000088f00000, 0x0000000089000000|  0%| F|  |TAMS 0x0000000088f00000, 0x0000000088f00000| Untracked 
| 144|0x0000000089000000, 0x0000000089000000, 0x0000000089100000|  0%| F|  |TAMS 0x0000000089000000, 0x0000000089000000| Untracked 
| 145|0x0000000089100000, 0x0000000089100000, 0x0000000089200000|  0%| F|  |TAMS 0x0000000089100000, 0x0000000089100000| Untracked 
| 146|0x0000000089200000, 0x0000000089200000, 0x0000000089300000|  0%| F|  |TAMS 0x0000000089200000, 0x0000000089200000| Untracked 
| 147|0x0000000089300000, 0x0000000089300000, 0x0000000089400000|  0%| F|  |TAMS 0x0000000089300000, 0x0000000089300000| Untracked 
| 148|0x0000000089400000, 0x0000000089400000, 0x0000000089500000|  0%| F|  |TAMS 0x0000000089400000, 0x0000000089400000| Untracked 
| 149|0x0000000089500000, 0x0000000089500000, 0x0000000089600000|  0%| F|  |TAMS 0x0000000089500000, 0x0000000089500000| Untracked 
| 150|0x0000000089600000, 0x0000000089600000, 0x0000000089700000|  0%| F|  |TAMS 0x0000000089600000, 0x0000000089600000| Untracked 
| 151|0x0000000089700000, 0x0000000089700000, 0x0000000089800000|  0%| F|  |TAMS 0x0000000089700000, 0x0000000089700000| Untracked 
| 152|0x0000000089800000, 0x0000000089800000, 0x0000000089900000|  0%| F|  |TAMS 0x0000000089800000, 0x0000000089800000| Untracked 
| 153|0x0000000089900000, 0x0000000089900000, 0x0000000089a00000|  0%| F|  |TAMS 0x0000000089900000, 0x0000000089900000| Untracked 
| 154|0x0000000089a00000, 0x0000000089a00000, 0x0000000089b00000|  0%| F|  |TAMS 0x0000000089a00000, 0x0000000089a00000| Untracked 
| 155|0x0000000089b00000, 0x0000000089b00000, 0x0000000089c00000|  0%| F|  |TAMS 0x0000000089b00000, 0x0000000089b00000| Untracked 
| 156|0x0000000089c00000, 0x0000000089c00000, 0x0000000089d00000|  0%| F|  |TAMS 0x0000000089c00000, 0x0000000089c00000| Untracked 
| 157|0x0000000089d00000, 0x0000000089d00000, 0x0000000089e00000|  0%| F|  |TAMS 0x0000000089d00000, 0x0000000089d00000| Untracked 
| 158|0x0000000089e00000, 0x0000000089e00000, 0x0000000089f00000|  0%| F|  |TAMS 0x0000000089e00000, 0x0000000089e00000| Untracked 
| 159|0x0000000089f00000, 0x0000000089f00000, 0x000000008a000000|  0%| F|  |TAMS 0x0000000089f00000, 0x0000000089f00000| Untracked 
| 160|0x000000008a000000, 0x000000008a000000, 0x000000008a100000|  0%| F|  |TAMS 0x000000008a000000, 0x000000008a000000| Untracked 
| 161|0x000000008a100000, 0x000000008a100000, 0x000000008a200000|  0%| F|  |TAMS 0x000000008a100000, 0x000000008a100000| Untracked 
| 162|0x000000008a200000, 0x000000008a200000, 0x000000008a300000|  0%| F|  |TAMS 0x000000008a200000, 0x000000008a200000| Untracked 
| 163|0x000000008a300000, 0x000000008a300000, 0x000000008a400000|  0%| F|  |TAMS 0x000000008a300000, 0x000000008a300000| Untracked 
| 164|0x000000008a400000, 0x000000008a400000, 0x000000008a500000|  0%| F|  |TAMS 0x000000008a400000, 0x000000008a400000| Untracked 
| 165|0x000000008a500000, 0x000000008a500000, 0x000000008a600000|  0%| F|  |TAMS 0x000000008a500000, 0x000000008a500000| Untracked 
| 166|0x000000008a600000, 0x000000008a600000, 0x000000008a700000|  0%| F|  |TAMS 0x000000008a600000, 0x000000008a600000| Untracked 
| 167|0x000000008a700000, 0x000000008a700000, 0x000000008a800000|  0%| F|  |TAMS 0x000000008a700000, 0x000000008a700000| Untracked 
| 168|0x000000008a800000, 0x000000008a800000, 0x000000008a900000|  0%| F|  |TAMS 0x000000008a800000, 0x000000008a800000| Untracked 
| 169|0x000000008a900000, 0x000000008a900000, 0x000000008aa00000|  0%| F|  |TAMS 0x000000008a900000, 0x000000008a900000| Untracked 
| 170|0x000000008aa00000, 0x000000008aa00000, 0x000000008ab00000|  0%| F|  |TAMS 0x000000008aa00000, 0x000000008aa00000| Untracked 
| 171|0x000000008ab00000, 0x000000008ab00000, 0x000000008ac00000|  0%| F|  |TAMS 0x000000008ab00000, 0x000000008ab00000| Untracked 
| 172|0x000000008ac00000, 0x000000008ac00000, 0x000000008ad00000|  0%| F|  |TAMS 0x000000008ac00000, 0x000000008ac00000| Untracked 
| 173|0x000000008ad00000, 0x000000008ad00000, 0x000000008ae00000|  0%| F|  |TAMS 0x000000008ad00000, 0x000000008ad00000| Untracked 
| 174|0x000000008ae00000, 0x000000008ae5ba80, 0x000000008af00000| 35%| E|  |TAMS 0x000000008ae00000, 0x000000008ae00000| Complete 
| 175|0x000000008af00000, 0x000000008b000000, 0x000000008b000000|100%| E|CS|TAMS 0x000000008af00000, 0x000000008af00000| Complete 
| 176|0x000000008b000000, 0x000000008b100000, 0x000000008b100000|100%| E|CS|TAMS 0x000000008b000000, 0x000000008b000000| Complete 

Card table byte_map: [0x00000243bfe40000,0x00000243c0240000] _byte_map_base: 0x00000243bfa40000

Marking Bits (Prev, Next): (CMBitMap*) 0x00000243a8f91280, (CMBitMap*) 0x00000243a8f91240
 Prev Bits: [0x00000243c2640000, 0x00000243c4640000)
 Next Bits: [0x00000243c0640000, 0x00000243c2640000)

Polling page: 0x00000243a6cc0000

Metaspace:

Usage:
  Non-class:     69.11 MB used.
      Class:     11.25 MB used.
       Both:     80.36 MB used.

Virtual space:
  Non-class space:      128.00 MB reserved,      69.56 MB ( 54%) committed,  2 nodes.
      Class space:      416.00 MB reserved,      11.62 MB (  3%) committed,  1 nodes.
             Both:      544.00 MB reserved,      81.19 MB ( 15%) committed. 

Chunk freelists:
   Non-Class:  9.98 MB
       Class:  4.41 MB
        Both:  14.40 MB

MaxMetaspaceSize: 512.00 MB
CompressedClassSpaceSize: 416.00 MB
Initial GC threshold: 21.00 MB
Current GC threshold: 111.69 MB
CDS: on
MetaspaceReclaimPolicy: balanced
 - commit_granule_bytes: 65536.
 - commit_granule_words: 8192.
 - virtual_space_node_default_size: 8388608.
 - enlarge_chunks_in_place: 1.
 - new_chunks_are_fully_committed: 0.
 - uncommit_free_chunks: 1.
 - use_allocation_guard: 0.
 - handle_deallocations: 1.


Internal statistics:

num_allocs_failed_limit: 6.
num_arena_births: 962.
num_arena_deaths: 0.
num_vsnodes_births: 3.
num_vsnodes_deaths: 0.
num_space_committed: 1299.
num_space_uncommitted: 0.
num_chunks_returned_to_freelist: 6.
num_chunks_taken_from_freelist: 4380.
num_chunk_merges: 6.
num_chunk_splits: 2938.
num_chunks_enlarged: 1969.
num_inconsistent_stats: 0.

CodeHeap 'non-profiled nmethods': size=120000Kb used=4684Kb max_used=5044Kb free=115315Kb
 bounds [0x00000243b8510000, 0x00000243b8a00000, 0x00000243bfa40000]
CodeHeap 'profiled nmethods': size=120000Kb used=16475Kb max_used=18388Kb free=103524Kb
 bounds [0x00000243b0a40000, 0x00000243b1c40000, 0x00000243b7f70000]
CodeHeap 'non-nmethods': size=5760Kb used=2381Kb max_used=2460Kb free=3378Kb
 bounds [0x00000243b7f70000, 0x00000243b81f0000, 0x00000243b8510000]
 total_blobs=9621 nmethods=8709 adapters=823
 compilation: enabled
              stopped_count=0, restarted_count=0
 full_count=0

Compilation events (20 events):
Event: 41.599 Thread 0x00000243c6b15c50 10463       3       java.lang.ProcessEnvironment$CheckedEntry::getValue (5 bytes)
Event: 41.599 Thread 0x00000243c6b13190 10464       4       java.lang.ProcessEnvironment$CheckedEntry::getKey (5 bytes)
Event: 41.599 Thread 0x00000243c6b15c50 nmethod 10463 0x00000243b0c32f90 code [0x00000243b0c33140, 0x00000243b0c33468]
Event: 41.600 Thread 0x00000243c6b13190 nmethod 10464 0x00000243b8743190 code [0x00000243b8743320, 0x00000243b8743418]
Event: 41.600 Thread 0x00000243c6b13190 10465       4       java.lang.ProcessEnvironment$NameComparator::compare (90 bytes)
Event: 41.606 Thread 0x00000243c6b13190 nmethod 10465 0x00000243b8568d90 code [0x00000243b8568f60, 0x00000243b8569498]
Event: 42.867 Thread 0x00000243c6b13190 10466       4       java.util.concurrent.locks.AbstractQueuedSynchronizer$ConditionObject::signal (34 bytes)
Event: 42.876 Thread 0x00000243c6b13190 nmethod 10466 0x00000243b854f590 code [0x00000243b854f720, 0x00000243b854fe88]
Event: 43.851 Thread 0x00000243c6b15c50 10467       3       java.util.HashMap$ValueSpliterator::characteristics (28 bytes)
Event: 43.851 Thread 0x00000243c6b15c50 nmethod 10467 0x00000243b0b29b90 code [0x00000243b0b29d40, 0x00000243b0b29f18]
Event: 45.859 Thread 0x00000243c6b13190 10468       4       java.lang.StringConcatHelper::mix (27 bytes)
Event: 45.860 Thread 0x00000243c6b13190 nmethod 10468 0x00000243b8742d90 code [0x00000243b8742f00, 0x00000243b8742fb8]
Event: 46.708 Thread 0x00000243c6b15c50 10469       3       org.gradle.internal.snapshot.ChildMap$Entry$$Lambda$526/0x00000243c847e000::get (10 bytes)
Event: 46.708 Thread 0x00000243c6b15c50 nmethod 10469 0x00000243b0b55710 code [0x00000243b0b558c0, 0x00000243b0b55a88]
Event: 46.712 Thread 0x00000243c6b15c50 10470       3       java.util.concurrent.locks.LockSupport::park (9 bytes)
Event: 46.712 Thread 0x00000243c6b15c50 nmethod 10470 0x00000243b0d08f90 code [0x00000243b0d09120, 0x00000243b0d09268]
Event: 46.737 Thread 0x00000243c6b13190 10471   !   4       org.gradle.internal.event.DefaultListenerManager$EventBroadcast::endNotification (145 bytes)
Event: 46.738 Thread 0x00000243c6b15c50 10472       3       java.util.concurrent.ForkJoinPool::managedBlock (36 bytes)
Event: 46.739 Thread 0x00000243c6b15c50 nmethod 10472 0x00000243b1416190 code [0x00000243b14163a0, 0x00000243b1416b58]
Event: 46.739 Thread 0x00000243c6b15c50 10473       3       java.util.concurrent.locks.AbstractQueuedSynchronizer$ConditionNode::block (15 bytes)

GC Heap History (20 events):
Event: 33.940 GC heap before
{Heap before GC invocations=35 (full 0):
 garbage-first heap   total 139264K, used 109028K [0x0000000080000000, 0x0000000100000000)
  region size 1024K, 41 young (41984K), 1 survivors (1024K)
 Metaspace       used 67838K, committed 68544K, reserved 491520K
  class space    used 9685K, committed 10048K, reserved 425984K
}
Event: 33.945 GC heap after
{Heap after GC invocations=36 (full 0):
 garbage-first heap   total 139264K, used 71755K [0x0000000080000000, 0x0000000100000000)
  region size 1024K, 5 young (5120K), 5 survivors (5120K)
 Metaspace       used 67838K, committed 68544K, reserved 491520K
  class space    used 9685K, committed 10048K, reserved 425984K
}
Event: 35.379 GC heap before
{Heap before GC invocations=37 (full 0):
 garbage-first heap   total 139264K, used 114763K [0x0000000080000000, 0x0000000100000000)
  region size 1024K, 42 young (43008K), 5 survivors (5120K)
 Metaspace       used 69912K, committed 70656K, reserved 491520K
  class space    used 9944K, committed 10304K, reserved 425984K
}
Event: 35.387 GC heap after
{Heap after GC invocations=38 (full 0):
 garbage-first heap   total 139264K, used 81105K [0x0000000080000000, 0x0000000100000000)
  region size 1024K, 6 young (6144K), 6 survivors (6144K)
 Metaspace       used 69912K, committed 70656K, reserved 491520K
  class space    used 9944K, committed 10304K, reserved 425984K
}
Event: 35.448 GC heap before
{Heap before GC invocations=38 (full 0):
 garbage-first heap   total 139264K, used 81105K [0x0000000080000000, 0x0000000100000000)
  region size 1024K, 7 young (7168K), 6 survivors (6144K)
 Metaspace       used 69989K, committed 70720K, reserved 491520K
  class space    used 9953K, committed 10304K, reserved 425984K
}
Event: 35.452 GC heap after
{Heap after GC invocations=39 (full 0):
 garbage-first heap   total 139264K, used 81650K [0x0000000080000000, 0x0000000100000000)
  region size 1024K, 1 young (1024K), 1 survivors (1024K)
 Metaspace       used 69989K, committed 70720K, reserved 491520K
  class space    used 9953K, committed 10304K, reserved 425984K
}
Event: 36.764 GC heap before
{Heap before GC invocations=39 (full 0):
 garbage-first heap   total 139264K, used 111346K [0x0000000080000000, 0x0000000100000000)
  region size 1024K, 31 young (31744K), 1 survivors (1024K)
 Metaspace       used 72529K, committed 73280K, reserved 491520K
  class space    used 10233K, committed 10624K, reserved 425984K
}
Event: 36.767 GC heap after
{Heap after GC invocations=40 (full 0):
 garbage-first heap   total 139264K, used 82443K [0x0000000080000000, 0x0000000100000000)
  region size 1024K, 2 young (2048K), 2 survivors (2048K)
 Metaspace       used 72529K, committed 73280K, reserved 491520K
  class space    used 10233K, committed 10624K, reserved 425984K
}
Event: 37.775 GC heap before
{Heap before GC invocations=40 (full 0):
 garbage-first heap   total 139264K, used 119307K [0x0000000080000000, 0x0000000100000000)
  region size 1024K, 32 young (32768K), 2 survivors (2048K)
 Metaspace       used 74800K, committed 75584K, reserved 491520K
  class space    used 10500K, committed 10880K, reserved 425984K
}
Event: 37.783 GC heap after
{Heap after GC invocations=41 (full 0):
 garbage-first heap   total 139264K, used 86233K [0x0000000080000000, 0x0000000100000000)
  region size 1024K, 4 young (4096K), 4 survivors (4096K)
 Metaspace       used 74800K, committed 75584K, reserved 491520K
  class space    used 10500K, committed 10880K, reserved 425984K
}
Event: 38.274 GC heap before
{Heap before GC invocations=41 (full 0):
 garbage-first heap   total 139264K, used 114905K [0x0000000080000000, 0x0000000100000000)
  region size 1024K, 32 young (32768K), 4 survivors (4096K)
 Metaspace       used 76773K, committed 77568K, reserved 557056K
  class space    used 10763K, committed 11136K, reserved 425984K
}
Event: 38.279 GC heap after
{Heap after GC invocations=42 (full 0):
 garbage-first heap   total 139264K, used 87863K [0x0000000080000000, 0x0000000100000000)
  region size 1024K, 2 young (2048K), 2 survivors (2048K)
 Metaspace       used 76773K, committed 77568K, reserved 557056K
  class space    used 10763K, committed 11136K, reserved 425984K
}
Event: 38.784 GC heap before
{Heap before GC invocations=42 (full 0):
 garbage-first heap   total 139264K, used 115511K [0x0000000080000000, 0x0000000100000000)
  region size 1024K, 29 young (29696K), 2 survivors (2048K)
 Metaspace       used 78833K, committed 79680K, reserved 557056K
  class space    used 11053K, committed 11456K, reserved 425984K
}
Event: 38.787 GC heap after
{Heap after GC invocations=43 (full 0):
 garbage-first heap   total 139264K, used 88814K [0x0000000080000000, 0x0000000100000000)
  region size 1024K, 3 young (3072K), 3 survivors (3072K)
 Metaspace       used 78833K, committed 79680K, reserved 557056K
  class space    used 11053K, committed 11456K, reserved 425984K
}
Event: 39.537 GC heap before
{Heap before GC invocations=43 (full 0):
 garbage-first heap   total 139264K, used 116462K [0x0000000080000000, 0x0000000100000000)
  region size 1024K, 30 young (30720K), 3 survivors (3072K)
 Metaspace       used 80807K, committed 81600K, reserved 557056K
  class space    used 11316K, committed 11712K, reserved 425984K
}
Event: 39.542 GC heap after
{Heap after GC invocations=44 (full 0):
 garbage-first heap   total 139264K, used 89869K [0x0000000080000000, 0x0000000100000000)
  region size 1024K, 3 young (3072K), 3 survivors (3072K)
 Metaspace       used 80807K, committed 81600K, reserved 557056K
  class space    used 11316K, committed 11712K, reserved 425984K
}
Event: 39.980 GC heap before
{Heap before GC invocations=44 (full 0):
 garbage-first heap   total 139264K, used 117517K [0x0000000080000000, 0x0000000100000000)
  region size 1024K, 30 young (30720K), 3 survivors (3072K)
 Metaspace       used 82181K, committed 83008K, reserved 557056K
  class space    used 11513K, committed 11904K, reserved 425984K
}
Event: 39.988 GC heap after
{Heap after GC invocations=45 (full 0):
 garbage-first heap   total 139264K, used 91690K [0x0000000080000000, 0x0000000100000000)
  region size 1024K, 4 young (4096K), 4 survivors (4096K)
 Metaspace       used 82181K, committed 83008K, reserved 557056K
  class space    used 11513K, committed 11904K, reserved 425984K
}
Event: 40.242 GC heap before
{Heap before GC invocations=45 (full 0):
 garbage-first heap   total 139264K, used 118314K [0x0000000080000000, 0x0000000100000000)
  region size 1024K, 30 young (30720K), 4 survivors (4096K)
 Metaspace       used 82259K, committed 83008K, reserved 557056K
  class space    used 11519K, committed 11904K, reserved 425984K
}
Event: 40.248 GC heap after
{Heap after GC invocations=46 (full 0):
 garbage-first heap   total 181248K, used 93423K [0x0000000080000000, 0x0000000100000000)
  region size 1024K, 4 young (4096K), 4 survivors (4096K)
 Metaspace       used 82259K, committed 83008K, reserved 557056K
  class space    used 11519K, committed 11904K, reserved 425984K
}

Dll operation events (15 events):
Event: 0.038 Loaded shared library C:\Program Files\Microsoft\jdk-17.0.10.7-hotspot\bin\java.dll
Event: 0.132 Loaded shared library C:\Program Files\Microsoft\jdk-17.0.10.7-hotspot\bin\jsvml.dll
Event: 0.305 Loaded shared library C:\Program Files\Microsoft\jdk-17.0.10.7-hotspot\bin\zip.dll
Event: 0.309 Loaded shared library C:\Program Files\Microsoft\jdk-17.0.10.7-hotspot\bin\instrument.dll
Event: 0.318 Loaded shared library C:\Program Files\Microsoft\jdk-17.0.10.7-hotspot\bin\net.dll
Event: 0.345 Loaded shared library C:\Program Files\Microsoft\jdk-17.0.10.7-hotspot\bin\nio.dll
Event: 0.350 Loaded shared library C:\Program Files\Microsoft\jdk-17.0.10.7-hotspot\bin\zip.dll
Event: 0.897 Loaded shared library C:\Program Files\Microsoft\jdk-17.0.10.7-hotspot\bin\jimage.dll
Event: 1.112 Loaded shared library C:\Program Files\Microsoft\jdk-17.0.10.7-hotspot\bin\verify.dll
Event: 1.767 Loaded shared library C:\Users\Hai\.gradle\native\c067742578af261105cb4f569cf0c3c89f3d7b1fecec35dd04571415982c5e48\windows-amd64\native-platform.dll
Event: 1.863 Loaded shared library C:\Users\Hai\.gradle\native\38dada09dfb8b06ba9b0570ebf7e218e3eb74d4ef43ca46872605cf95ebc2f47\windows-amd64\native-platform-file-events.dll
Event: 5.763 Loaded shared library C:\Program Files\Microsoft\jdk-17.0.10.7-hotspot\bin\management.dll
Event: 5.774 Loaded shared library C:\Program Files\Microsoft\jdk-17.0.10.7-hotspot\bin\management_ext.dll
Event: 6.264 Loaded shared library C:\Program Files\Microsoft\jdk-17.0.10.7-hotspot\bin\extnet.dll
Event: 7.067 Loaded shared library C:\Program Files\Microsoft\jdk-17.0.10.7-hotspot\bin\sunmscapi.dll

Deoptimization events (20 events):
Event: 39.751 Thread 0x00000243e6420ff0 DEOPT PACKING pc=0x00000243b0b21be6 sp=0x000000d5d52f3570
Event: 39.751 Thread 0x00000243e6420ff0 DEOPT UNPACKING pc=0x00000243b7fc7143 sp=0x000000d5d52f2a38 mode 0
Event: 39.755 Thread 0x00000243e6420ff0 DEOPT PACKING pc=0x00000243b0b21be6 sp=0x000000d5d52f3570
Event: 39.755 Thread 0x00000243e6420ff0 DEOPT UNPACKING pc=0x00000243b7fc7143 sp=0x000000d5d52f2a38 mode 0
Event: 39.756 Thread 0x00000243e6420ff0 Uncommon trap: trap_request=0xffffff45 fr.pc=0x00000243b85e2304 relative=0x0000000000000664
Event: 39.756 Thread 0x00000243e6420ff0 Uncommon trap: reason=unstable_if action=reinterpret pc=0x00000243b85e2304 method=java.lang.String.replace(CC)Ljava/lang/String; @ 2 c2
Event: 39.756 Thread 0x00000243e6420ff0 DEOPT PACKING pc=0x00000243b85e2304 sp=0x000000d5d52f3650
Event: 39.756 Thread 0x00000243e6420ff0 DEOPT UNPACKING pc=0x00000243b7fc69a3 sp=0x000000d5d52f3600 mode 2
Event: 39.760 Thread 0x00000243e6420ff0 Uncommon trap: trap_request=0xffffff45 fr.pc=0x00000243b88381b4 relative=0x0000000000000a14
Event: 39.760 Thread 0x00000243e6420ff0 Uncommon trap: reason=unstable_if action=reinterpret pc=0x00000243b88381b4 method=groovy.lang.MetaClassImpl.checkIfStdMethod(Lgroovy/lang/MetaMethod;)V @ 55 c2
Event: 39.760 Thread 0x00000243e6420ff0 DEOPT PACKING pc=0x00000243b88381b4 sp=0x000000d5d52f3300
Event: 39.760 Thread 0x00000243e6420ff0 DEOPT UNPACKING pc=0x00000243b7fc69a3 sp=0x000000d5d52f32b8 mode 2
Event: 39.920 Thread 0x00000243e6420ff0 Uncommon trap: trap_request=0xffffff45 fr.pc=0x00000243b88481bc relative=0x000000000000047c
Event: 39.920 Thread 0x00000243e6420ff0 Uncommon trap: reason=unstable_if action=reinterpret pc=0x00000243b88481bc method=java.util.StringJoiner.add(Ljava/lang/CharSequence;)Ljava/util/StringJoiner; @ 33 c2
Event: 39.920 Thread 0x00000243e6420ff0 DEOPT PACKING pc=0x00000243b88481bc sp=0x000000d5d52f3490
Event: 39.920 Thread 0x00000243e6420ff0 DEOPT UNPACKING pc=0x00000243b7fc69a3 sp=0x000000d5d52f3440 mode 2
Event: 40.234 Thread 0x00000243e6420ff0 Uncommon trap: trap_request=0xffffff45 fr.pc=0x00000243b87e12b0 relative=0x0000000000001410
Event: 40.234 Thread 0x00000243e6420ff0 Uncommon trap: reason=unstable_if action=reinterpret pc=0x00000243b87e12b0 method=org.codehaus.groovy.runtime.metaclass.MetaMethodIndex.isOverridden(Lgroovy/lang/MetaMethod;Lgroovy/lang/MetaMethod;)Z @ 52 c2
Event: 40.234 Thread 0x00000243e6420ff0 DEOPT PACKING pc=0x00000243b87e12b0 sp=0x000000d5d52f0800
Event: 40.234 Thread 0x00000243e6420ff0 DEOPT UNPACKING pc=0x00000243b7fc69a3 sp=0x000000d5d52f0758 mode 2

Classes unloaded (0 events):
No events

Classes redefined (0 events):
No events

Internal exceptions (20 events):
Event: 40.164 Thread 0x00000243e6420ff0 Exception <a 'java/lang/ClassNotFoundException'{0x00000000878c5f58}: com/android/build/gradle/internal/dsl/SigningConfigBeanInfo> (0x00000000878c5f58) 
thrown [s\src\hotspot\share\classfile\systemDictionary.cpp, line 256]
Event: 40.165 Thread 0x00000243e6420ff0 Exception <a 'java/lang/ClassNotFoundException'{0x00000000878d7f90}: com/android/builder/signing/DefaultSigningConfigBeanInfo> (0x00000000878d7f90) 
thrown [s\src\hotspot\share\classfile\systemDictionary.cpp, line 256]
Event: 40.165 Thread 0x00000243e6420ff0 Exception <a 'java/lang/ClassNotFoundException'{0x00000000878ea290}: com/android/builder/signing/DefaultSigningConfigCustomizer> (0x00000000878ea290) 
thrown [s\src\hotspot\share\classfile\systemDictionary.cpp, line 256]
Event: 40.167 Thread 0x00000243e6420ff0 Exception <a 'java/lang/ClassNotFoundException'{0x0000000087714898}: com/android/build/gradle/internal/dsl/SigningConfigCustomizer> (0x0000000087714898) 
thrown [s\src\hotspot\share\classfile\systemDictionary.cpp, line 256]
Event: 40.168 Thread 0x00000243e6420ff0 Exception <a 'java/lang/ClassNotFoundException'{0x000000008772ddb8}: com/android/build/gradle/internal/dsl/SigningConfig$AgpDecoratedCustomizer> (0x000000008772ddb8) 
thrown [s\src\hotspot\share\classfile\systemDictionary.cpp, line 256]
Event: 40.169 Thread 0x00000243e6420ff0 Exception <a 'java/lang/ClassNotFoundException'{0x00000000877633f0}: com/android/build/gradle/internal/dsl/SigningConfig$AgpDecorated_DecoratedCustomizer> (0x00000000877633f0) 
thrown [s\src\hotspot\share\classfile\systemDictionary.cpp, line 256]
Event: 40.172 Thread 0x00000243e6420ff0 Exception <a 'java/lang/ClassNotFoundException'{0x00000000877ce470}: build_b7cd1cey964aw2zk4vm0r44v4$_run_closure2$_closure5BeanInfo> (0x00000000877ce470) 
thrown [s\src\hotspot\share\classfile\systemDictionary.cpp, line 256]
Event: 40.173 Thread 0x00000243e6420ff0 Exception <a 'java/lang/ClassNotFoundException'{0x00000000877dc258}: build_b7cd1cey964aw2zk4vm0r44v4$_run_closure2$_closure5Customizer> (0x00000000877dc258) 
thrown [s\src\hotspot\share\classfile\systemDictionary.cpp, line 256]
Event: 40.175 Thread 0x00000243e6420ff0 Exception <a 'java/lang/ClassNotFoundException'{0x0000000087608718}: build_b7cd1cey964aw2zk4vm0r44v4$_run_closure2BeanInfo> (0x0000000087608718) 
thrown [s\src\hotspot\share\classfile\systemDictionary.cpp, line 256]
Event: 40.175 Thread 0x00000243e6420ff0 Exception <a 'java/lang/ClassNotFoundException'{0x00000000876166d8}: build_b7cd1cey964aw2zk4vm0r44v4$_run_closure2Customizer> (0x00000000876166d8) 
thrown [s\src\hotspot\share\classfile\systemDictionary.cpp, line 256]
Event: 40.236 Thread 0x00000243e6420ff0 Exception <a 'java/lang/ClassNotFoundException'{0x0000000086e02c58}: com/android/build/gradle/internal/dsl/BuildType$AgpDecorated_DecoratedBeanInfo> (0x0000000086e02c58) 
thrown [s\src\hotspot\share\classfile\systemDictionary.cpp, line 256]
Event: 40.237 Thread 0x00000243e6420ff0 Exception <a 'java/lang/ClassNotFoundException'{0x0000000086e13ee0}: com/android/build/gradle/internal/dsl/BuildType$AgpDecoratedBeanInfo> (0x0000000086e13ee0) 
thrown [s\src\hotspot\share\classfile\systemDictionary.cpp, line 256]
Event: 40.237 Thread 0x00000243e6420ff0 Exception <a 'java/lang/ClassNotFoundException'{0x0000000086e25a80}: com/android/build/gradle/internal/dsl/BuildTypeBeanInfo> (0x0000000086e25a80) 
thrown [s\src\hotspot\share\classfile\systemDictionary.cpp, line 256]
Event: 40.238 Thread 0x00000243e6420ff0 Exception <a 'java/lang/ClassNotFoundException'{0x0000000086e37938}: com/android/builder/core/AbstractBuildTypeBeanInfo> (0x0000000086e37938) 
thrown [s\src\hotspot\share\classfile\systemDictionary.cpp, line 256]
Event: 40.239 Thread 0x00000243e6420ff0 Exception <a 'java/lang/ClassNotFoundException'{0x0000000086e497e0}: com/android/builder/core/AbstractBuildTypeCustomizer> (0x0000000086e497e0) 
thrown [s\src\hotspot\share\classfile\systemDictionary.cpp, line 256]
Event: 40.240 Thread 0x00000243e6420ff0 Exception <a 'java/lang/ClassNotFoundException'{0x0000000086e773a0}: com/android/build/gradle/internal/dsl/BuildTypeCustomizer> (0x0000000086e773a0) 
thrown [s\src\hotspot\share\classfile\systemDictionary.cpp, line 256]
Event: 40.249 Thread 0x00000243e6420ff0 Exception <a 'java/lang/ClassNotFoundException'{0x000000008b0061b8}: com/android/build/gradle/internal/dsl/BuildType$AgpDecoratedCustomizer> (0x000000008b0061b8) 
thrown [s\src\hotspot\share\classfile\systemDictionary.cpp, line 256]
Event: 40.252 Thread 0x00000243e6420ff0 Exception <a 'java/lang/ClassNotFoundException'{0x000000008b05c2c0}: com/android/build/gradle/internal/dsl/BuildType$AgpDecorated_DecoratedCustomizer> (0x000000008b05c2c0) 
thrown [s\src\hotspot\share\classfile\systemDictionary.cpp, line 256]
Event: 40.263 Thread 0x00000243e6420ff0 Exception <a 'java/lang/ClassNotFoundException'{0x000000008af53120}: build_b7cd1cey964aw2zk4vm0r44v4$_run_closure2$_closure6BeanInfo> (0x000000008af53120) 
thrown [s\src\hotspot\share\classfile\systemDictionary.cpp, line 256]
Event: 40.264 Thread 0x00000243e6420ff0 Exception <a 'java/lang/ClassNotFoundException'{0x000000008af60f10}: build_b7cd1cey964aw2zk4vm0r44v4$_run_closure2$_closure6Customizer> (0x000000008af60f10) 
thrown [s\src\hotspot\share\classfile\systemDictionary.cpp, line 256]

VM Operations (20 events):
Event: 38.274 Executing VM operation: G1CollectForAllocation
Event: 38.279 Executing VM operation: G1CollectForAllocation done
Event: 38.784 Executing VM operation: G1CollectForAllocation
Event: 38.787 Executing VM operation: G1CollectForAllocation done
Event: 39.439 Executing VM operation: HandshakeAllThreads
Event: 39.440 Executing VM operation: HandshakeAllThreads done
Event: 39.520 Executing VM operation: HandshakeAllThreads
Event: 39.520 Executing VM operation: HandshakeAllThreads done
Event: 39.537 Executing VM operation: G1CollectForAllocation
Event: 39.542 Executing VM operation: G1CollectForAllocation done
Event: 39.606 Executing VM operation: HandshakeAllThreads
Event: 39.606 Executing VM operation: HandshakeAllThreads done
Event: 39.980 Executing VM operation: G1CollectForAllocation
Event: 39.988 Executing VM operation: G1CollectForAllocation done
Event: 40.242 Executing VM operation: G1CollectForAllocation
Event: 40.249 Executing VM operation: G1CollectForAllocation done
Event: 41.257 Executing VM operation: Cleanup
Event: 41.257 Executing VM operation: Cleanup done
Event: 42.266 Executing VM operation: Cleanup
Event: 42.266 Executing VM operation: Cleanup done

Events (20 events):
Event: 39.620 Thread 0x00000243e6014c70 flushing nmethod 0x00000243b1b26710
Event: 39.620 Thread 0x00000243e6014c70 flushing nmethod 0x00000243b1b44d10
Event: 39.655 loading class java/util/TreeMap$EntrySpliterator
Event: 39.656 loading class java/util/TreeMap$EntrySpliterator done
Event: 39.676 loading class java/util/Stack
Event: 39.677 loading class java/util/Stack done
Event: 39.697 loading class org/xml/sax/ContentHandler
Event: 39.698 loading class org/xml/sax/ContentHandler done
Event: 39.698 loading class org/xml/sax/EntityResolver
Event: 39.698 loading class org/xml/sax/EntityResolver done
Event: 39.698 loading class org/xml/sax/DTDHandler
Event: 39.698 loading class org/xml/sax/DTDHandler done
Event: 39.710 loading class java/util/Spliterators$IntArraySpliterator
Event: 39.710 loading class java/util/Spliterators$IntArraySpliterator done
Event: 39.715 loading class java/text/ParsePosition
Event: 39.715 loading class java/text/ParsePosition done
Event: 39.723 loading class java/text/CharacterIterator
Event: 39.723 loading class java/text/CharacterIterator done
Event: 40.119 loading class java/beans/IntrospectionException
Event: 40.120 loading class java/beans/IntrospectionException done


Dynamic libraries:
0x00007ff605180000 - 0x00007ff60518e000 	C:\Program Files\Microsoft\jdk-17.0.10.7-hotspot\bin\java.exe
0x00007fffc33d0000 - 0x00007fffc35e7000 	C:\Windows\SYSTEM32\ntdll.dll
0x00007fffc3050000 - 0x00007fffc3114000 	C:\Windows\System32\KERNEL32.DLL
0x00007fffc0700000 - 0x00007fffc0aac000 	C:\Windows\System32\KERNELBASE.dll
0x00007fffc0c40000 - 0x00007fffc0d51000 	C:\Windows\System32\ucrtbase.dll
0x00007fff3a3a0000 - 0x00007fff3a3b7000 	C:\Program Files\Microsoft\jdk-17.0.10.7-hotspot\bin\jli.dll
0x00007fff3a2b0000 - 0x00007fff3a2cb000 	C:\Program Files\Microsoft\jdk-17.0.10.7-hotspot\bin\VCRUNTIME140.dll
0x00007fff9ec70000 - 0x00007fff9ef03000 	C:\Windows\WinSxS\amd64_microsoft.windows.common-controls_6595b64144ccf1df_6.0.22621.3672_none_2713b9d173822955\COMCTL32.dll
0x00007fffc2950000 - 0x00007fffc2afe000 	C:\Windows\System32\USER32.dll
0x00007fffc1a50000 - 0x00007fffc1af7000 	C:\Windows\System32\msvcrt.dll
0x00007fffc0de0000 - 0x00007fffc0e06000 	C:\Windows\System32\win32u.dll
0x00007fffc15b0000 - 0x00007fffc15d9000 	C:\Windows\System32\GDI32.dll
0x00007fffc0ab0000 - 0x00007fffc0bc9000 	C:\Windows\System32\gdi32full.dll
0x00007fffc0f00000 - 0x00007fffc0f9a000 	C:\Windows\System32\msvcp_win.dll
0x00007fffc1510000 - 0x00007fffc1541000 	C:\Windows\System32\IMM32.DLL
0x00000243a6de0000 - 0x00000243a6df4000 	C:\Windows\System32\umppc18511.dll
0x00007fff61910000 - 0x00007fff6191c000 	C:\Program Files\Microsoft\jdk-17.0.10.7-hotspot\bin\vcruntime140_1.dll
0x00007fff3b090000 - 0x00007fff3b11d000 	C:\Program Files\Microsoft\jdk-17.0.10.7-hotspot\bin\msvcp140.dll
0x00007fff39640000 - 0x00007fff3a2a5000 	C:\Program Files\Microsoft\jdk-17.0.10.7-hotspot\bin\server\jvm.dll
0x00007fffc15e0000 - 0x00007fffc1692000 	C:\Windows\System32\ADVAPI32.dll
0x00007fffc3120000 - 0x00007fffc31ca000 	C:\Windows\System32\sechost.dll
0x00007fffc0ed0000 - 0x00007fffc0ef8000 	C:\Windows\System32\bcrypt.dll
0x00007fffc2b00000 - 0x00007fffc2c15000 	C:\Windows\System32\RPCRT4.dll
0x00007fffc05c0000 - 0x00007fffc060d000 	C:\Windows\SYSTEM32\POWRPROF.dll
0x00007fffaf1e0000 - 0x00007fffaf1e9000 	C:\Windows\SYSTEM32\WSOCK32.dll
0x00007fffc2fd0000 - 0x00007fffc3041000 	C:\Windows\System32\WS2_32.dll
0x00007fffaa820000 - 0x00007fffaa854000 	C:\Windows\SYSTEM32\WINMM.dll
0x00007fffbf260000 - 0x00007fffbf26a000 	C:\Windows\SYSTEM32\VERSION.dll
0x00007fffc04f0000 - 0x00007fffc0503000 	C:\Windows\SYSTEM32\UMPDC.dll
0x00007fffbf6f0000 - 0x00007fffbf708000 	C:\Windows\SYSTEM32\kernel.appcore.dll
0x00007fffafef0000 - 0x00007fffafefa000 	C:\Program Files\Microsoft\jdk-17.0.10.7-hotspot\bin\jimage.dll
0x00007fffa3c50000 - 0x00007fffa3e82000 	C:\Windows\SYSTEM32\DBGHELP.DLL
0x00007fffc1130000 - 0x00007fffc14b8000 	C:\Windows\System32\combase.dll
0x00007fffc18d0000 - 0x00007fffc19a7000 	C:\Windows\System32\OLEAUT32.dll
0x00007fffaba40000 - 0x00007fffaba72000 	C:\Windows\SYSTEM32\dbgcore.DLL
0x00007fffc0d60000 - 0x00007fffc0ddb000 	C:\Windows\System32\bcryptPrimitives.dll
0x00007fffb0710000 - 0x00007fffb071e000 	C:\Program Files\Microsoft\jdk-17.0.10.7-hotspot\bin\instrument.dll
0x00007fffabfc0000 - 0x00007fffabfe5000 	C:\Program Files\Microsoft\jdk-17.0.10.7-hotspot\bin\java.dll
0x00007fff86140000 - 0x00007fff86217000 	C:\Program Files\Microsoft\jdk-17.0.10.7-hotspot\bin\jsvml.dll
0x00007fffc1b00000 - 0x00007fffc235c000 	C:\Windows\System32\SHELL32.dll
0x00007fffbe350000 - 0x00007fffbec47000 	C:\Windows\SYSTEM32\windows.storage.dll
0x00007fffbe210000 - 0x00007fffbe34f000 	C:\Windows\SYSTEM32\wintypes.dll
0x00007fffc2dd0000 - 0x00007fffc2ec4000 	C:\Windows\System32\SHCORE.dll
0x00007fffc1550000 - 0x00007fffc15ae000 	C:\Windows\System32\shlwapi.dll
0x00007fffc0630000 - 0x00007fffc0651000 	C:\Windows\SYSTEM32\profapi.dll
0x00007fffabae0000 - 0x00007fffabaf8000 	C:\Program Files\Microsoft\jdk-17.0.10.7-hotspot\bin\zip.dll
0x00007fffae2a0000 - 0x00007fffae2b9000 	C:\Program Files\Microsoft\jdk-17.0.10.7-hotspot\bin\net.dll
0x00007fffba120000 - 0x00007fffba256000 	C:\Windows\SYSTEM32\WINHTTP.dll
0x00007fffbfb50000 - 0x00007fffbfbb9000 	C:\Windows\system32\mswsock.dll
0x00007fffac560000 - 0x00007fffac576000 	C:\Program Files\Microsoft\jdk-17.0.10.7-hotspot\bin\nio.dll
0x00007fffab400000 - 0x00007fffab410000 	C:\Program Files\Microsoft\jdk-17.0.10.7-hotspot\bin\verify.dll
0x00007fffb0810000 - 0x00007fffb0837000 	C:\Users\Hai\.gradle\native\c067742578af261105cb4f569cf0c3c89f3d7b1fecec35dd04571415982c5e48\windows-amd64\native-platform.dll
0x00007fff97310000 - 0x00007fff97454000 	C:\Users\Hai\.gradle\native\38dada09dfb8b06ba9b0570ebf7e218e3eb74d4ef43ca46872605cf95ebc2f47\windows-amd64\native-platform-file-events.dll
0x00007fffb7390000 - 0x00007fffb7399000 	C:\Program Files\Microsoft\jdk-17.0.10.7-hotspot\bin\management.dll
0x00007fffb7380000 - 0x00007fffb738b000 	C:\Program Files\Microsoft\jdk-17.0.10.7-hotspot\bin\management_ext.dll
0x00007fffc2f30000 - 0x00007fffc2f38000 	C:\Windows\System32\PSAPI.DLL
0x00007fffbfea0000 - 0x00007fffbfebb000 	C:\Windows\SYSTEM32\CRYPTSP.dll
0x00007fffbf650000 - 0x00007fffbf685000 	C:\Windows\system32\rsaenh.dll
0x00007fffbfbf0000 - 0x00007fffbfc18000 	C:\Windows\SYSTEM32\USERENV.dll
0x00007fffbfe80000 - 0x00007fffbfe8c000 	C:\Windows\SYSTEM32\CRYPTBASE.dll
0x00007fffbeea0000 - 0x00007fffbeecd000 	C:\Windows\SYSTEM32\IPHLPAPI.DLL
0x00007fffc19c0000 - 0x00007fffc19c9000 	C:\Windows\System32\NSI.dll
0x00007fffb9ff0000 - 0x00007fffba009000 	C:\Windows\SYSTEM32\dhcpcsvc6.DLL
0x00007fffb9f50000 - 0x00007fffb9f6f000 	C:\Windows\SYSTEM32\dhcpcsvc.DLL
0x00007fffbef10000 - 0x00007fffbf008000 	C:\Windows\SYSTEM32\DNSAPI.dll
0x00007fffb9ba0000 - 0x00007fffb9ba9000 	C:\Program Files\Microsoft\jdk-17.0.10.7-hotspot\bin\extnet.dll
0x00007fffb9bb0000 - 0x00007fffb9bbe000 	C:\Program Files\Microsoft\jdk-17.0.10.7-hotspot\bin\sunmscapi.dll
0x00007fffc0fa0000 - 0x00007fffc1107000 	C:\Windows\System32\CRYPT32.dll
0x00007fffbffa0000 - 0x00007fffbffce000 	C:\Windows\SYSTEM32\ncrypt.dll
0x00007fffbff60000 - 0x00007fffbff97000 	C:\Windows\SYSTEM32\NTASN1.dll
0x00007fffba4e0000 - 0x00007fffba4e8000 	C:\Windows\system32\wshunix.dll
0x00007fffa95a0000 - 0x00007fffa95b7000 	C:\Windows\system32\napinsp.dll
0x00007fffa95c0000 - 0x00007fffa95db000 	C:\Windows\system32\pnrpnsp.dll
0x00007fffa95e0000 - 0x00007fffa95f1000 	C:\Windows\System32\winrnr.dll
0x00007fffb97b0000 - 0x00007fffb97c5000 	C:\Windows\system32\wshbth.dll
0x00007fffa9600000 - 0x00007fffa9627000 	C:\Windows\system32\nlansp_c.dll
0x00007fffb22a0000 - 0x00007fffb22aa000 	C:\Windows\System32\rasadhlp.dll
0x00007fffb8ef0000 - 0x00007fffb8f73000 	C:\Windows\System32\fwpuclnt.dll
0x00007fffbccd0000 - 0x00007fffbcd67000 	C:\Windows\system32\apphelp.dll

dbghelp: loaded successfully - version: 4.0.5 - missing functions: none
symbol engine: initialized successfully - sym options: 0x614 - pdb path: .;C:\Program Files\Microsoft\jdk-17.0.10.7-hotspot\bin;C:\Windows\SYSTEM32;C:\Windows\WinSxS\amd64_microsoft.windows.common-controls_6595b64144ccf1df_6.0.22621.3672_none_2713b9d173822955;C:\Program Files\Microsoft\jdk-17.0.10.7-hotspot\bin\server;C:\Users\Hai\.gradle\native\c067742578af261105cb4f569cf0c3c89f3d7b1fecec35dd04571415982c5e48\windows-amd64;C:\Users\Hai\.gradle\native\38dada09dfb8b06ba9b0570ebf7e218e3eb74d4ef43ca46872605cf95ebc2f47\windows-amd64

VM Arguments:
jvm_args: -XX:MaxMetaspaceSize=512m --add-opens=java.base/java.util=ALL-UNNAMED --add-opens=java.base/java.lang=ALL-UNNAMED --add-opens=java.base/java.lang.invoke=ALL-UNNAMED --add-opens=java.prefs/java.util.prefs=ALL-UNNAMED --add-opens=java.base/java.nio.charset=ALL-UNNAMED --add-opens=java.base/java.net=ALL-UNNAMED --add-opens=java.base/java.util.concurrent.atomic=ALL-UNNAMED -Xmx2048m -Dfile.encoding=windows-1252 -Duser.country=IN -Duser.language=en -Duser.variant -javaagent:C:\Users\Hai\.gradle\wrapper\dists\gradle-8.6-all\3mbtmo166bl6vumsh5k2lkq5h\gradle-8.6\lib\agents\gradle-instrumentation-agent-8.6.jar 
java_command: org.gradle.launcher.daemon.bootstrap.GradleDaemon 8.6
java_class_path (initial): C:\Users\Hai\.gradle\wrapper\dists\gradle-8.6-all\3mbtmo166bl6vumsh5k2lkq5h\gradle-8.6\lib\gradle-launcher-8.6.jar
Launcher Type: SUN_STANDARD

[Global flags]
     intx CICompilerCount                          = 3                                         {product} {ergonomic}
   size_t CompressedClassSpaceSize                 = 436207616                                 {product} {ergonomic}
     uint ConcGCThreads                            = 1                                         {product} {ergonomic}
     uint G1ConcRefinementThreads                  = 4                                         {product} {ergonomic}
   size_t G1HeapRegionSize                         = 1048576                                   {product} {ergonomic}
    uintx GCDrainStackTargetSize                   = 64                                        {product} {ergonomic}
   size_t InitialHeapSize                          = 134217728                                 {product} {ergonomic}
   size_t MarkStackSize                            = 4194304                                   {product} {ergonomic}
   size_t MaxHeapSize                              = 2147483648                                {product} {command line}
   size_t MaxMetaspaceSize                         = 536870912                                 {product} {command line}
   size_t MaxNewSize                               = 1287651328                                {product} {ergonomic}
   size_t MinHeapDeltaBytes                        = 1048576                                   {product} {ergonomic}
   size_t MinHeapSize                              = 8388608                                   {product} {ergonomic}
    uintx NonNMethodCodeHeapSize                   = 5832780                                {pd product} {ergonomic}
    uintx NonProfiledCodeHeapSize                  = 122912730                              {pd product} {ergonomic}
    uintx ProfiledCodeHeapSize                     = 122912730                              {pd product} {ergonomic}
    uintx ReservedCodeCacheSize                    = 251658240                              {pd product} {ergonomic}
     bool SegmentedCodeCache                       = true                                      {product} {ergonomic}
   size_t SoftMaxHeapSize                          = 2147483648                             {manageable} {ergonomic}
     bool UseCompressedClassPointers               = true                           {product lp64_product} {ergonomic}
     bool UseCompressedOops                        = true                           {product lp64_product} {ergonomic}
     bool UseG1GC                                  = true                                      {product} {ergonomic}
     bool UseLargePagesIndividualAllocation        = false                                  {pd product} {ergonomic}

Logging:
Log output configuration:
 #0: stdout all=warning uptime,level,tags
 #1: stderr all=off uptime,level,tags

Environment Variables:
JAVA_HOME=C:\Program Files\Microsoft\jdk-17.0.10.7-hotspot
CLASSPATH=C:\Users\Hai\Music\RN_notepad\android\\gradle\wrapper\gradle-wrapper.jar
PATH=C:\Users\Hai\Music\RN_notepad\node_modules\.bin;C:\Users\Hai\Music\RN_notepad\node_modules\.bin;C:\Users\Hai\Music\node_modules\.bin;C:\Users\Hai\node_modules\.bin;C:\Users\node_modules\.bin;C:\node_modules\.bin;C:\Program Files\nodejs\node_modules\npm\node_modules\@npmcli\run-script\lib\node-gyp-bin;C:\Users\Hai\Music\RN_notepad\node_modules\.bin;C:\Users\Hai\Music\node_modules\.bin;C:\Users\Hai\node_modules\.bin;C:\Users\node_modules\.bin;C:\node_modules\.bin;C:\Program Files\nodejs\node_modules\npm\node_modules\@npmcli\run-script\lib\node-gyp-bin;C:\Program Files\Java\jdk-18.0.2.1\bin;C:\Program Files\Common Files\Oracle\Java\javapath;C:\Program Files\Microsoft\jdk-17.0.10.7-hotspot\bin;C:\Windows\system32;C:\Windows;C:\Windows\System32\Wbem;C:\Windows\System32\WindowsPowerShell\v1.0\;C:\Windows\System32\OpenSSH\;C:\Program Files\dotnet\;C:\ProgramData\chocolatey\bin;C:\Program Files\Git\cmd;C:\Program Files\PuTTY\;C:\Program Files\nodejs\;C:\Users\Hai\AppData\Local\Microsoft\WindowsApps;C:\Users\Hai\AppData\Local\Programs\Microsoft VS Code\bin;C:\Users\Hai\AppData\Local\Android\Sdk\platform-tools;C:\Users\Hai\AppData\Roaming\npm
USERNAME=Hai
OS=Windows_NT
PROCESSOR_IDENTIFIER=Intel64 Family 6 Model 94 Stepping 3, GenuineIntel
TMP=C:\Users\Hai\AppData\Local\Temp
TEMP=C:\Users\Hai\AppData\Local\Temp



Periodic native trim disabled


---------------  S Y S T E M  ---------------

OS:
 Windows 11 , 64 bit Build 22621 (10.0.22621.3672)
OS uptime: 9 days 0:22 hours
Hyper-V role detected

CPU: total 4 (initial active 4) (4 cores per cpu, 1 threads per core) family 6 model 94 stepping 3 microcode 0xf0, cx8, cmov, fxsr, mmx, 3dnowpref, sse, sse2, sse3, ssse3, sse4.1, sse4.2, popcnt, lzcnt, tsc, tscinvbit, avx, avx2, aes, erms, clmul, bmi1, bmi2, adx, fma, vzeroupper, clflush, clflushopt, hv
Processor Information for all 4 processors :
  Max Mhz: 2208, Current Mhz: 2208, Mhz Limit: 2208

Memory: 4k page, system-wide physical 8087M (289M free)
TotalPageFile size 25410M (AvailPageFile size 0M)
current process WorkingSet (physical memory assigned to process): 350M, peak: 375M
current process commit charge ("private bytes"): 429M, peak: 447M

vm_info: OpenJDK 64-Bit Server VM (17.0.10+7-LTS) for windows-amd64 JRE (17.0.10+7-LTS), built on Jan 10 2024 19:47:12 by "MicrosoftCorporation" with MS VC++ 16.10 / 16.11 (VS2019)

END.
