#
# There is insufficient memory for the Java Runtime Environment to continue.
# Native memory allocation (malloc) failed to allocate 50096 bytes for Chunk::new
# Possible reasons:
#   The system is out of physical RAM or swap space
#   The process is running with CompressedOops enabled, and the Java Heap may be blocking the growth of the native heap
# Possible solutions:
#   Reduce memory load on the system
#   Increase physical memory or swap space
#   Check if swap backing store is full
#   Decrease Java heap size (-Xmx/-Xms)
#   Decrease number of Java threads
#   Decrease Java thread stack sizes (-Xss)
#   Set larger code cache with -XX:ReservedCodeCacheSize=
#   JVM is running with Unscaled Compressed Oops mode in which the Java heap is
#     placed in the first 4GB address space. The Java Heap base address is the
#     maximum limit for the native heap growth. Please use -XX:HeapBaseMinAddress
#     to set the Java Heap base and to place the Java Heap above 4GB virtual address.
# This output file may be truncated or incomplete.
#
#  Out of Memory Error (arena.cpp:191), pid=9672, tid=2396
#
# JRE version: OpenJDK Runtime Environment Microsoft-8902769 (17.0.10+7) (build 17.0.10+7-LTS)
# Java VM: OpenJDK 64-Bit Server VM Microsoft-8902769 (17.0.10+7-LTS, mixed mode, sharing, tiered, compressed oops, compressed class ptrs, g1 gc, windows-amd64)
# No core dump will be written. Minidumps are not enabled by default on client versions of Windows
#

---------------  S U M M A R Y ------------

Command Line: -Xmx64m -Xms64m -Dorg.gradle.appname=gradlew org.gradle.wrapper.GradleWrapperMain app:installDebug -PreactNativeDevServerPort=8081

Host: Intel(R) Core(TM) i5-6400T CPU @ 2.20GHz, 4 cores, 7G,  Windows 11 , 64 bit Build 22621 (10.0.22621.3672)
Time: Fri Jun 28 19:44:37 2024 India Standard Time elapsed time: 50.676191 seconds (0d 0h 0m 50s)

---------------  T H R E A D  ---------------

Current thread (0x000001abe72860b0):  JavaThread "C2 CompilerThread0" daemon [_thread_in_native, id=2396, stack(0x0000005fc1700000,0x0000005fc1800000)]


Current CompileTask:
C2:  50676 1627       4       jdk.internal.org.objectweb.asm.SymbolTable::put (150 bytes)

Stack: [0x0000005fc1700000,0x0000005fc1800000]
Native frames: (J=compiled Java code, j=interpreted, Vv=VM code, C=native code)
V  [jvm.dll+0x67f829]
V  [jvm.dll+0x83750a]
V  [jvm.dll+0x838fce]
V  [jvm.dll+0x839633]
V  [jvm.dll+0x247cbf]
V  [jvm.dll+0xac524]
V  [jvm.dll+0xacb6c]
V  [jvm.dll+0x368ca2]
V  [jvm.dll+0x1bcc6d]
V  [jvm.dll+0x21a559]
V  [jvm.dll+0x219821]
V  [jvm.dll+0x1a5176]
V  [jvm.dll+0x22957e]
V  [jvm.dll+0x22774c]
V  [jvm.dll+0x7ec5d7]
V  [jvm.dll+0x7e69da]
V  [jvm.dll+0x67e715]
C  [ucrtbase.dll+0x29333]
C  [KERNEL32.DLL+0x1257d]
C  [ntdll.dll+0x5af28]


---------------  P R O C E S S  ---------------

Threads class SMR info:
_java_thread_list=0x000001abec71dde0, length=13, elements={
0x000001abcd9a4f90, 0x000001abcda36100, 0x000001abcda38390, 0x000001abcda4e530,
0x000001abe727f340, 0x000001abe7281e10, 0x000001abe7284fb0, 0x000001abe72860b0,
0x000001abe728d550, 0x000001abe73049b0, 0x000001abe74b9450, 0x000001abe74bbaf0,
0x000001abec989030
}

Java Threads: ( => current thread )
  0x000001abcd9a4f90 JavaThread "main" [_thread_blocked, id=6764, stack(0x0000005fc0a00000,0x0000005fc0b00000)]
  0x000001abcda36100 JavaThread "Reference Handler" daemon [_thread_blocked, id=21404, stack(0x0000005fc1100000,0x0000005fc1200000)]
  0x000001abcda38390 JavaThread "Finalizer" daemon [_thread_blocked, id=9328, stack(0x0000005fc1200000,0x0000005fc1300000)]
  0x000001abcda4e530 JavaThread "Signal Dispatcher" daemon [_thread_blocked, id=12732, stack(0x0000005fc1300000,0x0000005fc1400000)]
  0x000001abe727f340 JavaThread "Attach Listener" daemon [_thread_blocked, id=21968, stack(0x0000005fc1400000,0x0000005fc1500000)]
  0x000001abe7281e10 JavaThread "Service Thread" daemon [_thread_blocked, id=19820, stack(0x0000005fc1500000,0x0000005fc1600000)]
  0x000001abe7284fb0 JavaThread "Monitor Deflation Thread" daemon [_thread_blocked, id=2448, stack(0x0000005fc1600000,0x0000005fc1700000)]
=>0x000001abe72860b0 JavaThread "C2 CompilerThread0" daemon [_thread_in_native, id=2396, stack(0x0000005fc1700000,0x0000005fc1800000)]
  0x000001abe728d550 JavaThread "C1 CompilerThread0" daemon [_thread_blocked, id=21328, stack(0x0000005fc1800000,0x0000005fc1900000)]
  0x000001abe73049b0 JavaThread "Sweeper thread" daemon [_thread_blocked, id=6296, stack(0x0000005fc1900000,0x0000005fc1a00000)]
  0x000001abe74b9450 JavaThread "Notification Thread" daemon [_thread_blocked, id=3340, stack(0x0000005fc1a00000,0x0000005fc1b00000)]
  0x000001abe74bbaf0 JavaThread "Common-Cleaner" daemon [_thread_blocked, id=11312, stack(0x0000005fc1c00000,0x0000005fc1d00000)]
  0x000001abec989030 JavaThread "DisconnectableInputStream source reader" daemon [_thread_in_native, id=17604, stack(0x0000005fc2200000,0x0000005fc2300000)]

Other Threads:
  0x000001abcda32750 VMThread "VM Thread" [stack: 0x0000005fc1000000,0x0000005fc1100000] [id=16900]
  0x000001abe727da30 WatcherThread [stack: 0x0000005fc1b00000,0x0000005fc1c00000] [id=21052]
  0x000001abcd9c3700 GCTaskThread "GC Thread#0" [stack: 0x0000005fc0b00000,0x0000005fc0c00000] [id=1612]
  0x000001abe7777dc0 GCTaskThread "GC Thread#1" [stack: 0x0000005fc1d00000,0x0000005fc1e00000] [id=6384]
  0x000001abe77b4b30 GCTaskThread "GC Thread#2" [stack: 0x0000005fc1e00000,0x0000005fc1f00000] [id=11464]
  0x000001abe77b4df0 GCTaskThread "GC Thread#3" [stack: 0x0000005fc1f00000,0x0000005fc2000000] [id=13520]
  0x000001abcd9c5e60 ConcurrentGCThread "G1 Main Marker" [stack: 0x0000005fc0c00000,0x0000005fc0d00000] [id=22136]
  0x000001abcd9c6880 ConcurrentGCThread "G1 Conc#0" [stack: 0x0000005fc0d00000,0x0000005fc0e00000] [id=6408]
  0x000001abcda14e90 ConcurrentGCThread "G1 Refine#0" [stack: 0x0000005fc0e00000,0x0000005fc0f00000] [id=23680]
  0x000001abcda158c0 ConcurrentGCThread "G1 Service" [stack: 0x0000005fc0f00000,0x0000005fc1000000] [id=4456]

Threads with active compile tasks:
C2 CompilerThread0    50744 1627       4       jdk.internal.org.objectweb.asm.SymbolTable::put (150 bytes)

VM state: not at safepoint (normal execution)

VM Mutex/Monitor currently owned by a thread: None

OutOfMemory and StackOverflow Exception counts:
OutOfMemoryError java_heap_errors=1
LinkageErrors=23

Heap address: 0x00000000fc000000, size: 64 MB, Compressed Oops mode: 32-bit

CDS archive(s) mapped at: [0x000001ab80000000-0x000001ab80bb0000-0x000001ab80bb0000), size 12255232, SharedBaseAddress: 0x000001ab80000000, ArchiveRelocationMode: 1.
Compressed class space mapped at: 0x000001ab81000000-0x000001abc1000000, reserved size: 1073741824
Narrow klass base: 0x000001ab80000000, Narrow klass shift: 0, Narrow klass range: 0x100000000

GC Precious Log:
 CPUs: 4 total, 4 available
 Memory: 8087M
 Large Page Support: Disabled
 NUMA Support: Disabled
 Compressed Oops: Enabled (32-bit)
 Heap Region Size: 1M
 Heap Min Capacity: 64M
 Heap Initial Capacity: 64M
 Heap Max Capacity: 64M
 Pre-touch: Disabled
 Parallel Workers: 4
 Concurrent Workers: 1
 Concurrent Refinement Workers: 4
 Periodic GC: Disabled

Heap:
 garbage-first heap   total 65536K, used 28709K [0x00000000fc000000, 0x0000000100000000)
  region size 1024K, 21 young (21504K), 3 survivors (3072K)
 Metaspace       used 10091K, committed 10304K, reserved 1114112K
  class space    used 1320K, committed 1408K, reserved 1048576K

Heap Regions: E=young(eden), S=young(survivor), O=old, HS=humongous(starts), HC=humongous(continues), CS=collection set, F=free, OA=open archive, CA=closed archive, TAMS=top-at-mark-start (previous, next)
|   0|0x00000000fc000000, 0x00000000fc100000, 0x00000000fc100000|100%| O|  |TAMS 0x00000000fc000000, 0x00000000fc000000| Untracked 
|   1|0x00000000fc100000, 0x00000000fc200000, 0x00000000fc200000|100%|HS|  |TAMS 0x00000000fc100000, 0x00000000fc100000| Complete 
|   2|0x00000000fc200000, 0x00000000fc300000, 0x00000000fc300000|100%|HC|  |TAMS 0x00000000fc200000, 0x00000000fc200000| Complete 
|   3|0x00000000fc300000, 0x00000000fc400000, 0x00000000fc400000|100%|HC|  |TAMS 0x00000000fc300000, 0x00000000fc300000| Complete 
|   4|0x00000000fc400000, 0x00000000fc500000, 0x00000000fc500000|100%|HC|  |TAMS 0x00000000fc400000, 0x00000000fc400000| Complete 
|   5|0x00000000fc500000, 0x00000000fc600000, 0x00000000fc600000|100%| O|  |TAMS 0x00000000fc500000, 0x00000000fc500000| Untracked 
|   6|0x00000000fc600000, 0x00000000fc700000, 0x00000000fc700000|100%| O|  |TAMS 0x00000000fc600000, 0x00000000fc600000| Untracked 
|   7|0x00000000fc700000, 0x00000000fc800000, 0x00000000fc800000|100%| O|  |TAMS 0x00000000fc700000, 0x00000000fc700000| Untracked 
|   8|0x00000000fc800000, 0x00000000fc809600, 0x00000000fc900000|  3%| O|  |TAMS 0x00000000fc800000, 0x00000000fc800000| Untracked 
|   9|0x00000000fc900000, 0x00000000fc900000, 0x00000000fca00000|  0%| F|  |TAMS 0x00000000fc900000, 0x00000000fc900000| Untracked 
|  10|0x00000000fca00000, 0x00000000fca00000, 0x00000000fcb00000|  0%| F|  |TAMS 0x00000000fca00000, 0x00000000fca00000| Untracked 
|  11|0x00000000fcb00000, 0x00000000fcb00000, 0x00000000fcc00000|  0%| F|  |TAMS 0x00000000fcb00000, 0x00000000fcb00000| Untracked 
|  12|0x00000000fcc00000, 0x00000000fcc00000, 0x00000000fcd00000|  0%| F|  |TAMS 0x00000000fcc00000, 0x00000000fcc00000| Untracked 
|  13|0x00000000fcd00000, 0x00000000fcd00000, 0x00000000fce00000|  0%| F|  |TAMS 0x00000000fcd00000, 0x00000000fcd00000| Untracked 
|  14|0x00000000fce00000, 0x00000000fce00000, 0x00000000fcf00000|  0%| F|  |TAMS 0x00000000fce00000, 0x00000000fce00000| Untracked 
|  15|0x00000000fcf00000, 0x00000000fcf00000, 0x00000000fd000000|  0%| F|  |TAMS 0x00000000fcf00000, 0x00000000fcf00000| Untracked 
|  16|0x00000000fd000000, 0x00000000fd000000, 0x00000000fd100000|  0%| F|  |TAMS 0x00000000fd000000, 0x00000000fd000000| Untracked 
|  17|0x00000000fd100000, 0x00000000fd100000, 0x00000000fd200000|  0%| F|  |TAMS 0x00000000fd100000, 0x00000000fd100000| Untracked 
|  18|0x00000000fd200000, 0x00000000fd200000, 0x00000000fd300000|  0%| F|  |TAMS 0x00000000fd200000, 0x00000000fd200000| Untracked 
|  19|0x00000000fd300000, 0x00000000fd300000, 0x00000000fd400000|  0%| F|  |TAMS 0x00000000fd300000, 0x00000000fd300000| Untracked 
|  20|0x00000000fd400000, 0x00000000fd400000, 0x00000000fd500000|  0%| F|  |TAMS 0x00000000fd400000, 0x00000000fd400000| Untracked 
|  21|0x00000000fd500000, 0x00000000fd500000, 0x00000000fd600000|  0%| F|  |TAMS 0x00000000fd500000, 0x00000000fd500000| Untracked 
|  22|0x00000000fd600000, 0x00000000fd600000, 0x00000000fd700000|  0%| F|  |TAMS 0x00000000fd600000, 0x00000000fd600000| Untracked 
|  23|0x00000000fd700000, 0x00000000fd700000, 0x00000000fd800000|  0%| F|  |TAMS 0x00000000fd700000, 0x00000000fd700000| Untracked 
|  24|0x00000000fd800000, 0x00000000fd800000, 0x00000000fd900000|  0%| F|  |TAMS 0x00000000fd800000, 0x00000000fd800000| Untracked 
|  25|0x00000000fd900000, 0x00000000fd900000, 0x00000000fda00000|  0%| F|  |TAMS 0x00000000fd900000, 0x00000000fd900000| Untracked 
|  26|0x00000000fda00000, 0x00000000fda00000, 0x00000000fdb00000|  0%| F|  |TAMS 0x00000000fda00000, 0x00000000fda00000| Untracked 
|  27|0x00000000fdb00000, 0x00000000fdb00000, 0x00000000fdc00000|  0%| F|  |TAMS 0x00000000fdb00000, 0x00000000fdb00000| Untracked 
|  28|0x00000000fdc00000, 0x00000000fdc00000, 0x00000000fdd00000|  0%| F|  |TAMS 0x00000000fdc00000, 0x00000000fdc00000| Untracked 
|  29|0x00000000fdd00000, 0x00000000fdd00000, 0x00000000fde00000|  0%| F|  |TAMS 0x00000000fdd00000, 0x00000000fdd00000| Untracked 
|  30|0x00000000fde00000, 0x00000000fde00000, 0x00000000fdf00000|  0%| F|  |TAMS 0x00000000fde00000, 0x00000000fde00000| Untracked 
|  31|0x00000000fdf00000, 0x00000000fdf00000, 0x00000000fe000000|  0%| F|  |TAMS 0x00000000fdf00000, 0x00000000fdf00000| Untracked 
|  32|0x00000000fe000000, 0x00000000fe000000, 0x00000000fe100000|  0%| F|  |TAMS 0x00000000fe000000, 0x00000000fe000000| Untracked 
|  33|0x00000000fe100000, 0x00000000fe100000, 0x00000000fe200000|  0%| F|  |TAMS 0x00000000fe100000, 0x00000000fe100000| Untracked 
|  34|0x00000000fe200000, 0x00000000fe200000, 0x00000000fe300000|  0%| F|  |TAMS 0x00000000fe200000, 0x00000000fe200000| Untracked 
|  35|0x00000000fe300000, 0x00000000fe300000, 0x00000000fe400000|  0%| F|  |TAMS 0x00000000fe300000, 0x00000000fe300000| Untracked 
|  36|0x00000000fe400000, 0x00000000fe400000, 0x00000000fe500000|  0%| F|  |TAMS 0x00000000fe400000, 0x00000000fe400000| Untracked 
|  37|0x00000000fe500000, 0x00000000fe500000, 0x00000000fe600000|  0%| F|  |TAMS 0x00000000fe500000, 0x00000000fe500000| Untracked 
|  38|0x00000000fe600000, 0x00000000fe600000, 0x00000000fe700000|  0%| F|  |TAMS 0x00000000fe600000, 0x00000000fe600000| Untracked 
|  39|0x00000000fe700000, 0x00000000fe700000, 0x00000000fe800000|  0%| F|  |TAMS 0x00000000fe700000, 0x00000000fe700000| Untracked 
|  40|0x00000000fe800000, 0x00000000fe800000, 0x00000000fe900000|  0%| F|  |TAMS 0x00000000fe800000, 0x00000000fe800000| Untracked 
|  41|0x00000000fe900000, 0x00000000fe900000, 0x00000000fea00000|  0%| F|  |TAMS 0x00000000fe900000, 0x00000000fe900000| Untracked 
|  42|0x00000000fea00000, 0x00000000fea00000, 0x00000000feb00000|  0%| F|  |TAMS 0x00000000fea00000, 0x00000000fea00000| Untracked 
|  43|0x00000000feb00000, 0x00000000fec00000, 0x00000000fec00000|100%| S|CS|TAMS 0x00000000feb00000, 0x00000000feb00000| Complete 
|  44|0x00000000fec00000, 0x00000000fed00000, 0x00000000fed00000|100%| S|CS|TAMS 0x00000000fec00000, 0x00000000fec00000| Complete 
|  45|0x00000000fed00000, 0x00000000fee00000, 0x00000000fee00000|100%| S|CS|TAMS 0x00000000fed00000, 0x00000000fed00000| Complete 
|  46|0x00000000fee00000, 0x00000000fef00000, 0x00000000fef00000|100%| E|  |TAMS 0x00000000fee00000, 0x00000000fee00000| Complete 
|  47|0x00000000fef00000, 0x00000000ff000000, 0x00000000ff000000|100%| E|CS|TAMS 0x00000000fef00000, 0x00000000fef00000| Complete 
|  48|0x00000000ff000000, 0x00000000ff100000, 0x00000000ff100000|100%| E|CS|TAMS 0x00000000ff000000, 0x00000000ff000000| Complete 
|  49|0x00000000ff100000, 0x00000000ff200000, 0x00000000ff200000|100%| E|CS|TAMS 0x00000000ff100000, 0x00000000ff100000| Complete 
|  50|0x00000000ff200000, 0x00000000ff300000, 0x00000000ff300000|100%| E|CS|TAMS 0x00000000ff200000, 0x00000000ff200000| Complete 
|  51|0x00000000ff300000, 0x00000000ff400000, 0x00000000ff400000|100%| E|CS|TAMS 0x00000000ff300000, 0x00000000ff300000| Complete 
|  52|0x00000000ff400000, 0x00000000ff500000, 0x00000000ff500000|100%| E|CS|TAMS 0x00000000ff400000, 0x00000000ff400000| Complete 
|  53|0x00000000ff500000, 0x00000000ff600000, 0x00000000ff600000|100%| E|CS|TAMS 0x00000000ff500000, 0x00000000ff500000| Complete 
|  54|0x00000000ff600000, 0x00000000ff700000, 0x00000000ff700000|100%| E|CS|TAMS 0x00000000ff600000, 0x00000000ff600000| Complete 
|  55|0x00000000ff700000, 0x00000000ff800000, 0x00000000ff800000|100%| E|CS|TAMS 0x00000000ff700000, 0x00000000ff700000| Complete 
|  56|0x00000000ff800000, 0x00000000ff900000, 0x00000000ff900000|100%| E|CS|TAMS 0x00000000ff800000, 0x00000000ff800000| Complete 
|  57|0x00000000ff900000, 0x00000000ffa00000, 0x00000000ffa00000|100%| E|CS|TAMS 0x00000000ff900000, 0x00000000ff900000| Complete 
|  58|0x00000000ffa00000, 0x00000000ffb00000, 0x00000000ffb00000|100%| E|CS|TAMS 0x00000000ffa00000, 0x00000000ffa00000| Complete 
|  59|0x00000000ffb00000, 0x00000000ffc00000, 0x00000000ffc00000|100%| E|CS|TAMS 0x00000000ffb00000, 0x00000000ffb00000| Complete 
|  60|0x00000000ffc00000, 0x00000000ffd00000, 0x00000000ffd00000|100%| E|CS|TAMS 0x00000000ffc00000, 0x00000000ffc00000| Complete 
|  61|0x00000000ffd00000, 0x00000000ffe00000, 0x00000000ffe00000|100%| E|CS|TAMS 0x00000000ffd00000, 0x00000000ffd00000| Complete 
|  62|0x00000000ffe00000, 0x00000000fff00000, 0x00000000fff00000|100%| E|CS|TAMS 0x00000000ffe00000, 0x00000000ffe00000| Complete 
|  63|0x00000000fff00000, 0x0000000100000000, 0x0000000100000000|100%| E|CS|TAMS 0x00000000fff00000, 0x00000000fff00000| Complete 

Card table byte_map: [0x000001abcc160000,0x000001abcc180000] _byte_map_base: 0x000001abcb980000

Marking Bits (Prev, Next): (CMBitMap*) 0x000001abcd9c4d30, (CMBitMap*) 0x000001abcd9c4d70
 Prev Bits: [0x000001abe4b20000, 0x000001abe4c20000)
 Next Bits: [0x000001abe4c20000, 0x000001abe4d20000)

Polling page: 0x000001abcc0e0000

Metaspace:

Usage:
  Non-class:      8.57 MB used.
      Class:      1.29 MB used.
       Both:      9.86 MB used.

Virtual space:
  Non-class space:       64.00 MB reserved,       8.69 MB ( 14%) committed,  1 nodes.
      Class space:        1.00 GB reserved,       1.38 MB ( <1%) committed,  1 nodes.
             Both:        1.06 GB reserved,      10.06 MB ( <1%) committed. 

Chunk freelists:
   Non-Class:  6.61 MB
       Class:  14.57 MB
        Both:  21.18 MB

MaxMetaspaceSize: unlimited
CompressedClassSpaceSize: 1.00 GB
Initial GC threshold: 21.00 MB
Current GC threshold: 21.00 MB
CDS: on
MetaspaceReclaimPolicy: balanced
 - commit_granule_bytes: 65536.
 - commit_granule_words: 8192.
 - virtual_space_node_default_size: 8388608.
 - enlarge_chunks_in_place: 1.
 - new_chunks_are_fully_committed: 0.
 - uncommit_free_chunks: 1.
 - use_allocation_guard: 0.
 - handle_deallocations: 1.


Internal statistics:

num_allocs_failed_limit: 0.
num_arena_births: 98.
num_arena_deaths: 0.
num_vsnodes_births: 2.
num_vsnodes_deaths: 0.
num_space_committed: 161.
num_space_uncommitted: 0.
num_chunks_returned_to_freelist: 0.
num_chunks_taken_from_freelist: 359.
num_chunk_merges: 0.
num_chunk_splits: 243.
num_chunks_enlarged: 197.
num_inconsistent_stats: 0.

CodeHeap 'non-profiled nmethods': size=120000Kb used=647Kb max_used=647Kb free=119352Kb
 bounds [0x000001abdcfd0000, 0x000001abdd240000, 0x000001abe4500000]
CodeHeap 'profiled nmethods': size=120000Kb used=3168Kb max_used=3168Kb free=116831Kb
 bounds [0x000001abd5500000, 0x000001abd5820000, 0x000001abdca30000]
CodeHeap 'non-nmethods': size=5760Kb used=1184Kb max_used=1202Kb free=4575Kb
 bounds [0x000001abdca30000, 0x000001abdcca0000, 0x000001abdcfd0000]
 total_blobs=2127 nmethods=1642 adapters=398
 compilation: enabled
              stopped_count=0, restarted_count=0
 full_count=0

Compilation events (20 events):
Event: 44.381 Thread 0x000001abe728d550 nmethod 1621 0x000001abd5810d10 code [0x000001abd5810f20, 0x000001abd5811668]
Event: 50.656 Thread 0x000001abe72860b0 1622       4       java.lang.ref.Cleaner$1::apply (9 bytes)
Event: 50.657 Thread 0x000001abe72860b0 nmethod 1622 0x000001abdd070e10 code [0x000001abdd070f80, 0x000001abdd071038]
Event: 50.659 Thread 0x000001abe728d550 1623       1       java.util.LinkedList::size (5 bytes)
Event: 50.659 Thread 0x000001abe728d550 nmethod 1623 0x000001abdd071110 code [0x000001abdd0712a0, 0x000001abdd071378]
Event: 50.659 Thread 0x000001abe728d550 1624       3       java.lang.AbstractStringBuilder::isLatin1 (19 bytes)
Event: 50.659 Thread 0x000001abe728d550 nmethod 1624 0x000001abd5811910 code [0x000001abd5811aa0, 0x000001abd5811c18]
Event: 50.661 Thread 0x000001abe728d550 1625       3       java.lang.StringBuilder::toString (35 bytes)
Event: 50.662 Thread 0x000001abe728d550 nmethod 1625 0x000001abd5811c90 code [0x000001abd5811e60, 0x000001abd5812138]
Event: 50.664 Thread 0x000001abe72860b0 1627       4       jdk.internal.org.objectweb.asm.SymbolTable::put (150 bytes)
Event: 50.669 Thread 0x000001abe728d550 1628       3       java.nio.CharBuffer::arrayOffset (35 bytes)
Event: 50.669 Thread 0x000001abe728d550 nmethod 1628 0x000001abd5812210 code [0x000001abd58123e0, 0x000001abd58126b8]
Event: 50.669 Thread 0x000001abe728d550 1629       3       java.nio.charset.CoderResult::isUnderflow (13 bytes)
Event: 50.670 Thread 0x000001abe728d550 nmethod 1629 0x000001abd5812810 code [0x000001abd58129a0, 0x000001abd5812b18]
Event: 50.670 Thread 0x000001abe728d550 1631       3       java.nio.CharBuffer::position (8 bytes)
Event: 50.670 Thread 0x000001abe728d550 nmethod 1631 0x000001abd5812b90 code [0x000001abd5812d20, 0x000001abd5812e68]
Event: 50.670 Thread 0x000001abe728d550 1632       3       java.nio.CharBuffer::position (6 bytes)
Event: 50.670 Thread 0x000001abe728d550 nmethod 1632 0x000001abd5812f10 code [0x000001abd58130c0, 0x000001abd5813268]
Event: 50.670 Thread 0x000001abe728d550 1633       3       java.nio.ByteBuffer::array (35 bytes)
Event: 50.671 Thread 0x000001abe728d550 nmethod 1633 0x000001abd5813310 code [0x000001abd58134e0, 0x000001abd58137b8]

GC Heap History (4 events):
Event: 0.963 GC heap before
{Heap before GC invocations=0 (full 0):
 garbage-first heap   total 65536K, used 12288K [0x00000000fc000000, 0x0000000100000000)
  region size 1024K, 13 young (13312K), 0 survivors (0K)
 Metaspace       used 1815K, committed 1920K, reserved 1114112K
  class space    used 166K, committed 192K, reserved 1048576K
}
Event: 0.971 GC heap after
{Heap after GC invocations=1 (full 0):
 garbage-first heap   total 65536K, used 2880K [0x00000000fc000000, 0x0000000100000000)
  region size 1024K, 2 young (2048K), 2 survivors (2048K)
 Metaspace       used 1815K, committed 1920K, reserved 1114112K
  class space    used 166K, committed 192K, reserved 1048576K
}
Event: 1.934 GC heap before
{Heap before GC invocations=1 (full 0):
 garbage-first heap   total 65536K, used 23360K [0x00000000fc000000, 0x0000000100000000)
  region size 1024K, 18 young (18432K), 2 survivors (2048K)
 Metaspace       used 5237K, committed 5376K, reserved 1114112K
  class space    used 697K, committed 768K, reserved 1048576K
}
Event: 1.939 GC heap after
{Heap after GC invocations=2 (full 0):
 garbage-first heap   total 65536K, used 11301K [0x00000000fc000000, 0x0000000100000000)
  region size 1024K, 3 young (3072K), 3 survivors (3072K)
 Metaspace       used 5237K, committed 5376K, reserved 1114112K
  class space    used 697K, committed 768K, reserved 1048576K
}

Dll operation events (12 events):
Event: 0.042 Loaded shared library C:\Program Files\Microsoft\jdk-17.0.10.7-hotspot\bin\java.dll
Event: 0.082 Loaded shared library C:\Program Files\Microsoft\jdk-17.0.10.7-hotspot\bin\jsvml.dll
Event: 0.159 Loaded shared library C:\Program Files\Microsoft\jdk-17.0.10.7-hotspot\bin\net.dll
Event: 0.165 Loaded shared library C:\Program Files\Microsoft\jdk-17.0.10.7-hotspot\bin\nio.dll
Event: 0.178 Loaded shared library C:\Program Files\Microsoft\jdk-17.0.10.7-hotspot\bin\zip.dll
Event: 0.877 Loaded shared library C:\Program Files\Microsoft\jdk-17.0.10.7-hotspot\bin\jimage.dll
Event: 1.070 Loaded shared library C:\Program Files\Microsoft\jdk-17.0.10.7-hotspot\bin\verify.dll
Event: 1.733 Loaded shared library C:\Users\Hai\.gradle\native\c067742578af261105cb4f569cf0c3c89f3d7b1fecec35dd04571415982c5e48\windows-amd64\native-platform.dll
Event: 2.023 Loaded shared library C:\Program Files\Microsoft\jdk-17.0.10.7-hotspot\bin\management.dll
Event: 2.031 Loaded shared library C:\Program Files\Microsoft\jdk-17.0.10.7-hotspot\bin\management_ext.dll
Event: 2.768 Loaded shared library C:\Program Files\Microsoft\jdk-17.0.10.7-hotspot\bin\extnet.dll
Event: 2.872 Loaded shared library C:\Program Files\Microsoft\jdk-17.0.10.7-hotspot\bin\sunmscapi.dll

Deoptimization events (20 events):
Event: 3.453 Thread 0x000001abec9d6020 DEOPT PACKING pc=0x000001abdd04bf20 sp=0x0000005fc22fea60
Event: 3.453 Thread 0x000001abec9d6020 DEOPT UNPACKING pc=0x000001abdca869a3 sp=0x0000005fc22fe9e0 mode 2
Event: 10.594 Thread 0x000001abec9d6020 Uncommon trap: trap_request=0xffffff45 fr.pc=0x000001abdcfe9684 relative=0x0000000000000084
Event: 10.594 Thread 0x000001abec9d6020 Uncommon trap: reason=unstable_if action=reinterpret pc=0x000001abdcfe9684 method=java.lang.String.codePointAt(I)I @ 4 c2
Event: 10.594 Thread 0x000001abec9d6020 DEOPT PACKING pc=0x000001abdcfe9684 sp=0x0000005fc22fe9e0
Event: 10.594 Thread 0x000001abec9d6020 DEOPT UNPACKING pc=0x000001abdca869a3 sp=0x0000005fc22fe978 mode 2
Event: 10.598 Thread 0x000001abcd9a4f90 DEOPT PACKING pc=0x000001abd57aef56 sp=0x0000005fc0afc650
Event: 10.598 Thread 0x000001abcd9a4f90 DEOPT UNPACKING pc=0x000001abdca87143 sp=0x0000005fc0afbaf0 mode 0
Event: 10.598 Thread 0x000001abcd9a4f90 Uncommon trap: trap_request=0xffffffde fr.pc=0x000001abdd057440 relative=0x00000000000017e0
Event: 10.598 Thread 0x000001abcd9a4f90 Uncommon trap: reason=class_check action=maybe_recompile pc=0x000001abdd057440 method=java.io.DataInputStream.readUnsignedShort()I @ 6 c2
Event: 10.598 Thread 0x000001abcd9a4f90 DEOPT PACKING pc=0x000001abdd057440 sp=0x0000005fc0afc690
Event: 10.598 Thread 0x000001abcd9a4f90 DEOPT UNPACKING pc=0x000001abdca869a3 sp=0x0000005fc0afc600 mode 2
Event: 10.598 Thread 0x000001abcd9a4f90 Uncommon trap: trap_request=0xffffffde fr.pc=0x000001abdd057440 relative=0x00000000000017e0
Event: 10.598 Thread 0x000001abcd9a4f90 Uncommon trap: reason=class_check action=maybe_recompile pc=0x000001abdd057440 method=java.io.DataInputStream.readUnsignedShort()I @ 6 c2
Event: 10.598 Thread 0x000001abcd9a4f90 DEOPT PACKING pc=0x000001abdd057440 sp=0x0000005fc0afc6f0
Event: 10.598 Thread 0x000001abcd9a4f90 DEOPT UNPACKING pc=0x000001abdca869a3 sp=0x0000005fc0afc660 mode 2
Event: 10.599 Thread 0x000001abcd9a4f90 Uncommon trap: trap_request=0xffffffde fr.pc=0x000001abdd057440 relative=0x00000000000017e0
Event: 10.599 Thread 0x000001abcd9a4f90 Uncommon trap: reason=class_check action=maybe_recompile pc=0x000001abdd057440 method=java.io.DataInputStream.readUnsignedShort()I @ 6 c2
Event: 10.599 Thread 0x000001abcd9a4f90 DEOPT PACKING pc=0x000001abdd057440 sp=0x0000005fc0afc6e0
Event: 10.599 Thread 0x000001abcd9a4f90 DEOPT UNPACKING pc=0x000001abdca869a3 sp=0x0000005fc0afc650 mode 2

Classes unloaded (0 events):
No events

Classes redefined (0 events):
No events

Internal exceptions (20 events):
Event: 1.691 Thread 0x000001abcd9a4f90 Exception <a 'java/lang/NoSuchMethodError'{0x00000000ff5fd928}: 'java.lang.Object java.lang.invoke.Invokers$Holder.invokeExact_MT(java.lang.Object, java.lang.Object, java.lang.Object, java.lang.Object)'> (0x00000000ff5fd928) 
thrown [s\src\hotspot\share\interpreter\linkResolver.cpp, line 759]
Event: 1.964 Thread 0x000001abcd9a4f90 Exception <a 'java/lang/NoSuchMethodError'{0x00000000fff53f00}: 'void java.lang.invoke.DirectMethodHandle$Holder.invokeSpecial(java.lang.Object, java.lang.Object, java.lang.Object)'> (0x00000000fff53f00) 
thrown [s\src\hotspot\share\interpreter\linkResolver.cpp, line 759]
Event: 1.979 Thread 0x000001abcd9a4f90 Implicit null exception at 0x000001abdd02dc0f to 0x000001abdd02e174
Event: 1.979 Thread 0x000001abcd9a4f90 Implicit null exception at 0x000001abdd024d8f to 0x000001abdd0252f8
Event: 2.019 Thread 0x000001abcd9a4f90 Exception <a 'java/lang/NoSuchMethodError'{0x00000000ffec8158}: 'java.lang.Object java.lang.invoke.DirectMethodHandle$Holder.invokeStaticInit(java.lang.Object)'> (0x00000000ffec8158) 
thrown [s\src\hotspot\share\interpreter\linkResolver.cpp, line 759]
Event: 2.071 Thread 0x000001abcd9a4f90 Exception <a 'java/lang/NoSuchMethodError'{0x00000000ffd62900}: 'int java.lang.invoke.DirectMethodHandle$Holder.invokeVirtual(java.lang.Object, java.lang.Object, java.lang.Object)'> (0x00000000ffd62900) 
thrown [s\src\hotspot\share\interpreter\linkResolver.cpp, line 759]
Event: 2.080 Thread 0x000001abcd9a4f90 Exception <a 'java/lang/NoSuchMethodError'{0x00000000ffda4f48}: 'java.lang.Object java.lang.invoke.DirectMethodHandle$Holder.invokeVirtual(java.lang.Object, java.lang.Object, java.lang.Object)'> (0x00000000ffda4f48) 
thrown [s\src\hotspot\share\interpreter\linkResolver.cpp, line 759]
Event: 2.192 Thread 0x000001abcd9a4f90 Exception <a 'java/lang/NoSuchMethodError'{0x00000000ff93bfb0}: 'java.lang.Object java.lang.invoke.DirectMethodHandle$Holder.invokeStaticInit(java.lang.Object, int, int, int, int)'> (0x00000000ff93bfb0) 
thrown [s\src\hotspot\share\interpreter\linkResolver.cpp, line 759]
Event: 2.319 Thread 0x000001abcd9a4f90 Exception <a 'java/lang/NoSuchMethodError'{0x00000000ff9998e0}: 'java.lang.Object java.lang.invoke.DirectMethodHandle$Holder.invokeStaticInit(java.lang.Object, java.lang.Object, int, int, int, int)'> (0x00000000ff9998e0) 
thrown [s\src\hotspot\share\interpreter\linkResolver.cpp, line 759]
Event: 2.772 Thread 0x000001abcd9a4f90 Exception <a 'java/lang/NoSuchMethodError'{0x00000000ff9c80b0}: 'void java.lang.invoke.DirectMethodHandle$Holder.invokeStatic(java.lang.Object, java.lang.Object, java.lang.Object)'> (0x00000000ff9c80b0) 
thrown [s\src\hotspot\share\interpreter\linkResolver.cpp, line 759]
Event: 2.801 Thread 0x000001abcd9a4f90 Implicit null exception at 0x000001abdd041e72 to 0x000001abdd04248c
Event: 2.801 Thread 0x000001abcd9a4f90 Implicit null exception at 0x000001abdd011872 to 0x000001abdd011e8c
Event: 3.415 Thread 0x000001abec9d6020 Exception <a 'java/lang/NoSuchMethodError'{0x00000000ff0cf1c0}: 'void java.lang.invoke.DirectMethodHandle$Holder.invokeStatic(java.lang.Object, long)'> (0x00000000ff0cf1c0) 
thrown [s\src\hotspot\share\interpreter\linkResolver.cpp, line 759]
Event: 3.416 Thread 0x000001abec9d6020 Exception <a 'java/lang/NoSuchMethodError'{0x00000000ff0d4b18}: 'java.lang.Object java.lang.invoke.DirectMethodHandle$Holder.newInvokeSpecial(java.lang.Object, long)'> (0x00000000ff0d4b18) 
thrown [s\src\hotspot\share\interpreter\linkResolver.cpp, line 759]
Event: 3.419 Thread 0x000001abec9d6020 Exception <a 'java/lang/NoSuchMethodError'{0x00000000ff0df6c0}: 'java.lang.Object java.lang.invoke.DirectMethodHandle$Holder.invokeStaticInit(java.lang.Object, java.lang.Object, long, java.lang.Object)'> (0x00000000ff0df6c0) 
thrown [s\src\hotspot\share\interpreter\linkResolver.cpp, line 759]
Event: 3.419 Thread 0x000001abec9d6020 Exception <a 'java/lang/NoSuchMethodError'{0x00000000ff0e61f8}: 'java.lang.Object java.lang.invoke.DirectMethodHandle$Holder.newInvokeSpecial(java.lang.Object, java.lang.Object, long)'> (0x00000000ff0e61f8) 
thrown [s\src\hotspot\share\interpreter\linkResolver.cpp, line 759]
Event: 3.421 Thread 0x000001abec9d6020 Exception <a 'java/lang/NoSuchMethodError'{0x00000000ff0ea4e8}: 'java.lang.Object java.lang.invoke.Invokers$Holder.linkToTargetMethod(java.lang.Object, long, java.lang.Object)'> (0x00000000ff0ea4e8) 
thrown [s\src\hotspot\share\interpreter\linkResolver.cpp, line 759]
Event: 50.655 Thread 0x000001abcd9a4f90 Exception <a 'sun/net/ConnectionResetException'{0x00000000feffcc08}: Connection reset> (0x00000000feffcc08) 
thrown [s\src\hotspot\share\prims\jni.cpp, line 535]
Event: 50.663 Thread 0x000001abcd9a4f90 Exception <a 'java/lang/NoSuchMethodError'{0x00000000fee9a678}: 'int java.lang.invoke.DirectMethodHandle$Holder.invokeVirtual(java.lang.Object, java.lang.Object)'> (0x00000000fee9a678) 
thrown [s\src\hotspot\share\interpreter\linkResolver.cpp, line 759]
Event: 50.666 Thread 0x000001abec9d6040 Exception <a 'java/io/IOException'{0x00000000fee028d0}: Connection reset by peer> (0x00000000fee028d0) 
thrown [s\src\hotspot\share\prims\jni.cpp, line 535]

VM Operations (20 events):
Event: 3.127 Executing VM operation: Cleanup
Event: 3.127 Executing VM operation: Cleanup done
Event: 3.439 Executing VM operation: HandshakeAllThreads
Event: 3.451 Executing VM operation: HandshakeAllThreads done
Event: 4.463 Executing VM operation: Cleanup
Event: 4.463 Executing VM operation: Cleanup done
Event: 6.486 Executing VM operation: Cleanup
Event: 6.486 Executing VM operation: Cleanup done
Event: 11.519 Executing VM operation: Cleanup
Event: 11.519 Executing VM operation: Cleanup done
Event: 25.623 Executing VM operation: Cleanup
Event: 25.623 Executing VM operation: Cleanup done
Event: 27.643 Executing VM operation: Cleanup
Event: 27.643 Executing VM operation: Cleanup done
Event: 33.674 Executing VM operation: Cleanup
Event: 33.674 Executing VM operation: Cleanup done
Event: 35.679 Executing VM operation: Cleanup
Event: 35.679 Executing VM operation: Cleanup done
Event: 40.734 Executing VM operation: Cleanup
Event: 40.781 Executing VM operation: Cleanup done

Events (20 events):
Event: 33.172 loading class jdk/internal/logger/LoggerFinderLoader$TemporaryLoggerFinder done
Event: 33.172 loading class sun/util/logging/internal/LoggingProviderImpl$JULWrapper
Event: 33.173 loading class sun/util/logging/PlatformLogger$ConfigurableBridge$LoggerConfiguration
Event: 33.173 loading class sun/util/logging/PlatformLogger$ConfigurableBridge$LoggerConfiguration done
Event: 33.173 loading class sun/util/logging/internal/LoggingProviderImpl$JULWrapper done
Event: 33.174 loading class java/io/ObjectInputFilter
Event: 33.174 loading class java/io/ObjectInputFilter done
Event: 33.174 loading class java/io/ObjectInputFilter$Config$BuiltinFilterFactory
Event: 33.175 loading class java/io/ObjectInputFilter$Config$BuiltinFilterFactory done
Event: 33.175 loading class jdk/internal/access/JavaObjectInputFilterAccess
Event: 33.175 loading class jdk/internal/access/JavaObjectInputFilterAccess done
Event: 33.176 loading class java/lang/System$Logger$Level
Event: 33.177 loading class java/lang/System$Logger$Level done
Event: 33.177 loading class java/io/Bits
Event: 33.178 loading class java/io/Bits done
Event: 50.654 loading class sun/net/ConnectionResetException
Event: 50.655 loading class sun/net/ConnectionResetException done
Event: 50.667 Thread 0x000001abec9d6040 Thread exited: 0x000001abec9d6040
Event: 50.667 loading class java/util/concurrent/ConcurrentLinkedQueue$Itr
Event: 50.668 loading class java/util/concurrent/ConcurrentLinkedQueue$Itr done


Dynamic libraries:
0x00007ff605180000 - 0x00007ff60518e000 	C:\Program Files\Microsoft\jdk-17.0.10.7-hotspot\bin\java.exe
0x00007fffc33d0000 - 0x00007fffc35e7000 	C:\Windows\SYSTEM32\ntdll.dll
0x00007fffc3050000 - 0x00007fffc3114000 	C:\Windows\System32\KERNEL32.DLL
0x00007fffc0700000 - 0x00007fffc0aac000 	C:\Windows\System32\KERNELBASE.dll
0x00007fffc0c40000 - 0x00007fffc0d51000 	C:\Windows\System32\ucrtbase.dll
0x00007fff3a3a0000 - 0x00007fff3a3b7000 	C:\Program Files\Microsoft\jdk-17.0.10.7-hotspot\bin\jli.dll
0x00007fff3a2b0000 - 0x00007fff3a2cb000 	C:\Program Files\Microsoft\jdk-17.0.10.7-hotspot\bin\VCRUNTIME140.dll
0x00007fffc2950000 - 0x00007fffc2afe000 	C:\Windows\System32\USER32.dll
0x00007fffc0de0000 - 0x00007fffc0e06000 	C:\Windows\System32\win32u.dll
0x00007fff9ec70000 - 0x00007fff9ef03000 	C:\Windows\WinSxS\amd64_microsoft.windows.common-controls_6595b64144ccf1df_6.0.22621.3672_none_2713b9d173822955\COMCTL32.dll
0x00007fffc15b0000 - 0x00007fffc15d9000 	C:\Windows\System32\GDI32.dll
0x00007fffc1a50000 - 0x00007fffc1af7000 	C:\Windows\System32\msvcrt.dll
0x00007fffc0ab0000 - 0x00007fffc0bc9000 	C:\Windows\System32\gdi32full.dll
0x00007fffc0f00000 - 0x00007fffc0f9a000 	C:\Windows\System32\msvcp_win.dll
0x00007fffc1510000 - 0x00007fffc1541000 	C:\Windows\System32\IMM32.DLL
0x000001abcc100000 - 0x000001abcc114000 	C:\Windows\System32\umppc18511.dll
0x00007fff61910000 - 0x00007fff6191c000 	C:\Program Files\Microsoft\jdk-17.0.10.7-hotspot\bin\vcruntime140_1.dll
0x00007fff3b090000 - 0x00007fff3b11d000 	C:\Program Files\Microsoft\jdk-17.0.10.7-hotspot\bin\msvcp140.dll
0x00007fff39640000 - 0x00007fff3a2a5000 	C:\Program Files\Microsoft\jdk-17.0.10.7-hotspot\bin\server\jvm.dll
0x00007fffc15e0000 - 0x00007fffc1692000 	C:\Windows\System32\ADVAPI32.dll
0x00007fffc3120000 - 0x00007fffc31ca000 	C:\Windows\System32\sechost.dll
0x00007fffc0ed0000 - 0x00007fffc0ef8000 	C:\Windows\System32\bcrypt.dll
0x00007fffc2b00000 - 0x00007fffc2c15000 	C:\Windows\System32\RPCRT4.dll
0x00007fffc05c0000 - 0x00007fffc060d000 	C:\Windows\SYSTEM32\POWRPROF.dll
0x00007fffaf1e0000 - 0x00007fffaf1e9000 	C:\Windows\SYSTEM32\WSOCK32.dll
0x00007fffc2fd0000 - 0x00007fffc3041000 	C:\Windows\System32\WS2_32.dll
0x00007fffaa820000 - 0x00007fffaa854000 	C:\Windows\SYSTEM32\WINMM.dll
0x00007fffbf260000 - 0x00007fffbf26a000 	C:\Windows\SYSTEM32\VERSION.dll
0x00007fffc04f0000 - 0x00007fffc0503000 	C:\Windows\SYSTEM32\UMPDC.dll
0x00007fffbf6f0000 - 0x00007fffbf708000 	C:\Windows\SYSTEM32\kernel.appcore.dll
0x00007fffafef0000 - 0x00007fffafefa000 	C:\Program Files\Microsoft\jdk-17.0.10.7-hotspot\bin\jimage.dll
0x00007fffa3c50000 - 0x00007fffa3e82000 	C:\Windows\SYSTEM32\DBGHELP.DLL
0x00007fffc1130000 - 0x00007fffc14b8000 	C:\Windows\System32\combase.dll
0x00007fffc18d0000 - 0x00007fffc19a7000 	C:\Windows\System32\OLEAUT32.dll
0x00007fffaba40000 - 0x00007fffaba72000 	C:\Windows\SYSTEM32\dbgcore.DLL
0x00007fffc0d60000 - 0x00007fffc0ddb000 	C:\Windows\System32\bcryptPrimitives.dll
0x00007fffabfc0000 - 0x00007fffabfe5000 	C:\Program Files\Microsoft\jdk-17.0.10.7-hotspot\bin\java.dll
0x00007fff86140000 - 0x00007fff86217000 	C:\Program Files\Microsoft\jdk-17.0.10.7-hotspot\bin\jsvml.dll
0x00007fffc1b00000 - 0x00007fffc235c000 	C:\Windows\System32\SHELL32.dll
0x00007fffbe350000 - 0x00007fffbec47000 	C:\Windows\SYSTEM32\windows.storage.dll
0x00007fffbe210000 - 0x00007fffbe34f000 	C:\Windows\SYSTEM32\wintypes.dll
0x00007fffc2dd0000 - 0x00007fffc2ec4000 	C:\Windows\System32\SHCORE.dll
0x00007fffc1550000 - 0x00007fffc15ae000 	C:\Windows\System32\shlwapi.dll
0x00007fffc0630000 - 0x00007fffc0651000 	C:\Windows\SYSTEM32\profapi.dll
0x00007fffae2a0000 - 0x00007fffae2b9000 	C:\Program Files\Microsoft\jdk-17.0.10.7-hotspot\bin\net.dll
0x00007fffba120000 - 0x00007fffba256000 	C:\Windows\SYSTEM32\WINHTTP.dll
0x00007fffbfb50000 - 0x00007fffbfbb9000 	C:\Windows\system32\mswsock.dll
0x00007fffac560000 - 0x00007fffac576000 	C:\Program Files\Microsoft\jdk-17.0.10.7-hotspot\bin\nio.dll
0x00007fffabae0000 - 0x00007fffabaf8000 	C:\Program Files\Microsoft\jdk-17.0.10.7-hotspot\bin\zip.dll
0x00007fffab400000 - 0x00007fffab410000 	C:\Program Files\Microsoft\jdk-17.0.10.7-hotspot\bin\verify.dll
0x00007fffb0810000 - 0x00007fffb0837000 	C:\Users\Hai\.gradle\native\c067742578af261105cb4f569cf0c3c89f3d7b1fecec35dd04571415982c5e48\windows-amd64\native-platform.dll
0x00007fffb7390000 - 0x00007fffb7399000 	C:\Program Files\Microsoft\jdk-17.0.10.7-hotspot\bin\management.dll
0x00007fffb7380000 - 0x00007fffb738b000 	C:\Program Files\Microsoft\jdk-17.0.10.7-hotspot\bin\management_ext.dll
0x00007fffc2f30000 - 0x00007fffc2f38000 	C:\Windows\System32\PSAPI.DLL
0x00007fffbfea0000 - 0x00007fffbfebb000 	C:\Windows\SYSTEM32\CRYPTSP.dll
0x00007fffbf650000 - 0x00007fffbf685000 	C:\Windows\system32\rsaenh.dll
0x00007fffbfbf0000 - 0x00007fffbfc18000 	C:\Windows\SYSTEM32\USERENV.dll
0x00007fffbfe80000 - 0x00007fffbfe8c000 	C:\Windows\SYSTEM32\CRYPTBASE.dll
0x00007fffbeea0000 - 0x00007fffbeecd000 	C:\Windows\SYSTEM32\IPHLPAPI.DLL
0x00007fffc19c0000 - 0x00007fffc19c9000 	C:\Windows\System32\NSI.dll
0x00007fffb9ff0000 - 0x00007fffba009000 	C:\Windows\SYSTEM32\dhcpcsvc6.DLL
0x00007fffb9f50000 - 0x00007fffb9f6f000 	C:\Windows\SYSTEM32\dhcpcsvc.DLL
0x00007fffbef10000 - 0x00007fffbf008000 	C:\Windows\SYSTEM32\DNSAPI.dll
0x00007fffb9ba0000 - 0x00007fffb9ba9000 	C:\Program Files\Microsoft\jdk-17.0.10.7-hotspot\bin\extnet.dll
0x00007fffb9bb0000 - 0x00007fffb9bbe000 	C:\Program Files\Microsoft\jdk-17.0.10.7-hotspot\bin\sunmscapi.dll
0x00007fffc0fa0000 - 0x00007fffc1107000 	C:\Windows\System32\CRYPT32.dll
0x00007fffbffa0000 - 0x00007fffbffce000 	C:\Windows\SYSTEM32\ncrypt.dll
0x00007fffbff60000 - 0x00007fffbff97000 	C:\Windows\SYSTEM32\NTASN1.dll
0x00007fffba4e0000 - 0x00007fffba4e8000 	C:\Windows\system32\wshunix.dll

dbghelp: loaded successfully - version: 4.0.5 - missing functions: none
symbol engine: initialized successfully - sym options: 0x614 - pdb path: .;C:\Program Files\Microsoft\jdk-17.0.10.7-hotspot\bin;C:\Windows\SYSTEM32;C:\Windows\WinSxS\amd64_microsoft.windows.common-controls_6595b64144ccf1df_6.0.22621.3672_none_2713b9d173822955;C:\Program Files\Microsoft\jdk-17.0.10.7-hotspot\bin\server;C:\Users\Hai\.gradle\native\c067742578af261105cb4f569cf0c3c89f3d7b1fecec35dd04571415982c5e48\windows-amd64

VM Arguments:
jvm_args: -Xmx64m -Xms64m -Dorg.gradle.appname=gradlew 
java_command: org.gradle.wrapper.GradleWrapperMain app:installDebug -PreactNativeDevServerPort=8081
java_class_path (initial): C:\Users\Hai\Music\RN_notepad\android\\gradle\wrapper\gradle-wrapper.jar
Launcher Type: SUN_STANDARD

[Global flags]
     intx CICompilerCount                          = 3                                         {product} {ergonomic}
     uint ConcGCThreads                            = 1                                         {product} {ergonomic}
     uint G1ConcRefinementThreads                  = 4                                         {product} {ergonomic}
   size_t G1HeapRegionSize                         = 1048576                                   {product} {ergonomic}
    uintx GCDrainStackTargetSize                   = 64                                        {product} {ergonomic}
   size_t InitialHeapSize                          = 67108864                                  {product} {command line}
   size_t MarkStackSize                            = 4194304                                   {product} {ergonomic}
   size_t MaxHeapSize                              = 67108864                                  {product} {command line}
   size_t MaxNewSize                               = 39845888                                  {product} {ergonomic}
   size_t MinHeapDeltaBytes                        = 1048576                                   {product} {ergonomic}
   size_t MinHeapSize                              = 67108864                                  {product} {command line}
    uintx NonNMethodCodeHeapSize                   = 5832780                                {pd product} {ergonomic}
    uintx NonProfiledCodeHeapSize                  = 122912730                              {pd product} {ergonomic}
    uintx ProfiledCodeHeapSize                     = 122912730                              {pd product} {ergonomic}
    uintx ReservedCodeCacheSize                    = 251658240                              {pd product} {ergonomic}
     bool SegmentedCodeCache                       = true                                      {product} {ergonomic}
   size_t SoftMaxHeapSize                          = 67108864                               {manageable} {ergonomic}
     bool UseCompressedClassPointers               = true                           {product lp64_product} {ergonomic}
     bool UseCompressedOops                        = true                           {product lp64_product} {ergonomic}
     bool UseG1GC                                  = true                                      {product} {ergonomic}
     bool UseLargePagesIndividualAllocation        = false                                  {pd product} {ergonomic}

Logging:
Log output configuration:
 #0: stdout all=warning uptime,level,tags
 #1: stderr all=off uptime,level,tags

Environment Variables:
JAVA_HOME=C:\Program Files\Microsoft\jdk-17.0.10.7-hotspot
CLASSPATH=C:\Users\Hai\Music\RN_notepad\android\\gradle\wrapper\gradle-wrapper.jar
PATH=C:\Users\Hai\Music\RN_notepad\node_modules\.bin;C:\Users\Hai\Music\RN_notepad\node_modules\.bin;C:\Users\Hai\Music\node_modules\.bin;C:\Users\Hai\node_modules\.bin;C:\Users\node_modules\.bin;C:\node_modules\.bin;C:\Program Files\nodejs\node_modules\npm\node_modules\@npmcli\run-script\lib\node-gyp-bin;C:\Users\Hai\Music\RN_notepad\node_modules\.bin;C:\Users\Hai\Music\node_modules\.bin;C:\Users\Hai\node_modules\.bin;C:\Users\node_modules\.bin;C:\node_modules\.bin;C:\Program Files\nodejs\node_modules\npm\node_modules\@npmcli\run-script\lib\node-gyp-bin;C:\Program Files\Java\jdk-18.0.2.1\bin;C:\Program Files\Common Files\Oracle\Java\javapath;C:\Program Files\Microsoft\jdk-17.0.10.7-hotspot\bin;C:\Windows\system32;C:\Windows;C:\Windows\System32\Wbem;C:\Windows\System32\WindowsPowerShell\v1.0\;C:\Windows\System32\OpenSSH\;C:\Program Files\dotnet\;C:\ProgramData\chocolatey\bin;C:\Program Files\Git\cmd;C:\Program Files\PuTTY\;C:\Program Files\nodejs\;C:\Users\Hai\AppData\Local\Microsoft\WindowsApps;C:\Users\Hai\AppData\Local\Programs\Microsoft VS Code\bin;C:\Users\Hai\AppData\Local\Android\Sdk\platform-tools;C:\Users\Hai\AppData\Roaming\npm
USERNAME=Hai
OS=Windows_NT
PROCESSOR_IDENTIFIER=Intel64 Family 6 Model 94 Stepping 3, GenuineIntel
TMP=C:\Users\Hai\AppData\Local\Temp
TEMP=C:\Users\Hai\AppData\Local\Temp



Periodic native trim disabled


---------------  S Y S T E M  ---------------

OS:
 Windows 11 , 64 bit Build 22621 (10.0.22621.3672)
OS uptime: 9 days 0:22 hours
Hyper-V role detected

CPU: total 4 (initial active 4) (4 cores per cpu, 1 threads per core) family 6 model 94 stepping 3 microcode 0xf0, cx8, cmov, fxsr, mmx, 3dnowpref, sse, sse2, sse3, ssse3, sse4.1, sse4.2, popcnt, lzcnt, tsc, tscinvbit, avx, avx2, aes, erms, clmul, bmi1, bmi2, adx, fma, vzeroupper, clflush, clflushopt, hv
Processor Information for all 4 processors :
  Max Mhz: 2208, Current Mhz: 2208, Mhz Limit: 2208

Memory: 4k page, system-wide physical 8087M (303M free)
TotalPageFile size 25410M (AvailPageFile size 0M)
current process WorkingSet (physical memory assigned to process): 88M, peak: 90M
current process commit charge ("private bytes"): 156M, peak: 158M

vm_info: OpenJDK 64-Bit Server VM (17.0.10+7-LTS) for windows-amd64 JRE (17.0.10+7-LTS), built on Jan 10 2024 19:47:12 by "MicrosoftCorporation" with MS VC++ 16.10 / 16.11 (VS2019)

END.
