#
# There is insufficient memory for the Java Runtime Environment to continue.
# Native memory allocation (malloc) failed to allocate 411216 bytes for Chunk::new
# Possible reasons:
#   The system is out of physical RAM or swap space
#   The process is running with CompressedOops enabled, and the Java Heap may be blocking the growth of the native heap
# Possible solutions:
#   Reduce memory load on the system
#   Increase physical memory or swap space
#   Check if swap backing store is full
#   Decrease Java heap size (-Xmx/-Xms)
#   Decrease number of Java threads
#   Decrease Java thread stack sizes (-Xss)
#   Set larger code cache with -XX:ReservedCodeCacheSize=
#   JVM is running with Unscaled Compressed Oops mode in which the Java heap is
#     placed in the first 4GB address space. The Java Heap base address is the
#     maximum limit for the native heap growth. Please use -XX:HeapBaseMinAddress
#     to set the Java Heap base and to place the Java Heap above 4GB virtual address.
# This output file may be truncated or incomplete.
#
#  Out of Memory Error (arena.cpp:191), pid=20152, tid=11292
#
# JRE version: OpenJDK Runtime Environment Microsoft-8902769 (17.0.10+7) (build 17.0.10+7-LTS)
# Java VM: OpenJDK 64-Bit Server VM Microsoft-8902769 (17.0.10+7-LTS, mixed mode, sharing, tiered, compressed oops, compressed class ptrs, g1 gc, windows-amd64)
# No core dump will be written. Minidumps are not enabled by default on client versions of Windows
#

---------------  S U M M A R Y ------------

Command Line: -Xmx64m -Xms64m -Dorg.gradle.appname=gradlew org.gradle.wrapper.GradleWrapperMain app:installDebug -PreactNativeDevServerPort=8081

Host: Intel(R) Core(TM) i5-6400T CPU @ 2.20GHz, 4 cores, 7G,  Windows 11 , 64 bit Build 22621 (10.0.22621.3672)
Time: Mon Jul  1 20:09:51 2024 India Standard Time elapsed time: 538.753941 seconds (0d 0h 8m 58s)

---------------  T H R E A D  ---------------

Current thread (0x000002574c5c77b0):  JavaThread "C2 CompilerThread0" daemon [_thread_in_native, id=11292, stack(0x000000c475900000,0x000000c475a00000)]


Current CompileTask:
C2: 538754 2170   !   4       java.util.concurrent.ThreadPoolExecutor::getTask (177 bytes)

Stack: [0x000000c475900000,0x000000c475a00000]
Native frames: (J=compiled Java code, j=interpreted, Vv=VM code, C=native code)
V  [jvm.dll+0x67f829]
V  [jvm.dll+0x83750a]
V  [jvm.dll+0x838fce]
V  [jvm.dll+0x839633]
V  [jvm.dll+0x247cbf]
V  [jvm.dll+0xac524]
V  [jvm.dll+0xacb6c]
V  [jvm.dll+0x368ca2]
V  [jvm.dll+0x33311a]
V  [jvm.dll+0x3325ba]
V  [jvm.dll+0x21a401]
V  [jvm.dll+0x219821]
V  [jvm.dll+0x1a5176]
V  [jvm.dll+0x22957e]
V  [jvm.dll+0x22774c]
V  [jvm.dll+0x7ec5d7]
V  [jvm.dll+0x7e69da]
V  [jvm.dll+0x67e715]
C  [ucrtbase.dll+0x29333]
C  [KERNEL32.DLL+0x1257d]
C  [ntdll.dll+0x5af28]


---------------  P R O C E S S  ---------------

Threads class SMR info:
_java_thread_list=0x0000025792c0d250, length=15, elements={
0x0000025733454820, 0x00000257334e5230, 0x00000257334e60b0, 0x00000257334fb880,
0x00000257334fd4c0, 0x00000257334fdf80, 0x000002574c5c4400, 0x000002574c5c77b0,
0x000002574c5c8950, 0x000002574c6411d0, 0x000002574c806770, 0x000002574c80d0c0,
0x00000257924e4240, 0x0000025792e52cd0, 0x0000025792793830
}

Java Threads: ( => current thread )
  0x0000025733454820 JavaThread "main" [_thread_in_native, id=19688, stack(0x000000c474c00000,0x000000c474d00000)]
  0x00000257334e5230 JavaThread "Reference Handler" daemon [_thread_blocked, id=22452, stack(0x000000c475300000,0x000000c475400000)]
  0x00000257334e60b0 JavaThread "Finalizer" daemon [_thread_blocked, id=8256, stack(0x000000c475400000,0x000000c475500000)]
  0x00000257334fb880 JavaThread "Signal Dispatcher" daemon [_thread_blocked, id=5064, stack(0x000000c475500000,0x000000c475600000)]
  0x00000257334fd4c0 JavaThread "Attach Listener" daemon [_thread_blocked, id=8612, stack(0x000000c475600000,0x000000c475700000)]
  0x00000257334fdf80 JavaThread "Service Thread" daemon [_thread_blocked, id=15896, stack(0x000000c475700000,0x000000c475800000)]
  0x000002574c5c4400 JavaThread "Monitor Deflation Thread" daemon [_thread_blocked, id=18856, stack(0x000000c475800000,0x000000c475900000)]
=>0x000002574c5c77b0 JavaThread "C2 CompilerThread0" daemon [_thread_in_native, id=11292, stack(0x000000c475900000,0x000000c475a00000)]
  0x000002574c5c8950 JavaThread "C1 CompilerThread0" daemon [_thread_blocked, id=23088, stack(0x000000c475a00000,0x000000c475b00000)]
  0x000002574c6411d0 JavaThread "Sweeper thread" daemon [_thread_blocked, id=4632, stack(0x000000c475b00000,0x000000c475c00000)]
  0x000002574c806770 JavaThread "Notification Thread" daemon [_thread_blocked, id=18600, stack(0x000000c475c00000,0x000000c475d00000)]
  0x000002574c80d0c0 JavaThread "Common-Cleaner" daemon [_thread_blocked, id=21580, stack(0x000000c475e00000,0x000000c475f00000)]
  0x00000257924e4240 JavaThread "pool-1-thread-1" [_thread_blocked, id=24388, stack(0x000000c476300000,0x000000c476400000)]
  0x0000025792e52cd0 JavaThread "DisconnectableInputStream source reader" daemon [_thread_in_native, id=10336, stack(0x000000c476400000,0x000000c476500000)]
  0x0000025792793830 JavaThread "Forward input" [_thread_blocked, id=11352, stack(0x000000c476500000,0x000000c476600000)]

Other Threads:
  0x00000257334e0e80 VMThread "VM Thread" [stack: 0x000000c475200000,0x000000c475300000] [id=19660]
  0x000002574c806c50 WatcherThread [stack: 0x000000c475d00000,0x000000c475e00000] [id=22040]
  0x0000025733472880 GCTaskThread "GC Thread#0" [stack: 0x000000c474d00000,0x000000c474e00000] [id=17960]
  0x000002574ca1ee10 GCTaskThread "GC Thread#1" [stack: 0x000000c476000000,0x000000c476100000] [id=23692]
  0x000002574cad4250 GCTaskThread "GC Thread#2" [stack: 0x000000c476100000,0x000000c476200000] [id=13804]
  0x000002574c9595c0 GCTaskThread "GC Thread#3" [stack: 0x000000c476200000,0x000000c476300000] [id=3220]
  0x0000025733473fd0 ConcurrentGCThread "G1 Main Marker" [stack: 0x000000c474e00000,0x000000c474f00000] [id=8928]
  0x00000257334749f0 ConcurrentGCThread "G1 Conc#0" [stack: 0x000000c474f00000,0x000000c475000000] [id=24352]
  0x00000257334c2620 ConcurrentGCThread "G1 Refine#0" [stack: 0x000000c475000000,0x000000c475100000] [id=10108]
  0x00000257334c53a0 ConcurrentGCThread "G1 Service" [stack: 0x000000c475100000,0x000000c475200000] [id=19188]

Threads with active compile tasks:
C2 CompilerThread0   538820 2170   !   4       java.util.concurrent.ThreadPoolExecutor::getTask (177 bytes)

VM state: not at safepoint (normal execution)

VM Mutex/Monitor currently owned by a thread: None

Heap address: 0x00000000fc000000, size: 64 MB, Compressed Oops mode: 32-bit

CDS archive(s) mapped at: [0x000002574d000000-0x000002574dbb0000-0x000002574dbb0000), size 12255232, SharedBaseAddress: 0x000002574d000000, ArchiveRelocationMode: 1.
Compressed class space mapped at: 0x000002574e000000-0x000002578e000000, reserved size: 1073741824
Narrow klass base: 0x000002574d000000, Narrow klass shift: 0, Narrow klass range: 0x100000000

GC Precious Log:
 CPUs: 4 total, 4 available
 Memory: 8087M
 Large Page Support: Disabled
 NUMA Support: Disabled
 Compressed Oops: Enabled (32-bit)
 Heap Region Size: 1M
 Heap Min Capacity: 64M
 Heap Initial Capacity: 64M
 Heap Max Capacity: 64M
 Pre-touch: Disabled
 Parallel Workers: 4
 Concurrent Workers: 1
 Concurrent Refinement Workers: 4
 Periodic GC: Disabled

Heap:
 garbage-first heap   total 65536K, used 14106K [0x00000000fc000000, 0x0000000100000000)
  region size 1024K, 2 young (2048K), 1 survivors (1024K)
 Metaspace       used 10660K, committed 10880K, reserved 1114112K
  class space    used 1357K, committed 1472K, reserved 1048576K

Heap Regions: E=young(eden), S=young(survivor), O=old, HS=humongous(starts), HC=humongous(continues), CS=collection set, F=free, OA=open archive, CA=closed archive, TAMS=top-at-mark-start (previous, next)
|   0|0x00000000fc000000, 0x00000000fc100000, 0x00000000fc100000|100%| O|  |TAMS 0x00000000fc000000, 0x00000000fc000000| Untracked 
|   1|0x00000000fc100000, 0x00000000fc200000, 0x00000000fc200000|100%| O|  |TAMS 0x00000000fc100000, 0x00000000fc100000| Untracked 
|   2|0x00000000fc200000, 0x00000000fc300000, 0x00000000fc300000|100%|HS|  |TAMS 0x00000000fc200000, 0x00000000fc200000| Complete 
|   3|0x00000000fc300000, 0x00000000fc400000, 0x00000000fc400000|100%|HC|  |TAMS 0x00000000fc300000, 0x00000000fc300000| Complete 
|   4|0x00000000fc400000, 0x00000000fc500000, 0x00000000fc500000|100%|HC|  |TAMS 0x00000000fc400000, 0x00000000fc400000| Complete 
|   5|0x00000000fc500000, 0x00000000fc600000, 0x00000000fc600000|100%|HC|  |TAMS 0x00000000fc500000, 0x00000000fc500000| Complete 
|   6|0x00000000fc600000, 0x00000000fc700000, 0x00000000fc700000|100%| O|  |TAMS 0x00000000fc600000, 0x00000000fc600000| Untracked 
|   7|0x00000000fc700000, 0x00000000fc800000, 0x00000000fc800000|100%| O|  |TAMS 0x00000000fc700000, 0x00000000fc700000| Untracked 
|   8|0x00000000fc800000, 0x00000000fc900000, 0x00000000fc900000|100%| O|  |TAMS 0x00000000fc800000, 0x00000000fc800000| Untracked 
|   9|0x00000000fc900000, 0x00000000fca00000, 0x00000000fca00000|100%| O|  |TAMS 0x00000000fc900000, 0x00000000fc900000| Untracked 
|  10|0x00000000fca00000, 0x00000000fcb00000, 0x00000000fcb00000|100%| O|  |TAMS 0x00000000fca00000, 0x00000000fca00000| Untracked 
|  11|0x00000000fcb00000, 0x00000000fcc00000, 0x00000000fcc00000|100%| O|  |TAMS 0x00000000fcb00000, 0x00000000fcb00000| Untracked 
|  12|0x00000000fcc00000, 0x00000000fcd00000, 0x00000000fcd00000|100%| O|  |TAMS 0x00000000fcc00000, 0x00000000fcc00000| Untracked 
|  13|0x00000000fcd00000, 0x00000000fcd5c800, 0x00000000fce00000| 36%| O|  |TAMS 0x00000000fcd00000, 0x00000000fcd00000| Untracked 
|  14|0x00000000fce00000, 0x00000000fce00000, 0x00000000fcf00000|  0%| F|  |TAMS 0x00000000fce00000, 0x00000000fce00000| Untracked 
|  15|0x00000000fcf00000, 0x00000000fcf00000, 0x00000000fd000000|  0%| F|  |TAMS 0x00000000fcf00000, 0x00000000fcf00000| Untracked 
|  16|0x00000000fd000000, 0x00000000fd000000, 0x00000000fd100000|  0%| F|  |TAMS 0x00000000fd000000, 0x00000000fd000000| Untracked 
|  17|0x00000000fd100000, 0x00000000fd100000, 0x00000000fd200000|  0%| F|  |TAMS 0x00000000fd100000, 0x00000000fd100000| Untracked 
|  18|0x00000000fd200000, 0x00000000fd200000, 0x00000000fd300000|  0%| F|  |TAMS 0x00000000fd200000, 0x00000000fd200000| Untracked 
|  19|0x00000000fd300000, 0x00000000fd300000, 0x00000000fd400000|  0%| F|  |TAMS 0x00000000fd300000, 0x00000000fd300000| Untracked 
|  20|0x00000000fd400000, 0x00000000fd400000, 0x00000000fd500000|  0%| F|  |TAMS 0x00000000fd400000, 0x00000000fd400000| Untracked 
|  21|0x00000000fd500000, 0x00000000fd500000, 0x00000000fd600000|  0%| F|  |TAMS 0x00000000fd500000, 0x00000000fd500000| Untracked 
|  22|0x00000000fd600000, 0x00000000fd600000, 0x00000000fd700000|  0%| F|  |TAMS 0x00000000fd600000, 0x00000000fd600000| Untracked 
|  23|0x00000000fd700000, 0x00000000fd700000, 0x00000000fd800000|  0%| F|  |TAMS 0x00000000fd700000, 0x00000000fd700000| Untracked 
|  24|0x00000000fd800000, 0x00000000fd800000, 0x00000000fd900000|  0%| F|  |TAMS 0x00000000fd800000, 0x00000000fd800000| Untracked 
|  25|0x00000000fd900000, 0x00000000fd900000, 0x00000000fda00000|  0%| F|  |TAMS 0x00000000fd900000, 0x00000000fd900000| Untracked 
|  26|0x00000000fda00000, 0x00000000fda00000, 0x00000000fdb00000|  0%| F|  |TAMS 0x00000000fda00000, 0x00000000fda00000| Untracked 
|  27|0x00000000fdb00000, 0x00000000fdb00000, 0x00000000fdc00000|  0%| F|  |TAMS 0x00000000fdb00000, 0x00000000fdb00000| Untracked 
|  28|0x00000000fdc00000, 0x00000000fdc00000, 0x00000000fdd00000|  0%| F|  |TAMS 0x00000000fdc00000, 0x00000000fdc00000| Untracked 
|  29|0x00000000fdd00000, 0x00000000fdd00000, 0x00000000fde00000|  0%| F|  |TAMS 0x00000000fdd00000, 0x00000000fdd00000| Untracked 
|  30|0x00000000fde00000, 0x00000000fde00000, 0x00000000fdf00000|  0%| F|  |TAMS 0x00000000fde00000, 0x00000000fde00000| Untracked 
|  31|0x00000000fdf00000, 0x00000000fdf6a1e0, 0x00000000fe000000| 41%| S|CS|TAMS 0x00000000fdf00000, 0x00000000fdf00000| Complete 
|  32|0x00000000fe000000, 0x00000000fe000000, 0x00000000fe100000|  0%| F|  |TAMS 0x00000000fe000000, 0x00000000fe000000| Untracked 
|  33|0x00000000fe100000, 0x00000000fe100000, 0x00000000fe200000|  0%| F|  |TAMS 0x00000000fe100000, 0x00000000fe100000| Untracked 
|  34|0x00000000fe200000, 0x00000000fe200000, 0x00000000fe300000|  0%| F|  |TAMS 0x00000000fe200000, 0x00000000fe200000| Untracked 
|  35|0x00000000fe300000, 0x00000000fe300000, 0x00000000fe400000|  0%| F|  |TAMS 0x00000000fe300000, 0x00000000fe300000| Untracked 
|  36|0x00000000fe400000, 0x00000000fe400000, 0x00000000fe500000|  0%| F|  |TAMS 0x00000000fe400000, 0x00000000fe400000| Untracked 
|  37|0x00000000fe500000, 0x00000000fe500000, 0x00000000fe600000|  0%| F|  |TAMS 0x00000000fe500000, 0x00000000fe500000| Untracked 
|  38|0x00000000fe600000, 0x00000000fe600000, 0x00000000fe700000|  0%| F|  |TAMS 0x00000000fe600000, 0x00000000fe600000| Untracked 
|  39|0x00000000fe700000, 0x00000000fe700000, 0x00000000fe800000|  0%| F|  |TAMS 0x00000000fe700000, 0x00000000fe700000| Untracked 
|  40|0x00000000fe800000, 0x00000000fe800000, 0x00000000fe900000|  0%| F|  |TAMS 0x00000000fe800000, 0x00000000fe800000| Untracked 
|  41|0x00000000fe900000, 0x00000000fe900000, 0x00000000fea00000|  0%| F|  |TAMS 0x00000000fe900000, 0x00000000fe900000| Untracked 
|  42|0x00000000fea00000, 0x00000000fea00000, 0x00000000feb00000|  0%| F|  |TAMS 0x00000000fea00000, 0x00000000fea00000| Untracked 
|  43|0x00000000feb00000, 0x00000000feb00000, 0x00000000fec00000|  0%| F|  |TAMS 0x00000000feb00000, 0x00000000feb00000| Untracked 
|  44|0x00000000fec00000, 0x00000000fec00000, 0x00000000fed00000|  0%| F|  |TAMS 0x00000000fec00000, 0x00000000fec00000| Untracked 
|  45|0x00000000fed00000, 0x00000000fed00000, 0x00000000fee00000|  0%| F|  |TAMS 0x00000000fed00000, 0x00000000fed00000| Untracked 
|  46|0x00000000fee00000, 0x00000000fee00000, 0x00000000fef00000|  0%| F|  |TAMS 0x00000000fee00000, 0x00000000fee00000| Untracked 
|  47|0x00000000fef00000, 0x00000000fef00000, 0x00000000ff000000|  0%| F|  |TAMS 0x00000000fef00000, 0x00000000fef00000| Untracked 
|  48|0x00000000ff000000, 0x00000000ff000000, 0x00000000ff100000|  0%| F|  |TAMS 0x00000000ff000000, 0x00000000ff000000| Untracked 
|  49|0x00000000ff100000, 0x00000000ff100000, 0x00000000ff200000|  0%| F|  |TAMS 0x00000000ff100000, 0x00000000ff100000| Untracked 
|  50|0x00000000ff200000, 0x00000000ff200000, 0x00000000ff300000|  0%| F|  |TAMS 0x00000000ff200000, 0x00000000ff200000| Untracked 
|  51|0x00000000ff300000, 0x00000000ff300000, 0x00000000ff400000|  0%| F|  |TAMS 0x00000000ff300000, 0x00000000ff300000| Untracked 
|  52|0x00000000ff400000, 0x00000000ff400000, 0x00000000ff500000|  0%| F|  |TAMS 0x00000000ff400000, 0x00000000ff400000| Untracked 
|  53|0x00000000ff500000, 0x00000000ff500000, 0x00000000ff600000|  0%| F|  |TAMS 0x00000000ff500000, 0x00000000ff500000| Untracked 
|  54|0x00000000ff600000, 0x00000000ff600000, 0x00000000ff700000|  0%| F|  |TAMS 0x00000000ff600000, 0x00000000ff600000| Untracked 
|  55|0x00000000ff700000, 0x00000000ff700000, 0x00000000ff800000|  0%| F|  |TAMS 0x00000000ff700000, 0x00000000ff700000| Untracked 
|  56|0x00000000ff800000, 0x00000000ff800000, 0x00000000ff900000|  0%| F|  |TAMS 0x00000000ff800000, 0x00000000ff800000| Untracked 
|  57|0x00000000ff900000, 0x00000000ff900000, 0x00000000ffa00000|  0%| F|  |TAMS 0x00000000ff900000, 0x00000000ff900000| Untracked 
|  58|0x00000000ffa00000, 0x00000000ffa00000, 0x00000000ffb00000|  0%| F|  |TAMS 0x00000000ffa00000, 0x00000000ffa00000| Untracked 
|  59|0x00000000ffb00000, 0x00000000ffb00000, 0x00000000ffc00000|  0%| F|  |TAMS 0x00000000ffb00000, 0x00000000ffb00000| Untracked 
|  60|0x00000000ffc00000, 0x00000000ffc00000, 0x00000000ffd00000|  0%| F|  |TAMS 0x00000000ffc00000, 0x00000000ffc00000| Untracked 
|  61|0x00000000ffd00000, 0x00000000ffd00000, 0x00000000ffe00000|  0%| F|  |TAMS 0x00000000ffd00000, 0x00000000ffd00000| Untracked 
|  62|0x00000000ffe00000, 0x00000000ffe00000, 0x00000000fff00000|  0%| F|  |TAMS 0x00000000ffe00000, 0x00000000ffe00000| Untracked 
|  63|0x00000000fff00000, 0x00000000fffe84c8, 0x0000000100000000| 90%| E|  |TAMS 0x00000000fff00000, 0x00000000fff00000| Complete 

Card table byte_map: [0x0000025732b60000,0x0000025732b80000] _byte_map_base: 0x0000025732380000

Marking Bits (Prev, Next): (CMBitMap*) 0x0000025733472ea0, (CMBitMap*) 0x0000025733472ee0
 Prev Bits: [0x0000025733230000, 0x0000025733330000)
 Next Bits: [0x0000025749f60000, 0x000002574a060000)

Polling page: 0x0000025732ae0000

Metaspace:

Usage:
  Non-class:      9.08 MB used.
      Class:      1.33 MB used.
       Both:     10.41 MB used.

Virtual space:
  Non-class space:       64.00 MB reserved,       9.19 MB ( 14%) committed,  1 nodes.
      Class space:        1.00 GB reserved,       1.44 MB ( <1%) committed,  1 nodes.
             Both:        1.06 GB reserved,      10.62 MB ( <1%) committed. 

Chunk freelists:
   Non-Class:  6.22 MB
       Class:  14.54 MB
        Both:  20.76 MB

MaxMetaspaceSize: unlimited
CompressedClassSpaceSize: 1.00 GB
Initial GC threshold: 21.00 MB
Current GC threshold: 21.00 MB
CDS: on
MetaspaceReclaimPolicy: balanced
 - commit_granule_bytes: 65536.
 - commit_granule_words: 8192.
 - virtual_space_node_default_size: 8388608.
 - enlarge_chunks_in_place: 1.
 - new_chunks_are_fully_committed: 0.
 - uncommit_free_chunks: 1.
 - use_allocation_guard: 0.
 - handle_deallocations: 1.


Internal statistics:

num_allocs_failed_limit: 0.
num_arena_births: 96.
num_arena_deaths: 0.
num_vsnodes_births: 2.
num_vsnodes_deaths: 0.
num_space_committed: 170.
num_space_uncommitted: 0.
num_chunks_returned_to_freelist: 0.
num_chunks_taken_from_freelist: 369.
num_chunk_merges: 0.
num_chunk_splits: 251.
num_chunks_enlarged: 209.
num_inconsistent_stats: 0.

CodeHeap 'non-profiled nmethods': size=120000Kb used=1330Kb max_used=1330Kb free=118670Kb
 bounds [0x0000025742a30000, 0x0000025742ca0000, 0x0000025749f60000]
CodeHeap 'profiled nmethods': size=120000Kb used=4041Kb max_used=4041Kb free=115958Kb
 bounds [0x000002573af60000, 0x000002573b360000, 0x0000025742490000]
CodeHeap 'non-nmethods': size=5760Kb used=1189Kb max_used=1256Kb free=4570Kb
 bounds [0x0000025742490000, 0x0000025742700000, 0x0000025742a30000]
 total_blobs=2661 nmethods=2169 adapters=405
 compilation: enabled
              stopped_count=0, restarted_count=0
 full_count=0

Compilation events (20 events):
Event: 506.812 Thread 0x000002574c5c77b0 nmethod 2160 0x0000025742b79710 code [0x0000025742b79880, 0x0000025742b79958]
Event: 515.902 Thread 0x000002574c5c77b0 2161       4       org.gradle.internal.logging.console.DefaultColorMap$AttributeColor::on (10 bytes)
Event: 515.907 Thread 0x000002574c5c77b0 nmethod 2161 0x0000025742b79a90 code [0x0000025742b79c40, 0x0000025742b79f68]
Event: 515.907 Thread 0x000002574c5c77b0 2162       4       org.gradle.internal.logging.console.DefaultColorMap$AttributeColor::off (10 bytes)
Event: 515.911 Thread 0x000002574c5c77b0 nmethod 2162 0x0000025742b7a210 code [0x0000025742b7a3c0, 0x0000025742b7a6e8]
Event: 528.303 Thread 0x000002574c5c77b0 2163       4       java.util.concurrent.locks.AbstractQueuedSynchronizer::acquire (20 bytes)
Event: 528.306 Thread 0x000002574c5c77b0 nmethod 2163 0x0000025742b7a990 code [0x0000025742b7ab00, 0x0000025742b7acb8]
Event: 529.602 Thread 0x000002574c5c77b0 2164       4       java.lang.StringLatin1::trim (76 bytes)
Event: 529.605 Thread 0x000002574c5c77b0 nmethod 2164 0x0000025742b7ad90 code [0x0000025742b7af20, 0x0000025742b7b088]
Event: 533.302 Thread 0x000002574c5c77b0 2165       4       java.util.Collections$EmptyList::equals (25 bytes)
Event: 533.304 Thread 0x000002574c5c77b0 nmethod 2165 0x0000025742b7b210 code [0x0000025742b7b3a0, 0x0000025742b7b4d8]
Event: 538.202 Thread 0x000002574c5c77b0 2166       4       java.util.concurrent.ThreadPoolExecutor$Worker::unlock (7 bytes)
Event: 538.205 Thread 0x000002574c5c77b0 nmethod 2166 0x0000025742b7b610 code [0x0000025742b7b7a0, 0x0000025742b7b908]
Event: 538.306 Thread 0x000002574c5c77b0 2167       4       org.gradle.internal.time.MonotonicClock::getCurrentTime (70 bytes)
Event: 538.310 Thread 0x000002574c5c77b0 nmethod 2167 0x0000025742b7ba10 code [0x0000025742b7bba0, 0x0000025742b7be48]
Event: 538.310 Thread 0x000002574c5c77b0 2168       4       org.gradle.internal.time.MonotonicClock::syncIsDue (28 bytes)
Event: 538.311 Thread 0x000002574c5c77b0 nmethod 2168 0x0000025742b7c110 code [0x0000025742b7c280, 0x0000025742b7c358]
Event: 538.705 Thread 0x000002574c5c77b0 2169       4       java.util.concurrent.ThreadPoolExecutor$Worker::lock (6 bytes)
Event: 538.707 Thread 0x000002574c5c77b0 nmethod 2169 0x0000025742b7c410 code [0x0000025742b7c580, 0x0000025742b7c718]
Event: 538.709 Thread 0x000002574c5c77b0 2170   !   4       java.util.concurrent.ThreadPoolExecutor::getTask (177 bytes)

GC Heap History (8 events):
Event: 0.768 GC heap before
{Heap before GC invocations=0 (full 0):
 garbage-first heap   total 65536K, used 12288K [0x00000000fc000000, 0x0000000100000000)
  region size 1024K, 13 young (13312K), 0 survivors (0K)
 Metaspace       used 1820K, committed 1920K, reserved 1114112K
  class space    used 166K, committed 192K, reserved 1048576K
}
Event: 0.775 GC heap after
{Heap after GC invocations=1 (full 0):
 garbage-first heap   total 65536K, used 3104K [0x00000000fc000000, 0x0000000100000000)
  region size 1024K, 2 young (2048K), 2 survivors (2048K)
 Metaspace       used 1820K, committed 1920K, reserved 1114112K
  class space    used 166K, committed 192K, reserved 1048576K
}
Event: 1.488 GC heap before
{Heap before GC invocations=1 (full 0):
 garbage-first heap   total 65536K, used 22560K [0x00000000fc000000, 0x0000000100000000)
  region size 1024K, 18 young (18432K), 2 survivors (2048K)
 Metaspace       used 5230K, committed 5440K, reserved 1114112K
  class space    used 691K, committed 768K, reserved 1048576K
}
Event: 1.492 GC heap after
{Heap after GC invocations=2 (full 0):
 garbage-first heap   total 65536K, used 10938K [0x00000000fc000000, 0x0000000100000000)
  region size 1024K, 3 young (3072K), 3 survivors (3072K)
 Metaspace       used 5230K, committed 5440K, reserved 1114112K
  class space    used 691K, committed 768K, reserved 1048576K
}
Event: 71.970 GC heap before
{Heap before GC invocations=2 (full 0):
 garbage-first heap   total 65536K, used 31418K [0x00000000fc000000, 0x0000000100000000)
  region size 1024K, 23 young (23552K), 3 survivors (3072K)
 Metaspace       used 10341K, committed 10560K, reserved 1114112K
  class space    used 1324K, committed 1472K, reserved 1048576K
}
Event: 71.975 GC heap after
{Heap after GC invocations=3 (full 0):
 garbage-first heap   total 65536K, used 13674K [0x00000000fc000000, 0x0000000100000000)
  region size 1024K, 3 young (3072K), 3 survivors (3072K)
 Metaspace       used 10341K, committed 10560K, reserved 1114112K
  class space    used 1324K, committed 1472K, reserved 1048576K
}
Event: 527.407 GC heap before
{Heap before GC invocations=3 (full 0):
 garbage-first heap   total 65536K, used 43370K [0x00000000fc000000, 0x0000000100000000)
  region size 1024K, 32 young (32768K), 3 survivors (3072K)
 Metaspace       used 10660K, committed 10880K, reserved 1114112K
  class space    used 1357K, committed 1472K, reserved 1048576K
}
Event: 527.449 GC heap after
{Heap after GC invocations=4 (full 0):
 garbage-first heap   total 65536K, used 14106K [0x00000000fc000000, 0x0000000100000000)
  region size 1024K, 1 young (1024K), 1 survivors (1024K)
 Metaspace       used 10660K, committed 10880K, reserved 1114112K
  class space    used 1357K, committed 1472K, reserved 1048576K
}

Dll operation events (13 events):
Event: 0.027 Loaded shared library C:\Program Files\Microsoft\jdk-17.0.10.7-hotspot\bin\java.dll
Event: 0.059 Loaded shared library C:\Program Files\Microsoft\jdk-17.0.10.7-hotspot\bin\jsvml.dll
Event: 0.121 Loaded shared library C:\Program Files\Microsoft\jdk-17.0.10.7-hotspot\bin\net.dll
Event: 0.127 Loaded shared library C:\Program Files\Microsoft\jdk-17.0.10.7-hotspot\bin\nio.dll
Event: 0.133 Loaded shared library C:\Program Files\Microsoft\jdk-17.0.10.7-hotspot\bin\zip.dll
Event: 0.692 Loaded shared library C:\Program Files\Microsoft\jdk-17.0.10.7-hotspot\bin\jimage.dll
Event: 0.856 Loaded shared library C:\Program Files\Microsoft\jdk-17.0.10.7-hotspot\bin\verify.dll
Event: 1.337 Loaded shared library C:\Users\Hai\.gradle\native\c067742578af261105cb4f569cf0c3c89f3d7b1fecec35dd04571415982c5e48\windows-amd64\native-platform.dll
Event: 1.368 Loaded shared library C:\Users\Hai\.gradle\native\jansi\1.18\windows64\jansi.dll
Event: 1.595 Loaded shared library C:\Program Files\Microsoft\jdk-17.0.10.7-hotspot\bin\management.dll
Event: 1.600 Loaded shared library C:\Program Files\Microsoft\jdk-17.0.10.7-hotspot\bin\management_ext.dll
Event: 2.274 Loaded shared library C:\Program Files\Microsoft\jdk-17.0.10.7-hotspot\bin\extnet.dll
Event: 7.237 Loaded shared library C:\Program Files\Microsoft\jdk-17.0.10.7-hotspot\bin\sunmscapi.dll

Deoptimization events (20 events):
Event: 214.027 Thread 0x00000257924e4240 Uncommon trap: trap_request=0xffffff45 fr.pc=0x0000025742aebe80 relative=0x0000000000000080
Event: 214.027 Thread 0x00000257924e4240 Uncommon trap: reason=unstable_if action=reinterpret pc=0x0000025742aebe80 method=org.gradle.internal.operations.OperationIdentifier.equals(Ljava/lang/Object;)Z @ 2 c2
Event: 214.027 Thread 0x00000257924e4240 DEOPT PACKING pc=0x0000025742aebe80 sp=0x000000c4763ff0f0
Event: 214.299 Thread 0x00000257924e4240 DEOPT UNPACKING pc=0x00000257424e69a3 sp=0x000000c4763ff080 mode 2
Event: 214.299 Thread 0x00000257924e4240 Uncommon trap: trap_request=0xffffff45 fr.pc=0x0000025742b36cc0 relative=0x0000000000001140
Event: 214.299 Thread 0x00000257924e4240 Uncommon trap: reason=unstable_if action=reinterpret pc=0x0000025742b36cc0 method=org.gradle.internal.logging.sink.GroupingProgressLogEventGenerator$OperationGroup.maybeFlushOutput(J)V @ 26 c2
Event: 214.299 Thread 0x00000257924e4240 DEOPT PACKING pc=0x0000025742b36cc0 sp=0x000000c4763ff130
Event: 214.299 Thread 0x00000257924e4240 DEOPT UNPACKING pc=0x00000257424e69a3 sp=0x000000c4763feff8 mode 2
Event: 214.400 Thread 0x00000257924e4240 Uncommon trap: trap_request=0xffffff45 fr.pc=0x0000025742b3957c relative=0x000000000000101c
Event: 214.400 Thread 0x00000257924e4240 Uncommon trap: reason=unstable_if action=reinterpret pc=0x0000025742b3957c method=org.gradle.internal.logging.sink.GroupingProgressLogEventGenerator$OperationGroup.maybeFlushOutput(J)V @ 26 c2
Event: 214.400 Thread 0x00000257924e4240 DEOPT PACKING pc=0x0000025742b3957c sp=0x000000c4763ff0c0
Event: 214.400 Thread 0x00000257924e4240 DEOPT UNPACKING pc=0x00000257424e69a3 sp=0x000000c4763feff8 mode 2
Event: 228.316 Thread 0x0000025733454820 Uncommon trap: trap_request=0xffffff45 fr.pc=0x0000025742b06308 relative=0x00000000000023c8
Event: 228.316 Thread 0x0000025733454820 Uncommon trap: reason=unstable_if action=reinterpret pc=0x0000025742b06308 method=org.gradle.internal.logging.sink.OutputEventTransformer.onOutput(Lorg/gradle/internal/logging/events/OutputEvent;)V @ 89 c2
Event: 228.316 Thread 0x0000025733454820 DEOPT PACKING pc=0x0000025742b06308 sp=0x000000c474cfcbd0
Event: 228.317 Thread 0x0000025733454820 DEOPT UNPACKING pc=0x00000257424e69a3 sp=0x000000c474cfcbd8 mode 2
Event: 393.865 Thread 0x00000257924e4240 Uncommon trap: trap_request=0xffffff45 fr.pc=0x0000025742b43334 relative=0x0000000000004674
Event: 393.865 Thread 0x00000257924e4240 Uncommon trap: reason=unstable_if action=reinterpret pc=0x0000025742b43334 method=org.gradle.internal.logging.console.BuildStatusRenderer.onOutput(Lorg/gradle/internal/logging/events/OutputEvent;)V @ 155 c2
Event: 393.865 Thread 0x00000257924e4240 DEOPT PACKING pc=0x0000025742b43334 sp=0x000000c4763ff230
Event: 393.865 Thread 0x00000257924e4240 DEOPT UNPACKING pc=0x00000257424e69a3 sp=0x000000c4763ff250 mode 2

Classes unloaded (0 events):
No events

Classes redefined (0 events):
No events

Internal exceptions (20 events):
Event: 1.310 Thread 0x0000025733454820 Exception <a 'java/lang/NoSuchMethodError'{0x00000000ff5ea840}: 'int java.lang.invoke.DirectMethodHandle$Holder.invokeSpecial(java.lang.Object, java.lang.Object, java.lang.Object)'> (0x00000000ff5ea840) 
thrown [s\src\hotspot\share\interpreter\linkResolver.cpp, line 759]
Event: 1.313 Thread 0x0000025733454820 Exception <a 'java/lang/NoSuchMethodError'{0x00000000ff5fdbc8}: 'java.lang.Object java.lang.invoke.Invokers$Holder.invokeExact_MT(java.lang.Object, java.lang.Object, java.lang.Object, java.lang.Object)'> (0x00000000ff5fdbc8) 
thrown [s\src\hotspot\share\interpreter\linkResolver.cpp, line 759]
Event: 1.531 Thread 0x0000025733454820 Exception <a 'java/lang/NoSuchMethodError'{0x00000000ffe93320}: 'void java.lang.invoke.DirectMethodHandle$Holder.invokeSpecial(java.lang.Object, java.lang.Object, java.lang.Object)'> (0x00000000ffe93320) 
thrown [s\src\hotspot\share\interpreter\linkResolver.cpp, line 759]
Event: 1.546 Thread 0x0000025733454820 Implicit null exception at 0x0000025742a8f20f to 0x0000025742a8f77c
Event: 1.547 Thread 0x0000025733454820 Implicit null exception at 0x0000025742a8de0f to 0x0000025742a8e378
Event: 1.547 Thread 0x0000025733454820 Implicit null exception at 0x0000025742a6a88f to 0x0000025742a6a909
Event: 1.590 Thread 0x0000025733454820 Exception <a 'java/lang/NoSuchMethodError'{0x00000000ffdf23b0}: 'java.lang.Object java.lang.invoke.DirectMethodHandle$Holder.invokeStaticInit(java.lang.Object)'> (0x00000000ffdf23b0) 
thrown [s\src\hotspot\share\interpreter\linkResolver.cpp, line 759]
Event: 1.628 Thread 0x0000025733454820 Exception <a 'java/lang/NoSuchMethodError'{0x00000000ffc8cdd0}: 'int java.lang.invoke.DirectMethodHandle$Holder.invokeVirtual(java.lang.Object, java.lang.Object, java.lang.Object)'> (0x00000000ffc8cdd0) 
thrown [s\src\hotspot\share\interpreter\linkResolver.cpp, line 759]
Event: 1.637 Thread 0x0000025733454820 Exception <a 'java/lang/NoSuchMethodError'{0x00000000ffcf0af8}: 'java.lang.Object java.lang.invoke.DirectMethodHandle$Holder.invokeVirtual(java.lang.Object, java.lang.Object, java.lang.Object)'> (0x00000000ffcf0af8) 
thrown [s\src\hotspot\share\interpreter\linkResolver.cpp, line 759]
Event: 1.727 Thread 0x0000025733454820 Exception <a 'java/lang/NoSuchMethodError'{0x00000000ff866310}: 'java.lang.Object java.lang.invoke.DirectMethodHandle$Holder.invokeStaticInit(java.lang.Object, int, int, int, int)'> (0x00000000ff866310) 
thrown [s\src\hotspot\share\interpreter\linkResolver.cpp, line 759]
Event: 1.840 Thread 0x0000025733454820 Exception <a 'java/lang/NoSuchMethodError'{0x00000000ff889b58}: 'java.lang.Object java.lang.invoke.DirectMethodHandle$Holder.invokeStaticInit(java.lang.Object, java.lang.Object, int, int, int, int)'> (0x00000000ff889b58) 
thrown [s\src\hotspot\share\interpreter\linkResolver.cpp, line 759]
Event: 2.277 Thread 0x0000025733454820 Exception <a 'java/lang/NoSuchMethodError'{0x00000000ff8b80a0}: 'void java.lang.invoke.DirectMethodHandle$Holder.invokeStatic(java.lang.Object, java.lang.Object, java.lang.Object)'> (0x00000000ff8b80a0) 
thrown [s\src\hotspot\share\interpreter\linkResolver.cpp, line 759]
Event: 2.300 Thread 0x0000025733454820 Implicit null exception at 0x0000025742a67ff2 to 0x0000025742a6860c
Event: 2.301 Thread 0x0000025733454820 Implicit null exception at 0x0000025742a76df2 to 0x0000025742a7740c
Event: 2.314 Thread 0x0000025733454820 Exception <a 'java/net/ConnectException'{0x00000000ff783b68}: Connection refused: no further information> (0x00000000ff783b68) 
thrown [s\src\hotspot\share\prims\jni.cpp, line 535]
Event: 2.616 Thread 0x0000025792e58250 Exception <a 'java/lang/NoSuchMethodError'{0x00000000ff074ae0}: 'void java.lang.invoke.DirectMethodHandle$Holder.invokeStatic(java.lang.Object, long)'> (0x00000000ff074ae0) 
thrown [s\src\hotspot\share\interpreter\linkResolver.cpp, line 759]
Event: 2.617 Thread 0x0000025792e58250 Exception <a 'java/lang/NoSuchMethodError'{0x00000000ff07a438}: 'java.lang.Object java.lang.invoke.DirectMethodHandle$Holder.newInvokeSpecial(java.lang.Object, long)'> (0x00000000ff07a438) 
thrown [s\src\hotspot\share\interpreter\linkResolver.cpp, line 759]
Event: 2.619 Thread 0x0000025792e58250 Exception <a 'java/lang/NoSuchMethodError'{0x00000000ff084fe0}: 'java.lang.Object java.lang.invoke.DirectMethodHandle$Holder.invokeStaticInit(java.lang.Object, java.lang.Object, long, java.lang.Object)'> (0x00000000ff084fe0) 
thrown [s\src\hotspot\share\interpreter\linkResolver.cpp, line 759]
Event: 2.620 Thread 0x0000025792e58250 Exception <a 'java/lang/NoSuchMethodError'{0x00000000ff08b668}: 'java.lang.Object java.lang.invoke.DirectMethodHandle$Holder.newInvokeSpecial(java.lang.Object, java.lang.Object, long)'> (0x00000000ff08b668) 
thrown [s\src\hotspot\share\interpreter\linkResolver.cpp, line 759]
Event: 2.620 Thread 0x0000025792e58250 Exception <a 'java/lang/NoSuchMethodError'{0x00000000ff08f958}: 'java.lang.Object java.lang.invoke.Invokers$Holder.linkToTargetMethod(java.lang.Object, long, java.lang.Object)'> (0x00000000ff08f958) 
thrown [s\src\hotspot\share\interpreter\linkResolver.cpp, line 759]

VM Operations (20 events):
Event: 414.588 Executing VM operation: Cleanup
Event: 414.588 Executing VM operation: Cleanup done
Event: 415.602 Executing VM operation: Cleanup
Event: 415.602 Executing VM operation: Cleanup done
Event: 417.618 Executing VM operation: Cleanup
Event: 417.618 Executing VM operation: Cleanup done
Event: 421.201 Executing VM operation: HandshakeAllThreads
Event: 421.201 Executing VM operation: HandshakeAllThreads done
Event: 445.380 Executing VM operation: Cleanup
Event: 445.380 Executing VM operation: Cleanup done
Event: 480.627 Executing VM operation: Cleanup
Event: 480.627 Executing VM operation: Cleanup done
Event: 481.388 Executing VM operation: HandshakeAllThreads
Event: 481.388 Executing VM operation: HandshakeAllThreads done
Event: 493.465 Executing VM operation: Cleanup
Event: 493.465 Executing VM operation: Cleanup done
Event: 507.545 Executing VM operation: Cleanup
Event: 507.546 Executing VM operation: Cleanup done
Event: 527.403 Executing VM operation: G1CollectForAllocation
Event: 527.449 Executing VM operation: G1CollectForAllocation done

Events (20 events):
Event: 211.706 loading class jdk/internal/logger/LazyLoggers$LazyLoggerFactories
Event: 211.706 loading class jdk/internal/logger/LazyLoggers$LazyLoggerFactories done
Event: 211.709 loading class jdk/internal/logger/LoggerFinderLoader
Event: 211.710 loading class jdk/internal/logger/LoggerFinderLoader done
Event: 211.724 loading class jdk/internal/logger/LoggerFinderLoader$TemporaryLoggerFinder
Event: 211.726 loading class jdk/internal/logger/LoggerFinderLoader$TemporaryLoggerFinder done
Event: 211.729 loading class sun/util/logging/internal/LoggingProviderImpl$JULWrapper
Event: 211.730 loading class sun/util/logging/PlatformLogger$ConfigurableBridge$LoggerConfiguration
Event: 211.731 loading class sun/util/logging/PlatformLogger$ConfigurableBridge$LoggerConfiguration done
Event: 211.731 loading class sun/util/logging/internal/LoggingProviderImpl$JULWrapper done
Event: 211.732 loading class java/io/ObjectInputFilter
Event: 211.733 loading class java/io/ObjectInputFilter done
Event: 211.733 loading class java/io/ObjectInputFilter$Config$BuiltinFilterFactory
Event: 211.734 loading class java/io/ObjectInputFilter$Config$BuiltinFilterFactory done
Event: 211.734 loading class jdk/internal/access/JavaObjectInputFilterAccess
Event: 211.734 loading class jdk/internal/access/JavaObjectInputFilterAccess done
Event: 211.736 loading class java/lang/System$Logger$Level
Event: 211.737 loading class java/lang/System$Logger$Level done
Event: 211.737 loading class java/io/Bits
Event: 211.738 loading class java/io/Bits done


Dynamic libraries:
0x00007ff62b990000 - 0x00007ff62b99e000 	C:\Program Files\Microsoft\jdk-17.0.10.7-hotspot\bin\java.exe
0x00007fffc33d0000 - 0x00007fffc35e7000 	C:\Windows\SYSTEM32\ntdll.dll
0x00007fffc3050000 - 0x00007fffc3114000 	C:\Windows\System32\KERNEL32.DLL
0x00007fffc0700000 - 0x00007fffc0aac000 	C:\Windows\System32\KERNELBASE.dll
0x00007fffc0c40000 - 0x00007fffc0d51000 	C:\Windows\System32\ucrtbase.dll
0x00007fff97db0000 - 0x00007fff97dc7000 	C:\Program Files\Microsoft\jdk-17.0.10.7-hotspot\bin\jli.dll
0x00007fffc2950000 - 0x00007fffc2afe000 	C:\Windows\System32\USER32.dll
0x00007fffc0de0000 - 0x00007fffc0e06000 	C:\Windows\System32\win32u.dll
0x00007fffc15b0000 - 0x00007fffc15d9000 	C:\Windows\System32\GDI32.dll
0x00007fffc0ab0000 - 0x00007fffc0bc9000 	C:\Windows\System32\gdi32full.dll
0x00007fffc0f00000 - 0x00007fffc0f9a000 	C:\Windows\System32\msvcp_win.dll
0x00007fff971d0000 - 0x00007fff971eb000 	C:\Program Files\Microsoft\jdk-17.0.10.7-hotspot\bin\VCRUNTIME140.dll
0x00007fff9ec70000 - 0x00007fff9ef03000 	C:\Windows\WinSxS\amd64_microsoft.windows.common-controls_6595b64144ccf1df_6.0.22621.3672_none_2713b9d173822955\COMCTL32.dll
0x00007fffc1a50000 - 0x00007fffc1af7000 	C:\Windows\System32\msvcrt.dll
0x00007fffc1510000 - 0x00007fffc1541000 	C:\Windows\System32\IMM32.DLL
0x0000025732b00000 - 0x0000025732b14000 	C:\Windows\System32\umppc18511.dll
0x00007fffade50000 - 0x00007fffade5c000 	C:\Program Files\Microsoft\jdk-17.0.10.7-hotspot\bin\vcruntime140_1.dll
0x00007fff7d2c0000 - 0x00007fff7d34d000 	C:\Program Files\Microsoft\jdk-17.0.10.7-hotspot\bin\msvcp140.dll
0x00007fff3b070000 - 0x00007fff3bcd5000 	C:\Program Files\Microsoft\jdk-17.0.10.7-hotspot\bin\server\jvm.dll
0x00007fffc15e0000 - 0x00007fffc1692000 	C:\Windows\System32\ADVAPI32.dll
0x00007fffc3120000 - 0x00007fffc31ca000 	C:\Windows\System32\sechost.dll
0x00007fffc0ed0000 - 0x00007fffc0ef8000 	C:\Windows\System32\bcrypt.dll
0x00007fffc2b00000 - 0x00007fffc2c15000 	C:\Windows\System32\RPCRT4.dll
0x00007fffc05c0000 - 0x00007fffc060d000 	C:\Windows\SYSTEM32\POWRPROF.dll
0x00007fffbc630000 - 0x00007fffbc639000 	C:\Windows\SYSTEM32\WSOCK32.dll
0x00007fffc2fd0000 - 0x00007fffc3041000 	C:\Windows\System32\WS2_32.dll
0x00007fffaa820000 - 0x00007fffaa854000 	C:\Windows\SYSTEM32\WINMM.dll
0x00007fffbf260000 - 0x00007fffbf26a000 	C:\Windows\SYSTEM32\VERSION.dll
0x00007fffc04f0000 - 0x00007fffc0503000 	C:\Windows\SYSTEM32\UMPDC.dll
0x00007fffbf6f0000 - 0x00007fffbf708000 	C:\Windows\SYSTEM32\kernel.appcore.dll
0x00007fffacfa0000 - 0x00007fffacfaa000 	C:\Program Files\Microsoft\jdk-17.0.10.7-hotspot\bin\jimage.dll
0x00007fffa3c50000 - 0x00007fffa3e82000 	C:\Windows\SYSTEM32\DBGHELP.DLL
0x00007fffc1130000 - 0x00007fffc14b8000 	C:\Windows\System32\combase.dll
0x00007fffc18d0000 - 0x00007fffc19a7000 	C:\Windows\System32\OLEAUT32.dll
0x00007fffaba40000 - 0x00007fffaba72000 	C:\Windows\SYSTEM32\dbgcore.DLL
0x00007fffc0d60000 - 0x00007fffc0ddb000 	C:\Windows\System32\bcryptPrimitives.dll
0x00007fff88300000 - 0x00007fff88325000 	C:\Program Files\Microsoft\jdk-17.0.10.7-hotspot\bin\java.dll
0x00007fff7bc70000 - 0x00007fff7bd47000 	C:\Program Files\Microsoft\jdk-17.0.10.7-hotspot\bin\jsvml.dll
0x00007fffc1b00000 - 0x00007fffc235c000 	C:\Windows\System32\SHELL32.dll
0x00007fffbe350000 - 0x00007fffbec47000 	C:\Windows\SYSTEM32\windows.storage.dll
0x00007fffbe210000 - 0x00007fffbe34f000 	C:\Windows\SYSTEM32\wintypes.dll
0x00007fffc2dd0000 - 0x00007fffc2ec4000 	C:\Windows\System32\SHCORE.dll
0x00007fffc1550000 - 0x00007fffc15ae000 	C:\Windows\System32\shlwapi.dll
0x00007fffc0630000 - 0x00007fffc0651000 	C:\Windows\SYSTEM32\profapi.dll
0x00007fff971b0000 - 0x00007fff971c9000 	C:\Program Files\Microsoft\jdk-17.0.10.7-hotspot\bin\net.dll
0x00007fffba120000 - 0x00007fffba256000 	C:\Windows\SYSTEM32\WINHTTP.dll
0x00007fffbfb50000 - 0x00007fffbfbb9000 	C:\Windows\system32\mswsock.dll
0x00007fff96ff0000 - 0x00007fff97006000 	C:\Program Files\Microsoft\jdk-17.0.10.7-hotspot\bin\nio.dll
0x00007fff8fde0000 - 0x00007fff8fdf8000 	C:\Program Files\Microsoft\jdk-17.0.10.7-hotspot\bin\zip.dll
0x00007fffaaea0000 - 0x00007fffaaeb0000 	C:\Program Files\Microsoft\jdk-17.0.10.7-hotspot\bin\verify.dll
0x00007fff83cb0000 - 0x00007fff83cd7000 	C:\Users\Hai\.gradle\native\c067742578af261105cb4f569cf0c3c89f3d7b1fecec35dd04571415982c5e48\windows-amd64\native-platform.dll
0x00007fff972a0000 - 0x00007fff972aa000 	C:\Users\Hai\.gradle\native\jansi\1.18\windows64\jansi.dll
0x00007fffac050000 - 0x00007fffac059000 	C:\Program Files\Microsoft\jdk-17.0.10.7-hotspot\bin\management.dll
0x00007fffac020000 - 0x00007fffac02b000 	C:\Program Files\Microsoft\jdk-17.0.10.7-hotspot\bin\management_ext.dll
0x00007fffc2f30000 - 0x00007fffc2f38000 	C:\Windows\System32\PSAPI.DLL
0x00007fffbfea0000 - 0x00007fffbfebb000 	C:\Windows\SYSTEM32\CRYPTSP.dll
0x00007fffbf650000 - 0x00007fffbf685000 	C:\Windows\system32\rsaenh.dll
0x00007fffbfbf0000 - 0x00007fffbfc18000 	C:\Windows\SYSTEM32\USERENV.dll
0x00007fffbfe80000 - 0x00007fffbfe8c000 	C:\Windows\SYSTEM32\CRYPTBASE.dll
0x00007fffbeea0000 - 0x00007fffbeecd000 	C:\Windows\SYSTEM32\IPHLPAPI.DLL
0x00007fffc19c0000 - 0x00007fffc19c9000 	C:\Windows\System32\NSI.dll
0x00007fffb9ff0000 - 0x00007fffba009000 	C:\Windows\SYSTEM32\dhcpcsvc6.DLL
0x00007fffb9f50000 - 0x00007fffb9f6f000 	C:\Windows\SYSTEM32\dhcpcsvc.DLL
0x00007fffbef10000 - 0x00007fffbf008000 	C:\Windows\SYSTEM32\DNSAPI.dll
0x00007fffaaec0000 - 0x00007fffaaec9000 	C:\Program Files\Microsoft\jdk-17.0.10.7-hotspot\bin\extnet.dll
0x00007fffabfc0000 - 0x00007fffabfce000 	C:\Program Files\Microsoft\jdk-17.0.10.7-hotspot\bin\sunmscapi.dll
0x00007fffc0fa0000 - 0x00007fffc1107000 	C:\Windows\System32\CRYPT32.dll
0x00007fffbffa0000 - 0x00007fffbffce000 	C:\Windows\SYSTEM32\ncrypt.dll
0x00007fffbff60000 - 0x00007fffbff97000 	C:\Windows\SYSTEM32\NTASN1.dll
0x00007fffa5200000 - 0x00007fffa5208000 	C:\Windows\system32\wshunix.dll

dbghelp: loaded successfully - version: 4.0.5 - missing functions: none
symbol engine: initialized successfully - sym options: 0x614 - pdb path: .;C:\Program Files\Microsoft\jdk-17.0.10.7-hotspot\bin;C:\Windows\SYSTEM32;C:\Windows\WinSxS\amd64_microsoft.windows.common-controls_6595b64144ccf1df_6.0.22621.3672_none_2713b9d173822955;C:\Program Files\Microsoft\jdk-17.0.10.7-hotspot\bin\server;C:\Users\Hai\.gradle\native\c067742578af261105cb4f569cf0c3c89f3d7b1fecec35dd04571415982c5e48\windows-amd64;C:\Users\Hai\.gradle\native\jansi\1.18\windows64

VM Arguments:
jvm_args: -Xmx64m -Xms64m -Dorg.gradle.appname=gradlew 
java_command: org.gradle.wrapper.GradleWrapperMain app:installDebug -PreactNativeDevServerPort=8081
java_class_path (initial): C:\Users\Hai\Music\RN_notepad\android\\gradle\wrapper\gradle-wrapper.jar
Launcher Type: SUN_STANDARD

[Global flags]
     intx CICompilerCount                          = 3                                         {product} {ergonomic}
     uint ConcGCThreads                            = 1                                         {product} {ergonomic}
     uint G1ConcRefinementThreads                  = 4                                         {product} {ergonomic}
   size_t G1HeapRegionSize                         = 1048576                                   {product} {ergonomic}
    uintx GCDrainStackTargetSize                   = 64                                        {product} {ergonomic}
   size_t InitialHeapSize                          = 67108864                                  {product} {command line}
   size_t MarkStackSize                            = 4194304                                   {product} {ergonomic}
   size_t MaxHeapSize                              = 67108864                                  {product} {command line}
   size_t MaxNewSize                               = 39845888                                  {product} {ergonomic}
   size_t MinHeapDeltaBytes                        = 1048576                                   {product} {ergonomic}
   size_t MinHeapSize                              = 67108864                                  {product} {command line}
    uintx NonNMethodCodeHeapSize                   = 5832780                                {pd product} {ergonomic}
    uintx NonProfiledCodeHeapSize                  = 122912730                              {pd product} {ergonomic}
    uintx ProfiledCodeHeapSize                     = 122912730                              {pd product} {ergonomic}
    uintx ReservedCodeCacheSize                    = 251658240                              {pd product} {ergonomic}
     bool SegmentedCodeCache                       = true                                      {product} {ergonomic}
   size_t SoftMaxHeapSize                          = 67108864                               {manageable} {ergonomic}
     bool UseCompressedClassPointers               = true                           {product lp64_product} {ergonomic}
     bool UseCompressedOops                        = true                           {product lp64_product} {ergonomic}
     bool UseG1GC                                  = true                                      {product} {ergonomic}
     bool UseLargePagesIndividualAllocation        = false                                  {pd product} {ergonomic}

Logging:
Log output configuration:
 #0: stdout all=warning uptime,level,tags
 #1: stderr all=off uptime,level,tags

Environment Variables:
JAVA_HOME=C:\Program Files\Microsoft\jdk-17.0.10.7-hotspot
CLASSPATH=C:\Users\Hai\Music\RN_notepad\android\\gradle\wrapper\gradle-wrapper.jar
PATH=C:\Users\Hai\Music\RN_notepad\node_modules\.bin;C:\Users\Hai\Music\node_modules\.bin;C:\Users\Hai\node_modules\.bin;C:\Users\node_modules\.bin;C:\node_modules\.bin;C:\Program Files\nodejs\node_modules\npm\node_modules\@npmcli\run-script\lib\node-gyp-bin;C:\Program Files\WindowsApps\Microsoft.PowerShell_7.4.3.0_x64__8wekyb3d8bbwe;C:\Program Files\Java\jdk-18.0.2.1\bin;C:\Program Files\Common Files\Oracle\Java\javapath;C:\Program Files\Microsoft\jdk-17.0.10.7-hotspot\bin;C:\Windows\system32;C:\Windows;C:\Windows\System32\Wbem;C:\Windows\System32\WindowsPowerShell\v1.0\;C:\Windows\System32\OpenSSH\;C:\Program Files\dotnet\;C:\ProgramData\chocolatey\bin;C:\Program Files\Git\cmd;C:\Program Files\PuTTY\;C:\Program Files\nodejs\;C:\Users\Hai\AppData\Local\Microsoft\WindowsApps;C:\Users\Hai\AppData\Local\Programs\Microsoft VS Code\bin;C:\Users\Hai\AppData\Local\Android\Sdk\platform-tools;C:\Users\Hai\AppData\Roaming\npm
USERNAME=Hai
LANG=en_US.UTF-8
OS=Windows_NT
PROCESSOR_IDENTIFIER=Intel64 Family 6 Model 94 Stepping 3, GenuineIntel
TMP=C:\Users\Hai\AppData\Local\Temp
TEMP=C:\Users\Hai\AppData\Local\Temp



Periodic native trim disabled


---------------  S Y S T E M  ---------------

OS:
 Windows 11 , 64 bit Build 22621 (10.0.22621.3672)
OS uptime: 12 days 0:47 hours
Hyper-V role detected

CPU: total 4 (initial active 4) (4 cores per cpu, 1 threads per core) family 6 model 94 stepping 3 microcode 0xf0, cx8, cmov, fxsr, mmx, 3dnowpref, sse, sse2, sse3, ssse3, sse4.1, sse4.2, popcnt, lzcnt, tsc, tscinvbit, avx, avx2, aes, erms, clmul, bmi1, bmi2, adx, fma, vzeroupper, clflush, clflushopt, hv
Processor Information for all 4 processors :
  Max Mhz: 2208, Current Mhz: 2208, Mhz Limit: 2208

Memory: 4k page, system-wide physical 8087M (584M free)
TotalPageFile size 26021M (AvailPageFile size 3M)
current process WorkingSet (physical memory assigned to process): 47M, peak: 114M
current process commit charge ("private bytes"): 160M, peak: 177M

vm_info: OpenJDK 64-Bit Server VM (17.0.10+7-LTS) for windows-amd64 JRE (17.0.10+7-LTS), built on Jan 10 2024 19:47:12 by "MicrosoftCorporation" with MS VC++ 16.10 / 16.11 (VS2019)

END.
