#
# There is insufficient memory for the Java Runtime Environment to continue.
# Native memory allocation (malloc) failed to allocate 170016 bytes for Chunk::new
# Possible reasons:
#   The system is out of physical RAM or swap space
#   The process is running with CompressedOops enabled, and the Java Heap may be blocking the growth of the native heap
# Possible solutions:
#   Reduce memory load on the system
#   Increase physical memory or swap space
#   Check if swap backing store is full
#   Decrease Java heap size (-Xmx/-Xms)
#   Decrease number of Java threads
#   Decrease Java thread stack sizes (-Xss)
#   Set larger code cache with -XX:ReservedCodeCacheSize=
#   JVM is running with Unscaled Compressed Oops mode in which the Java heap is
#     placed in the first 4GB address space. The Java Heap base address is the
#     maximum limit for the native heap growth. Please use -XX:HeapBaseMinAddress
#     to set the Java Heap base and to place the Java Heap above 4GB virtual address.
# This output file may be truncated or incomplete.
#
#  Out of Memory Error (arena.cpp:191), pid=9284, tid=18292
#
# JRE version: OpenJDK Runtime Environment Microsoft-8902769 (17.0.10+7) (build 17.0.10+7-LTS)
# Java VM: OpenJDK 64-Bit Server VM Microsoft-8902769 (17.0.10+7-LTS, mixed mode, sharing, tiered, compressed oops, compressed class ptrs, g1 gc, windows-amd64)
# No core dump will be written. Minidumps are not enabled by default on client versions of Windows
#

---------------  S U M M A R Y ------------

Command Line: -Xmx64m -Xms64m -Dorg.gradle.appname=gradlew org.gradle.wrapper.GradleWrapperMain app:installDebug -PreactNativeDevServerPort=8081

Host: Intel(R) Core(TM) i5-6400T CPU @ 2.20GHz, 4 cores, 7G,  Windows 11 , 64 bit Build 22621 (10.0.22621.3672)
Time: Fri Jun 28 19:44:38 2024 India Standard Time elapsed time: 50.746328 seconds (0d 0h 0m 50s)

---------------  T H R E A D  ---------------

Current thread (0x000001f1396d1ff0):  JavaThread "C2 CompilerThread0" daemon [_thread_in_native, id=18292, stack(0x0000005574600000,0x0000005574700000)]


Current CompileTask:
C2:  50746 1537 % !   4       java.io.BufferedReader::readLine @ 139 (327 bytes)

Stack: [0x0000005574600000,0x0000005574700000]
Native frames: (J=compiled Java code, j=interpreted, Vv=VM code, C=native code)
V  [jvm.dll+0x67f829]
V  [jvm.dll+0x83750a]
V  [jvm.dll+0x838fce]
V  [jvm.dll+0x839633]
V  [jvm.dll+0x247cbf]
V  [jvm.dll+0xac524]
V  [jvm.dll+0xacb6c]
V  [jvm.dll+0x2af70f]
V  [jvm.dll+0x587077]
V  [jvm.dll+0x222d32]
V  [jvm.dll+0x21bfc0]
V  [jvm.dll+0x219711]
V  [jvm.dll+0x1a5176]
V  [jvm.dll+0x22957e]
V  [jvm.dll+0x22774c]
V  [jvm.dll+0x7ec5d7]
V  [jvm.dll+0x7e69da]
V  [jvm.dll+0x67e715]
C  [ucrtbase.dll+0x29333]
C  [KERNEL32.DLL+0x1257d]
C  [ntdll.dll+0x5af28]


---------------  P R O C E S S  ---------------

Threads class SMR info:
_java_thread_list=0x000001f17f70ff00, length=14, elements={
0x000001f120565020, 0x000001f1205f65b0, 0x000001f1205f8840, 0x000001f12060cd40,
0x000001f12060ea70, 0x000001f1396d0530, 0x000001f1396d0ef0, 0x000001f1396d1ff0,
0x000001f1396d9f10, 0x000001f1397030c0, 0x000001f13991c160, 0x000001f13991ecf0,
0x000001f17f6ba730, 0x000001f17f6cfe60
}

Java Threads: ( => current thread )
  0x000001f120565020 JavaThread "main" [_thread_blocked, id=17260, stack(0x0000005573900000,0x0000005573a00000)]
  0x000001f1205f65b0 JavaThread "Reference Handler" daemon [_thread_blocked, id=23252, stack(0x0000005574000000,0x0000005574100000)]
  0x000001f1205f8840 JavaThread "Finalizer" daemon [_thread_blocked, id=4240, stack(0x0000005574100000,0x0000005574200000)]
  0x000001f12060cd40 JavaThread "Signal Dispatcher" daemon [_thread_blocked, id=9692, stack(0x0000005574200000,0x0000005574300000)]
  0x000001f12060ea70 JavaThread "Attach Listener" daemon [_thread_blocked, id=23020, stack(0x0000005574300000,0x0000005574400000)]
  0x000001f1396d0530 JavaThread "Service Thread" daemon [_thread_blocked, id=23160, stack(0x0000005574400000,0x0000005574500000)]
  0x000001f1396d0ef0 JavaThread "Monitor Deflation Thread" daemon [_thread_blocked, id=20584, stack(0x0000005574500000,0x0000005574600000)]
=>0x000001f1396d1ff0 JavaThread "C2 CompilerThread0" daemon [_thread_in_native, id=18292, stack(0x0000005574600000,0x0000005574700000)]
  0x000001f1396d9f10 JavaThread "C1 CompilerThread0" daemon [_thread_in_native, id=18800, stack(0x0000005574700000,0x0000005574800000)]
  0x000001f1397030c0 JavaThread "Sweeper thread" daemon [_thread_blocked, id=14812, stack(0x0000005574800000,0x0000005574900000)]
  0x000001f13991c160 JavaThread "Notification Thread" daemon [_thread_blocked, id=24308, stack(0x0000005574900000,0x0000005574a00000)]
  0x000001f13991ecf0 JavaThread "Common-Cleaner" daemon [_thread_blocked, id=9996, stack(0x0000005574b00000,0x0000005574c00000)]
  0x000001f17f6ba730 JavaThread "DisconnectableInputStream source reader" daemon [_thread_in_native, id=11456, stack(0x0000005575100000,0x0000005575200000)]
  0x000001f17f6cfe60 JavaThread "Logging-Cleaner" [_thread_new, id=1924, stack(0x0000000000000000,0x0000000000000000)]

Other Threads:
  0x000001f1205f39b0 VMThread "VM Thread" [stack: 0x0000005573f00000,0x0000005574000000] [id=22176]
  0x000001f13991c640 WatcherThread [stack: 0x0000005574a00000,0x0000005574b00000] [id=15780]
  0x000001f120583430 GCTaskThread "GC Thread#0" [stack: 0x0000005573a00000,0x0000005573b00000] [id=4056]
  0x000001f139c2caa0 GCTaskThread "GC Thread#1" [stack: 0x0000005574c00000,0x0000005574d00000] [id=10820]
  0x000001f139c2dfe0 GCTaskThread "GC Thread#2" [stack: 0x0000005574d00000,0x0000005574e00000] [id=22976]
  0x000001f17f0034e0 GCTaskThread "GC Thread#3" [stack: 0x0000005574e00000,0x0000005574f00000] [id=9684]
  0x000001f120585b90 ConcurrentGCThread "G1 Main Marker" [stack: 0x0000005573b00000,0x0000005573c00000] [id=2824]
  0x000001f1205865b0 ConcurrentGCThread "G1 Conc#0" [stack: 0x0000005573c00000,0x0000005573d00000] [id=21152]
  0x000001f1205d5b00 ConcurrentGCThread "G1 Refine#0" [stack: 0x0000005573d00000,0x0000005573e00000] [id=14536]
  0x000001f1205d6530 ConcurrentGCThread "G1 Service" [stack: 0x0000005573e00000,0x0000005573f00000] [id=7340]

Threads with active compile tasks:
C2 CompilerThread0    50807 1537 % !   4       java.io.BufferedReader::readLine @ 139 (327 bytes)
C1 CompilerThread0    50808 1553       3       org.gradle.internal.logging.text.AbstractLineChoppingStyledTextOutput$1::execute (140 bytes)

VM state: not at safepoint (normal execution)

VM Mutex/Monitor currently owned by a thread: None

Heap address: 0x00000000fc000000, size: 64 MB, Compressed Oops mode: 32-bit

CDS archive(s) mapped at: [0x000001f13a000000-0x000001f13abb0000-0x000001f13abb0000), size 12255232, SharedBaseAddress: 0x000001f13a000000, ArchiveRelocationMode: 1.
Compressed class space mapped at: 0x000001f13b000000-0x000001f17b000000, reserved size: 1073741824
Narrow klass base: 0x000001f13a000000, Narrow klass shift: 0, Narrow klass range: 0x100000000

GC Precious Log:
 CPUs: 4 total, 4 available
 Memory: 8087M
 Large Page Support: Disabled
 NUMA Support: Disabled
 Compressed Oops: Enabled (32-bit)
 Heap Region Size: 1M
 Heap Min Capacity: 64M
 Heap Initial Capacity: 64M
 Heap Max Capacity: 64M
 Pre-touch: Disabled
 Parallel Workers: 4
 Concurrent Workers: 1
 Concurrent Refinement Workers: 4
 Periodic GC: Disabled

Heap:
 garbage-first heap   total 65536K, used 22100K [0x00000000fc000000, 0x0000000100000000)
  region size 1024K, 15 young (15360K), 3 survivors (3072K)
 Metaspace       used 9237K, committed 9408K, reserved 1114112K
  class space    used 1223K, committed 1280K, reserved 1048576K

Heap Regions: E=young(eden), S=young(survivor), O=old, HS=humongous(starts), HC=humongous(continues), CS=collection set, F=free, OA=open archive, CA=closed archive, TAMS=top-at-mark-start (previous, next)
|   0|0x00000000fc000000, 0x00000000fc100000, 0x00000000fc100000|100%| O|  |TAMS 0x00000000fc000000, 0x00000000fc000000| Untracked 
|   1|0x00000000fc100000, 0x00000000fc200000, 0x00000000fc200000|100%|HS|  |TAMS 0x00000000fc100000, 0x00000000fc100000| Complete 
|   2|0x00000000fc200000, 0x00000000fc300000, 0x00000000fc300000|100%|HC|  |TAMS 0x00000000fc200000, 0x00000000fc200000| Complete 
|   3|0x00000000fc300000, 0x00000000fc400000, 0x00000000fc400000|100%|HC|  |TAMS 0x00000000fc300000, 0x00000000fc300000| Complete 
|   4|0x00000000fc400000, 0x00000000fc500000, 0x00000000fc500000|100%|HC|  |TAMS 0x00000000fc400000, 0x00000000fc400000| Complete 
|   5|0x00000000fc500000, 0x00000000fc600000, 0x00000000fc600000|100%| O|  |TAMS 0x00000000fc500000, 0x00000000fc500000| Untracked 
|   6|0x00000000fc600000, 0x00000000fc700000, 0x00000000fc700000|100%| O|  |TAMS 0x00000000fc600000, 0x00000000fc600000| Untracked 
|   7|0x00000000fc700000, 0x00000000fc795000, 0x00000000fc800000| 58%| O|  |TAMS 0x00000000fc700000, 0x00000000fc700000| Untracked 
|   8|0x00000000fc800000, 0x00000000fc800000, 0x00000000fc900000|  0%| F|  |TAMS 0x00000000fc800000, 0x00000000fc800000| Untracked 
|   9|0x00000000fc900000, 0x00000000fc900000, 0x00000000fca00000|  0%| F|  |TAMS 0x00000000fc900000, 0x00000000fc900000| Untracked 
|  10|0x00000000fca00000, 0x00000000fca00000, 0x00000000fcb00000|  0%| F|  |TAMS 0x00000000fca00000, 0x00000000fca00000| Untracked 
|  11|0x00000000fcb00000, 0x00000000fcb00000, 0x00000000fcc00000|  0%| F|  |TAMS 0x00000000fcb00000, 0x00000000fcb00000| Untracked 
|  12|0x00000000fcc00000, 0x00000000fcc00000, 0x00000000fcd00000|  0%| F|  |TAMS 0x00000000fcc00000, 0x00000000fcc00000| Untracked 
|  13|0x00000000fcd00000, 0x00000000fcd00000, 0x00000000fce00000|  0%| F|  |TAMS 0x00000000fcd00000, 0x00000000fcd00000| Untracked 
|  14|0x00000000fce00000, 0x00000000fce00000, 0x00000000fcf00000|  0%| F|  |TAMS 0x00000000fce00000, 0x00000000fce00000| Untracked 
|  15|0x00000000fcf00000, 0x00000000fcf00000, 0x00000000fd000000|  0%| F|  |TAMS 0x00000000fcf00000, 0x00000000fcf00000| Untracked 
|  16|0x00000000fd000000, 0x00000000fd000000, 0x00000000fd100000|  0%| F|  |TAMS 0x00000000fd000000, 0x00000000fd000000| Untracked 
|  17|0x00000000fd100000, 0x00000000fd100000, 0x00000000fd200000|  0%| F|  |TAMS 0x00000000fd100000, 0x00000000fd100000| Untracked 
|  18|0x00000000fd200000, 0x00000000fd200000, 0x00000000fd300000|  0%| F|  |TAMS 0x00000000fd200000, 0x00000000fd200000| Untracked 
|  19|0x00000000fd300000, 0x00000000fd300000, 0x00000000fd400000|  0%| F|  |TAMS 0x00000000fd300000, 0x00000000fd300000| Untracked 
|  20|0x00000000fd400000, 0x00000000fd400000, 0x00000000fd500000|  0%| F|  |TAMS 0x00000000fd400000, 0x00000000fd400000| Untracked 
|  21|0x00000000fd500000, 0x00000000fd500000, 0x00000000fd600000|  0%| F|  |TAMS 0x00000000fd500000, 0x00000000fd500000| Untracked 
|  22|0x00000000fd600000, 0x00000000fd600000, 0x00000000fd700000|  0%| F|  |TAMS 0x00000000fd600000, 0x00000000fd600000| Untracked 
|  23|0x00000000fd700000, 0x00000000fd700000, 0x00000000fd800000|  0%| F|  |TAMS 0x00000000fd700000, 0x00000000fd700000| Untracked 
|  24|0x00000000fd800000, 0x00000000fd800000, 0x00000000fd900000|  0%| F|  |TAMS 0x00000000fd800000, 0x00000000fd800000| Untracked 
|  25|0x00000000fd900000, 0x00000000fd900000, 0x00000000fda00000|  0%| F|  |TAMS 0x00000000fd900000, 0x00000000fd900000| Untracked 
|  26|0x00000000fda00000, 0x00000000fda00000, 0x00000000fdb00000|  0%| F|  |TAMS 0x00000000fda00000, 0x00000000fda00000| Untracked 
|  27|0x00000000fdb00000, 0x00000000fdb00000, 0x00000000fdc00000|  0%| F|  |TAMS 0x00000000fdb00000, 0x00000000fdb00000| Untracked 
|  28|0x00000000fdc00000, 0x00000000fdc00000, 0x00000000fdd00000|  0%| F|  |TAMS 0x00000000fdc00000, 0x00000000fdc00000| Untracked 
|  29|0x00000000fdd00000, 0x00000000fdd00000, 0x00000000fde00000|  0%| F|  |TAMS 0x00000000fdd00000, 0x00000000fdd00000| Untracked 
|  30|0x00000000fde00000, 0x00000000fde00000, 0x00000000fdf00000|  0%| F|  |TAMS 0x00000000fde00000, 0x00000000fde00000| Untracked 
|  31|0x00000000fdf00000, 0x00000000fdf00000, 0x00000000fe000000|  0%| F|  |TAMS 0x00000000fdf00000, 0x00000000fdf00000| Untracked 
|  32|0x00000000fe000000, 0x00000000fe000000, 0x00000000fe100000|  0%| F|  |TAMS 0x00000000fe000000, 0x00000000fe000000| Untracked 
|  33|0x00000000fe100000, 0x00000000fe100000, 0x00000000fe200000|  0%| F|  |TAMS 0x00000000fe100000, 0x00000000fe100000| Untracked 
|  34|0x00000000fe200000, 0x00000000fe200000, 0x00000000fe300000|  0%| F|  |TAMS 0x00000000fe200000, 0x00000000fe200000| Untracked 
|  35|0x00000000fe300000, 0x00000000fe300000, 0x00000000fe400000|  0%| F|  |TAMS 0x00000000fe300000, 0x00000000fe300000| Untracked 
|  36|0x00000000fe400000, 0x00000000fe400000, 0x00000000fe500000|  0%| F|  |TAMS 0x00000000fe400000, 0x00000000fe400000| Untracked 
|  37|0x00000000fe500000, 0x00000000fe500000, 0x00000000fe600000|  0%| F|  |TAMS 0x00000000fe500000, 0x00000000fe500000| Untracked 
|  38|0x00000000fe600000, 0x00000000fe600000, 0x00000000fe700000|  0%| F|  |TAMS 0x00000000fe600000, 0x00000000fe600000| Untracked 
|  39|0x00000000fe700000, 0x00000000fe700000, 0x00000000fe800000|  0%| F|  |TAMS 0x00000000fe700000, 0x00000000fe700000| Untracked 
|  40|0x00000000fe800000, 0x00000000fe800000, 0x00000000fe900000|  0%| F|  |TAMS 0x00000000fe800000, 0x00000000fe800000| Untracked 
|  41|0x00000000fe900000, 0x00000000fe900000, 0x00000000fea00000|  0%| F|  |TAMS 0x00000000fe900000, 0x00000000fe900000| Untracked 
|  42|0x00000000fea00000, 0x00000000fea00000, 0x00000000feb00000|  0%| F|  |TAMS 0x00000000fea00000, 0x00000000fea00000| Untracked 
|  43|0x00000000feb00000, 0x00000000fec00000, 0x00000000fec00000|100%| S|CS|TAMS 0x00000000feb00000, 0x00000000feb00000| Complete 
|  44|0x00000000fec00000, 0x00000000fed00000, 0x00000000fed00000|100%| S|CS|TAMS 0x00000000fec00000, 0x00000000fec00000| Complete 
|  45|0x00000000fed00000, 0x00000000fee00000, 0x00000000fee00000|100%| S|CS|TAMS 0x00000000fed00000, 0x00000000fed00000| Complete 
|  46|0x00000000fee00000, 0x00000000fee00000, 0x00000000fef00000|  0%| F|  |TAMS 0x00000000fee00000, 0x00000000fee00000| Untracked 
|  47|0x00000000fef00000, 0x00000000fef00000, 0x00000000ff000000|  0%| F|  |TAMS 0x00000000fef00000, 0x00000000fef00000| Untracked 
|  48|0x00000000ff000000, 0x00000000ff000000, 0x00000000ff100000|  0%| F|  |TAMS 0x00000000ff000000, 0x00000000ff000000| Untracked 
|  49|0x00000000ff100000, 0x00000000ff100000, 0x00000000ff200000|  0%| F|  |TAMS 0x00000000ff100000, 0x00000000ff100000| Untracked 
|  50|0x00000000ff200000, 0x00000000ff200000, 0x00000000ff300000|  0%| F|  |TAMS 0x00000000ff200000, 0x00000000ff200000| Untracked 
|  51|0x00000000ff300000, 0x00000000ff300000, 0x00000000ff400000|  0%| F|  |TAMS 0x00000000ff300000, 0x00000000ff300000| Untracked 
|  52|0x00000000ff400000, 0x00000000ff4cb1a8, 0x00000000ff500000| 79%| E|  |TAMS 0x00000000ff400000, 0x00000000ff400000| Complete 
|  53|0x00000000ff500000, 0x00000000ff600000, 0x00000000ff600000|100%| E|CS|TAMS 0x00000000ff500000, 0x00000000ff500000| Complete 
|  54|0x00000000ff600000, 0x00000000ff700000, 0x00000000ff700000|100%| E|CS|TAMS 0x00000000ff600000, 0x00000000ff600000| Complete 
|  55|0x00000000ff700000, 0x00000000ff800000, 0x00000000ff800000|100%| E|CS|TAMS 0x00000000ff700000, 0x00000000ff700000| Complete 
|  56|0x00000000ff800000, 0x00000000ff900000, 0x00000000ff900000|100%| E|CS|TAMS 0x00000000ff800000, 0x00000000ff800000| Complete 
|  57|0x00000000ff900000, 0x00000000ffa00000, 0x00000000ffa00000|100%| E|CS|TAMS 0x00000000ff900000, 0x00000000ff900000| Complete 
|  58|0x00000000ffa00000, 0x00000000ffb00000, 0x00000000ffb00000|100%| E|CS|TAMS 0x00000000ffa00000, 0x00000000ffa00000| Complete 
|  59|0x00000000ffb00000, 0x00000000ffc00000, 0x00000000ffc00000|100%| E|CS|TAMS 0x00000000ffb00000, 0x00000000ffb00000| Complete 
|  60|0x00000000ffc00000, 0x00000000ffd00000, 0x00000000ffd00000|100%| E|CS|TAMS 0x00000000ffc00000, 0x00000000ffc00000| Complete 
|  61|0x00000000ffd00000, 0x00000000ffe00000, 0x00000000ffe00000|100%| E|CS|TAMS 0x00000000ffd00000, 0x00000000ffd00000| Complete 
|  62|0x00000000ffe00000, 0x00000000fff00000, 0x00000000fff00000|100%| E|CS|TAMS 0x00000000ffe00000, 0x00000000ffe00000| Complete 
|  63|0x00000000fff00000, 0x0000000100000000, 0x0000000100000000|100%| E|CS|TAMS 0x00000000fff00000, 0x00000000fff00000| Complete 

Card table byte_map: [0x000001f120330000,0x000001f120350000] _byte_map_base: 0x000001f11fb50000

Marking Bits (Prev, Next): (CMBitMap*) 0x000001f120584a60, (CMBitMap*) 0x000001f120584aa0
 Prev Bits: [0x000001f120370000, 0x000001f120470000)
 Next Bits: [0x000001f137070000, 0x000001f137170000)

Polling page: 0x000001f11e4c0000

Metaspace:

Usage:
  Non-class:      7.83 MB used.
      Class:      1.19 MB used.
       Both:      9.02 MB used.

Virtual space:
  Non-class space:       64.00 MB reserved,       7.94 MB ( 12%) committed,  1 nodes.
      Class space:        1.00 GB reserved,       1.25 MB ( <1%) committed,  1 nodes.
             Both:        1.06 GB reserved,       9.19 MB ( <1%) committed. 

Chunk freelists:
   Non-Class:  7.85 MB
       Class:  14.62 MB
        Both:  22.47 MB

MaxMetaspaceSize: unlimited
CompressedClassSpaceSize: 1.00 GB
Initial GC threshold: 21.00 MB
Current GC threshold: 21.00 MB
CDS: on
MetaspaceReclaimPolicy: balanced
 - commit_granule_bytes: 65536.
 - commit_granule_words: 8192.
 - virtual_space_node_default_size: 8388608.
 - enlarge_chunks_in_place: 1.
 - new_chunks_are_fully_committed: 0.
 - uncommit_free_chunks: 1.
 - use_allocation_guard: 0.
 - handle_deallocations: 1.


Internal statistics:

num_allocs_failed_limit: 0.
num_arena_births: 86.
num_arena_deaths: 0.
num_vsnodes_births: 2.
num_vsnodes_deaths: 0.
num_space_committed: 147.
num_space_uncommitted: 0.
num_chunks_returned_to_freelist: 0.
num_chunks_taken_from_freelist: 340.
num_chunk_merges: 0.
num_chunk_splits: 226.
num_chunks_enlarged: 183.
num_inconsistent_stats: 0.

CodeHeap 'non-profiled nmethods': size=120000Kb used=551Kb max_used=551Kb free=119448Kb
 bounds [0x000001f12fb40000, 0x000001f12fdb0000, 0x000001f137070000]
CodeHeap 'profiled nmethods': size=120000Kb used=2970Kb max_used=2970Kb free=117029Kb
 bounds [0x000001f128070000, 0x000001f128360000, 0x000001f12f5a0000]
CodeHeap 'non-nmethods': size=5760Kb used=1167Kb max_used=1184Kb free=4592Kb
 bounds [0x000001f12f5a0000, 0x000001f12f810000, 0x000001f12fb40000]
 total_blobs=2015 nmethods=1552 adapters=376
 compilation: enabled
              stopped_count=0, restarted_count=0
 full_count=0

Compilation events (20 events):
Event: 50.412 Thread 0x000001f1396d1ff0 nmethod 1535 0x000001f12fbc8390 code [0x000001f12fbc8580, 0x000001f12fbc8c68]
Event: 50.735 Thread 0x000001f1396d9f10 1536       1       java.util.LinkedList::size (5 bytes)
Event: 50.735 Thread 0x000001f1396d9f10 nmethod 1536 0x000001f12fbc9210 code [0x000001f12fbc93a0, 0x000001f12fbc9478]
Event: 50.736 Thread 0x000001f1396d1ff0 1537 % !   4       java.io.BufferedReader::readLine @ 139 (327 bytes)
Event: 50.736 Thread 0x000001f1396d9f10 1538       3       java.util.LinkedList::checkPositionIndex (22 bytes)
Event: 50.737 Thread 0x000001f1396d9f10 nmethod 1538 0x000001f128350a90 code [0x000001f128350ce0, 0x000001f128351448]
Event: 50.737 Thread 0x000001f1396d9f10 1539       3       java.util.LinkedList::isPositionIndex (18 bytes)
Event: 50.737 Thread 0x000001f1396d9f10 nmethod 1539 0x000001f128351790 code [0x000001f128351920, 0x000001f128351ab8]
Event: 50.737 Thread 0x000001f1396d9f10 1540       3       java.util.LinkedList::node (65 bytes)
Event: 50.737 Thread 0x000001f1396d9f10 nmethod 1540 0x000001f128351b90 code [0x000001f128351d40, 0x000001f128352018]
Event: 50.737 Thread 0x000001f1396d9f10 1541       3       org.gradle.util.internal.LimitedDescription::append (33 bytes)
Event: 50.738 Thread 0x000001f1396d9f10 nmethod 1541 0x000001f128352190 code [0x000001f1283523e0, 0x000001f128352b48]
Event: 50.738 Thread 0x000001f1396d9f10 1542       3       java.util.LinkedList::add (32 bytes)
Event: 50.738 Thread 0x000001f1396d9f10 nmethod 1542 0x000001f128352e90 code [0x000001f1283530a0, 0x000001f128353588]
Event: 50.738 Thread 0x000001f1396d9f10 1543       3       java.util.LinkedList::removeLast (23 bytes)
Event: 50.739 Thread 0x000001f1396d9f10 nmethod 1543 0x000001f128353790 code [0x000001f128353940, 0x000001f128353b98]
Event: 50.739 Thread 0x000001f1396d9f10 1544       3       java.util.LinkedList::linkBefore (63 bytes)
Event: 50.739 Thread 0x000001f1396d9f10 nmethod 1544 0x000001f128353c90 code [0x000001f128353e60, 0x000001f128354318]
Event: 50.739 Thread 0x000001f1396d9f10 1545       3       java.util.LinkedList::unlinkLast (64 bytes)
Event: 50.739 Thread 0x000001f1396d9f10 nmethod 1545 0x000001f128354490 code [0x000001f128354640, 0x000001f1283548d8]

GC Heap History (4 events):
Event: 0.928 GC heap before
{Heap before GC invocations=0 (full 0):
 garbage-first heap   total 65536K, used 12288K [0x00000000fc000000, 0x0000000100000000)
  region size 1024K, 13 young (13312K), 0 survivors (0K)
 Metaspace       used 1818K, committed 1920K, reserved 1114112K
  class space    used 166K, committed 192K, reserved 1048576K
}
Event: 0.936 GC heap after
{Heap after GC invocations=1 (full 0):
 garbage-first heap   total 65536K, used 2876K [0x00000000fc000000, 0x0000000100000000)
  region size 1024K, 2 young (2048K), 2 survivors (2048K)
 Metaspace       used 1818K, committed 1920K, reserved 1114112K
  class space    used 166K, committed 192K, reserved 1048576K
}
Event: 1.974 GC heap before
{Heap before GC invocations=1 (full 0):
 garbage-first heap   total 65536K, used 22332K [0x00000000fc000000, 0x0000000100000000)
  region size 1024K, 18 young (18432K), 2 survivors (2048K)
 Metaspace       used 5288K, committed 5440K, reserved 1114112K
  class space    used 702K, committed 768K, reserved 1048576K
}
Event: 1.978 GC heap after
{Heap after GC invocations=2 (full 0):
 garbage-first heap   total 65536K, used 10836K [0x00000000fc000000, 0x0000000100000000)
  region size 1024K, 3 young (3072K), 3 survivors (3072K)
 Metaspace       used 5288K, committed 5440K, reserved 1114112K
  class space    used 702K, committed 768K, reserved 1048576K
}

Dll operation events (12 events):
Event: 0.043 Loaded shared library C:\Program Files\Microsoft\jdk-17.0.10.7-hotspot\bin\java.dll
Event: 0.079 Loaded shared library C:\Program Files\Microsoft\jdk-17.0.10.7-hotspot\bin\jsvml.dll
Event: 0.152 Loaded shared library C:\Program Files\Microsoft\jdk-17.0.10.7-hotspot\bin\net.dll
Event: 0.157 Loaded shared library C:\Program Files\Microsoft\jdk-17.0.10.7-hotspot\bin\nio.dll
Event: 0.168 Loaded shared library C:\Program Files\Microsoft\jdk-17.0.10.7-hotspot\bin\zip.dll
Event: 0.794 Loaded shared library C:\Program Files\Microsoft\jdk-17.0.10.7-hotspot\bin\jimage.dll
Event: 1.023 Loaded shared library C:\Program Files\Microsoft\jdk-17.0.10.7-hotspot\bin\verify.dll
Event: 1.793 Loaded shared library C:\Users\Hai\.gradle\native\c067742578af261105cb4f569cf0c3c89f3d7b1fecec35dd04571415982c5e48\windows-amd64\native-platform.dll
Event: 2.046 Loaded shared library C:\Program Files\Microsoft\jdk-17.0.10.7-hotspot\bin\management.dll
Event: 2.051 Loaded shared library C:\Program Files\Microsoft\jdk-17.0.10.7-hotspot\bin\management_ext.dll
Event: 2.733 Loaded shared library C:\Program Files\Microsoft\jdk-17.0.10.7-hotspot\bin\extnet.dll
Event: 2.854 Loaded shared library C:\Program Files\Microsoft\jdk-17.0.10.7-hotspot\bin\sunmscapi.dll

Deoptimization events (20 events):
Event: 2.209 Thread 0x000001f120565020 Uncommon trap: trap_request=0xffffffc6 fr.pc=0x000001f12fba4320 relative=0x00000000000005c0
Event: 2.209 Thread 0x000001f120565020 Uncommon trap: reason=bimorphic_or_optimized_type_check action=maybe_recompile pc=0x000001f12fba4320 method=java.util.concurrent.ConcurrentHashMap.get(Ljava/lang/Object;)Ljava/lang/Object; @ 149 c2
Event: 2.209 Thread 0x000001f120565020 DEOPT PACKING pc=0x000001f12fba4320 sp=0x00000055739fb9d0
Event: 2.209 Thread 0x000001f120565020 DEOPT UNPACKING pc=0x000001f12f5f69a3 sp=0x00000055739fb970 mode 2
Event: 2.765 Thread 0x000001f120565020 Uncommon trap: trap_request=0xffffff45 fr.pc=0x000001f12fb75624 relative=0x0000000000000664
Event: 2.765 Thread 0x000001f120565020 Uncommon trap: reason=unstable_if action=reinterpret pc=0x000001f12fb75624 method=java.lang.AbstractStringBuilder.append(Ljava/lang/String;)Ljava/lang/AbstractStringBuilder; @ 1 c2
Event: 2.765 Thread 0x000001f120565020 DEOPT PACKING pc=0x000001f12fb75624 sp=0x00000055739fc770
Event: 2.765 Thread 0x000001f120565020 DEOPT UNPACKING pc=0x000001f12f5f69a3 sp=0x00000055739fc6f0 mode 2
Event: 2.767 Thread 0x000001f120565020 Uncommon trap: trap_request=0xffffff45 fr.pc=0x000001f12fb89ca4 relative=0x0000000000000664
Event: 2.767 Thread 0x000001f120565020 Uncommon trap: reason=unstable_if action=reinterpret pc=0x000001f12fb89ca4 method=java.lang.AbstractStringBuilder.append(Ljava/lang/String;)Ljava/lang/AbstractStringBuilder; @ 1 c2
Event: 2.767 Thread 0x000001f120565020 DEOPT PACKING pc=0x000001f12fb89ca4 sp=0x00000055739fc710
Event: 2.767 Thread 0x000001f120565020 DEOPT UNPACKING pc=0x000001f12f5f69a3 sp=0x00000055739fc6f8 mode 2
Event: 2.917 Thread 0x000001f120565020 Uncommon trap: trap_request=0xffffff45 fr.pc=0x000001f12fb90b18 relative=0x0000000000000438
Event: 2.917 Thread 0x000001f120565020 Uncommon trap: reason=unstable_if action=reinterpret pc=0x000001f12fb90b18 method=java.util.regex.Matcher.match(II)Z @ 76 c2
Event: 2.917 Thread 0x000001f120565020 DEOPT PACKING pc=0x000001f12fb90b18 sp=0x00000055739fb9e0
Event: 2.917 Thread 0x000001f120565020 DEOPT UNPACKING pc=0x000001f12f5f69a3 sp=0x00000055739fb998 mode 2
Event: 50.730 Thread 0x000001f120565020 Uncommon trap: trap_request=0xffffff45 fr.pc=0x000001f12fbc4b1c relative=0x000000000000017c
Event: 50.730 Thread 0x000001f120565020 Uncommon trap: reason=unstable_if action=reinterpret pc=0x000001f12fbc4b1c method=com.esotericsoftware.kryo.io.Input.require(I)I @ 180 c2
Event: 50.730 Thread 0x000001f120565020 DEOPT PACKING pc=0x000001f12fbc4b1c sp=0x00000055739fc790
Event: 50.730 Thread 0x000001f120565020 DEOPT UNPACKING pc=0x000001f12f5f69a3 sp=0x00000055739fc738 mode 2

Classes unloaded (0 events):
No events

Classes redefined (0 events):
No events

Internal exceptions (20 events):
Event: 1.590 Thread 0x000001f120565020 Exception <a 'java/lang/NoSuchMethodError'{0x00000000ff67a610}: 'void java.lang.invoke.DirectMethodHandle$Holder.invokeStatic(java.lang.Object, java.lang.Object)'> (0x00000000ff67a610) 
thrown [s\src\hotspot\share\interpreter\linkResolver.cpp, line 759]
Event: 1.721 Thread 0x000001f120565020 Exception <a 'java/lang/NoClassDefFoundError'{0x00000000ff6fe8a8}: org/slf4j/impl/StaticMarkerBinder> (0x00000000ff6fe8a8) 
thrown [s\src\hotspot\share\classfile\systemDictionary.cpp, line 245]
Event: 1.742 Thread 0x000001f120565020 Exception <a 'java/lang/NoSuchMethodError'{0x00000000ff59f580}: 'java.lang.Object java.lang.invoke.DirectMethodHandle$Holder.invokeVirtual(java.lang.Object, java.lang.Object, java.lang.Object, java.lang.Object, java.lang.Object, java.lang.Object, java.lang.Object)'> (0x00000000ff59f580) 
thrown [s\src\hotspot\share\interpreter\linkResolver.cpp, line 759]
Event: 1.745 Thread 0x000001f120565020 Exception <a 'java/lang/NoSuchMethodError'{0x00000000ff5b0d60}: 'java.lang.Object java.lang.invoke.Invokers$Holder.invoker(java.lang.Object, java.lang.Object, java.lang.Object)'> (0x00000000ff5b0d60) 
thrown [s\src\hotspot\share\interpreter\linkResolver.cpp, line 759]
Event: 1.746 Thread 0x000001f120565020 Exception <a 'java/lang/NoSuchMethodError'{0x00000000ff5b9eb8}: 'java.lang.Object java.lang.invoke.DirectMethodHandle$Holder.invokeStatic(java.lang.Object, java.lang.Object, int)'> (0x00000000ff5b9eb8) 
thrown [s\src\hotspot\share\interpreter\linkResolver.cpp, line 759]
Event: 1.748 Thread 0x000001f120565020 Exception <a 'java/lang/NoSuchMethodError'{0x00000000ff5c5ba8}: 'void java.lang.invoke.DelegatingMethodHandle$Holder.delegate(java.lang.Object, java.lang.Object, int, java.lang.Object)'> (0x00000000ff5c5ba8) 
thrown [s\src\hotspot\share\interpreter\linkResolver.cpp, line 759]
Event: 1.749 Thread 0x000001f120565020 Exception <a 'java/lang/NoSuchMethodError'{0x00000000ff5c9cf0}: 'int java.lang.invoke.DirectMethodHandle$Holder.invokeSpecial(java.lang.Object, java.lang.Object, java.lang.Object)'> (0x00000000ff5c9cf0) 
thrown [s\src\hotspot\share\interpreter\linkResolver.cpp, line 759]
Event: 1.753 Thread 0x000001f120565020 Exception <a 'java/lang/NoSuchMethodError'{0x00000000ff5dce38}: 'java.lang.Object java.lang.invoke.Invokers$Holder.invokeExact_MT(java.lang.Object, java.lang.Object, java.lang.Object, java.lang.Object)'> (0x00000000ff5dce38) 
thrown [s\src\hotspot\share\interpreter\linkResolver.cpp, line 759]
Event: 1.986 Thread 0x000001f120565020 Exception <a 'java/lang/NoSuchMethodError'{0x00000000fff318b8}: 'void java.lang.invoke.DirectMethodHandle$Holder.invokeSpecial(java.lang.Object, java.lang.Object, java.lang.Object)'> (0x00000000fff318b8) 
thrown [s\src\hotspot\share\interpreter\linkResolver.cpp, line 759]
Event: 2.013 Thread 0x000001f120565020 Implicit null exception at 0x000001f12fb9a48f to 0x000001f12fb9a9fc
Event: 2.014 Thread 0x000001f120565020 Implicit null exception at 0x000001f12fb80e0f to 0x000001f12fb81378
Event: 2.042 Thread 0x000001f120565020 Exception <a 'java/lang/NoSuchMethodError'{0x00000000ffe8e398}: 'java.lang.Object java.lang.invoke.DirectMethodHandle$Holder.invokeStaticInit(java.lang.Object)'> (0x00000000ffe8e398) 
thrown [s\src\hotspot\share\interpreter\linkResolver.cpp, line 759]
Event: 2.076 Thread 0x000001f120565020 Exception <a 'java/lang/NoSuchMethodError'{0x00000000ffd28bb8}: 'int java.lang.invoke.DirectMethodHandle$Holder.invokeVirtual(java.lang.Object, java.lang.Object, java.lang.Object)'> (0x00000000ffd28bb8) 
thrown [s\src\hotspot\share\interpreter\linkResolver.cpp, line 759]
Event: 2.094 Thread 0x000001f120565020 Exception <a 'java/lang/NoSuchMethodError'{0x00000000ffd6b200}: 'java.lang.Object java.lang.invoke.DirectMethodHandle$Holder.invokeVirtual(java.lang.Object, java.lang.Object, java.lang.Object)'> (0x00000000ffd6b200) 
thrown [s\src\hotspot\share\interpreter\linkResolver.cpp, line 759]
Event: 2.196 Thread 0x000001f120565020 Exception <a 'java/lang/NoSuchMethodError'{0x00000000ff91f078}: 'java.lang.Object java.lang.invoke.DirectMethodHandle$Holder.invokeStaticInit(java.lang.Object, int, int, int, int)'> (0x00000000ff91f078) 
thrown [s\src\hotspot\share\interpreter\linkResolver.cpp, line 759]
Event: 2.290 Thread 0x000001f120565020 Exception <a 'java/lang/NoSuchMethodError'{0x00000000ff97ca08}: 'java.lang.Object java.lang.invoke.DirectMethodHandle$Holder.invokeStaticInit(java.lang.Object, java.lang.Object, int, int, int, int)'> (0x00000000ff97ca08) 
thrown [s\src\hotspot\share\interpreter\linkResolver.cpp, line 759]
Event: 2.737 Thread 0x000001f120565020 Exception <a 'java/lang/NoSuchMethodError'{0x00000000ff9aaf50}: 'void java.lang.invoke.DirectMethodHandle$Holder.invokeStatic(java.lang.Object, java.lang.Object, java.lang.Object)'> (0x00000000ff9aaf50) 
thrown [s\src\hotspot\share\interpreter\linkResolver.cpp, line 759]
Event: 2.765 Thread 0x000001f120565020 Implicit null exception at 0x000001f12fb74ff2 to 0x000001f12fb7560c
Event: 2.767 Thread 0x000001f120565020 Implicit null exception at 0x000001f12fb89672 to 0x000001f12fb89c8c
Event: 50.730 Thread 0x000001f120565020 Exception <a 'sun/net/ConnectionResetException'{0x00000000ff5655f0}: Connection reset> (0x00000000ff5655f0) 
thrown [s\src\hotspot\share\prims\jni.cpp, line 535]

VM Operations (20 events):
Event: 7.314 Executing VM operation: Cleanup
Event: 7.314 Executing VM operation: Cleanup done
Event: 20.394 Executing VM operation: Cleanup
Event: 20.394 Executing VM operation: Cleanup done
Event: 21.394 Executing VM operation: Cleanup
Event: 21.394 Executing VM operation: Cleanup done
Event: 34.472 Executing VM operation: Cleanup
Event: 34.472 Executing VM operation: Cleanup done
Event: 40.525 Executing VM operation: Cleanup
Event: 40.526 Executing VM operation: Cleanup done
Event: 41.531 Executing VM operation: Cleanup
Event: 41.531 Executing VM operation: Cleanup done
Event: 45.553 Executing VM operation: Cleanup
Event: 45.553 Executing VM operation: Cleanup done
Event: 47.563 Executing VM operation: Cleanup
Event: 47.563 Executing VM operation: Cleanup done
Event: 48.576 Executing VM operation: Cleanup
Event: 48.576 Executing VM operation: Cleanup done
Event: 50.590 Executing VM operation: Cleanup
Event: 50.590 Executing VM operation: Cleanup done

Events (20 events):
Event: 20.376 loading class jdk/internal/logger/LoggerFinderLoader$TemporaryLoggerFinder
Event: 20.377 loading class jdk/internal/logger/LoggerFinderLoader$TemporaryLoggerFinder done
Event: 20.377 loading class sun/util/logging/internal/LoggingProviderImpl$JULWrapper
Event: 20.377 loading class sun/util/logging/PlatformLogger$ConfigurableBridge$LoggerConfiguration
Event: 20.378 loading class sun/util/logging/PlatformLogger$ConfigurableBridge$LoggerConfiguration done
Event: 20.378 loading class sun/util/logging/internal/LoggingProviderImpl$JULWrapper done
Event: 20.378 loading class java/io/ObjectInputFilter
Event: 20.378 loading class java/io/ObjectInputFilter done
Event: 20.379 loading class java/io/ObjectInputFilter$Config$BuiltinFilterFactory
Event: 20.379 loading class java/io/ObjectInputFilter$Config$BuiltinFilterFactory done
Event: 20.379 loading class jdk/internal/access/JavaObjectInputFilterAccess
Event: 20.379 loading class jdk/internal/access/JavaObjectInputFilterAccess done
Event: 20.380 loading class java/lang/System$Logger$Level
Event: 20.380 loading class java/lang/System$Logger$Level done
Event: 20.380 loading class java/io/Bits
Event: 20.380 loading class java/io/Bits done
Event: 33.670 loading class jdk/internal/misc/ScopedMemoryAccess$Scope
Event: 33.670 loading class jdk/internal/misc/ScopedMemoryAccess$Scope done
Event: 50.730 loading class sun/net/ConnectionResetException
Event: 50.730 loading class sun/net/ConnectionResetException done


Dynamic libraries:
0x00007ff605180000 - 0x00007ff60518e000 	C:\Program Files\Microsoft\jdk-17.0.10.7-hotspot\bin\java.exe
0x00007fffc33d0000 - 0x00007fffc35e7000 	C:\Windows\SYSTEM32\ntdll.dll
0x00007fffc3050000 - 0x00007fffc3114000 	C:\Windows\System32\KERNEL32.DLL
0x00007fffc0700000 - 0x00007fffc0aac000 	C:\Windows\System32\KERNELBASE.dll
0x00007fffc0c40000 - 0x00007fffc0d51000 	C:\Windows\System32\ucrtbase.dll
0x00007fff3a3a0000 - 0x00007fff3a3b7000 	C:\Program Files\Microsoft\jdk-17.0.10.7-hotspot\bin\jli.dll
0x00007fffc2950000 - 0x00007fffc2afe000 	C:\Windows\System32\USER32.dll
0x00007fffc0de0000 - 0x00007fffc0e06000 	C:\Windows\System32\win32u.dll
0x00007fffc15b0000 - 0x00007fffc15d9000 	C:\Windows\System32\GDI32.dll
0x00007fff3a2b0000 - 0x00007fff3a2cb000 	C:\Program Files\Microsoft\jdk-17.0.10.7-hotspot\bin\VCRUNTIME140.dll
0x00007fffc0ab0000 - 0x00007fffc0bc9000 	C:\Windows\System32\gdi32full.dll
0x00007fffc0f00000 - 0x00007fffc0f9a000 	C:\Windows\System32\msvcp_win.dll
0x00007fff9ec70000 - 0x00007fff9ef03000 	C:\Windows\WinSxS\amd64_microsoft.windows.common-controls_6595b64144ccf1df_6.0.22621.3672_none_2713b9d173822955\COMCTL32.dll
0x00007fffc1a50000 - 0x00007fffc1af7000 	C:\Windows\System32\msvcrt.dll
0x00007fffc1510000 - 0x00007fffc1541000 	C:\Windows\System32\IMM32.DLL
0x000001f11e4e0000 - 0x000001f11e4f4000 	C:\Windows\System32\umppc18511.dll
0x00007fff61910000 - 0x00007fff6191c000 	C:\Program Files\Microsoft\jdk-17.0.10.7-hotspot\bin\vcruntime140_1.dll
0x00007fff3b090000 - 0x00007fff3b11d000 	C:\Program Files\Microsoft\jdk-17.0.10.7-hotspot\bin\msvcp140.dll
0x00007fff39640000 - 0x00007fff3a2a5000 	C:\Program Files\Microsoft\jdk-17.0.10.7-hotspot\bin\server\jvm.dll
0x00007fffc15e0000 - 0x00007fffc1692000 	C:\Windows\System32\ADVAPI32.dll
0x00007fffc3120000 - 0x00007fffc31ca000 	C:\Windows\System32\sechost.dll
0x00007fffc0ed0000 - 0x00007fffc0ef8000 	C:\Windows\System32\bcrypt.dll
0x00007fffc2b00000 - 0x00007fffc2c15000 	C:\Windows\System32\RPCRT4.dll
0x00007fffc05c0000 - 0x00007fffc060d000 	C:\Windows\SYSTEM32\POWRPROF.dll
0x00007fffaf1e0000 - 0x00007fffaf1e9000 	C:\Windows\SYSTEM32\WSOCK32.dll
0x00007fffc2fd0000 - 0x00007fffc3041000 	C:\Windows\System32\WS2_32.dll
0x00007fffaa820000 - 0x00007fffaa854000 	C:\Windows\SYSTEM32\WINMM.dll
0x00007fffbf260000 - 0x00007fffbf26a000 	C:\Windows\SYSTEM32\VERSION.dll
0x00007fffc04f0000 - 0x00007fffc0503000 	C:\Windows\SYSTEM32\UMPDC.dll
0x00007fffbf6f0000 - 0x00007fffbf708000 	C:\Windows\SYSTEM32\kernel.appcore.dll
0x00007fffafef0000 - 0x00007fffafefa000 	C:\Program Files\Microsoft\jdk-17.0.10.7-hotspot\bin\jimage.dll
0x00007fffa3c50000 - 0x00007fffa3e82000 	C:\Windows\SYSTEM32\DBGHELP.DLL
0x00007fffc1130000 - 0x00007fffc14b8000 	C:\Windows\System32\combase.dll
0x00007fffc18d0000 - 0x00007fffc19a7000 	C:\Windows\System32\OLEAUT32.dll
0x00007fffaba40000 - 0x00007fffaba72000 	C:\Windows\SYSTEM32\dbgcore.DLL
0x00007fffc0d60000 - 0x00007fffc0ddb000 	C:\Windows\System32\bcryptPrimitives.dll
0x00007fffabfc0000 - 0x00007fffabfe5000 	C:\Program Files\Microsoft\jdk-17.0.10.7-hotspot\bin\java.dll
0x00007fff86140000 - 0x00007fff86217000 	C:\Program Files\Microsoft\jdk-17.0.10.7-hotspot\bin\jsvml.dll
0x00007fffc1b00000 - 0x00007fffc235c000 	C:\Windows\System32\SHELL32.dll
0x00007fffbe350000 - 0x00007fffbec47000 	C:\Windows\SYSTEM32\windows.storage.dll
0x00007fffbe210000 - 0x00007fffbe34f000 	C:\Windows\SYSTEM32\wintypes.dll
0x00007fffc2dd0000 - 0x00007fffc2ec4000 	C:\Windows\System32\SHCORE.dll
0x00007fffc1550000 - 0x00007fffc15ae000 	C:\Windows\System32\shlwapi.dll
0x00007fffc0630000 - 0x00007fffc0651000 	C:\Windows\SYSTEM32\profapi.dll
0x00007fffae2a0000 - 0x00007fffae2b9000 	C:\Program Files\Microsoft\jdk-17.0.10.7-hotspot\bin\net.dll
0x00007fffba120000 - 0x00007fffba256000 	C:\Windows\SYSTEM32\WINHTTP.dll
0x00007fffbfb50000 - 0x00007fffbfbb9000 	C:\Windows\system32\mswsock.dll
0x00007fffac560000 - 0x00007fffac576000 	C:\Program Files\Microsoft\jdk-17.0.10.7-hotspot\bin\nio.dll
0x00007fffabae0000 - 0x00007fffabaf8000 	C:\Program Files\Microsoft\jdk-17.0.10.7-hotspot\bin\zip.dll
0x00007fffab400000 - 0x00007fffab410000 	C:\Program Files\Microsoft\jdk-17.0.10.7-hotspot\bin\verify.dll
0x00007fffb0810000 - 0x00007fffb0837000 	C:\Users\Hai\.gradle\native\c067742578af261105cb4f569cf0c3c89f3d7b1fecec35dd04571415982c5e48\windows-amd64\native-platform.dll
0x00007fffb7390000 - 0x00007fffb7399000 	C:\Program Files\Microsoft\jdk-17.0.10.7-hotspot\bin\management.dll
0x00007fffb7380000 - 0x00007fffb738b000 	C:\Program Files\Microsoft\jdk-17.0.10.7-hotspot\bin\management_ext.dll
0x00007fffc2f30000 - 0x00007fffc2f38000 	C:\Windows\System32\PSAPI.DLL
0x00007fffbfea0000 - 0x00007fffbfebb000 	C:\Windows\SYSTEM32\CRYPTSP.dll
0x00007fffbf650000 - 0x00007fffbf685000 	C:\Windows\system32\rsaenh.dll
0x00007fffbfbf0000 - 0x00007fffbfc18000 	C:\Windows\SYSTEM32\USERENV.dll
0x00007fffbfe80000 - 0x00007fffbfe8c000 	C:\Windows\SYSTEM32\CRYPTBASE.dll
0x00007fffbeea0000 - 0x00007fffbeecd000 	C:\Windows\SYSTEM32\IPHLPAPI.DLL
0x00007fffc19c0000 - 0x00007fffc19c9000 	C:\Windows\System32\NSI.dll
0x00007fffb9ff0000 - 0x00007fffba009000 	C:\Windows\SYSTEM32\dhcpcsvc6.DLL
0x00007fffb9f50000 - 0x00007fffb9f6f000 	C:\Windows\SYSTEM32\dhcpcsvc.DLL
0x00007fffbef10000 - 0x00007fffbf008000 	C:\Windows\SYSTEM32\DNSAPI.dll
0x00007fffb9ba0000 - 0x00007fffb9ba9000 	C:\Program Files\Microsoft\jdk-17.0.10.7-hotspot\bin\extnet.dll
0x00007fffb9bb0000 - 0x00007fffb9bbe000 	C:\Program Files\Microsoft\jdk-17.0.10.7-hotspot\bin\sunmscapi.dll
0x00007fffc0fa0000 - 0x00007fffc1107000 	C:\Windows\System32\CRYPT32.dll
0x00007fffbffa0000 - 0x00007fffbffce000 	C:\Windows\SYSTEM32\ncrypt.dll
0x00007fffbff60000 - 0x00007fffbff97000 	C:\Windows\SYSTEM32\NTASN1.dll
0x00007fffba4e0000 - 0x00007fffba4e8000 	C:\Windows\system32\wshunix.dll

dbghelp: loaded successfully - version: 4.0.5 - missing functions: none
symbol engine: initialized successfully - sym options: 0x614 - pdb path: .;C:\Program Files\Microsoft\jdk-17.0.10.7-hotspot\bin;C:\Windows\SYSTEM32;C:\Windows\WinSxS\amd64_microsoft.windows.common-controls_6595b64144ccf1df_6.0.22621.3672_none_2713b9d173822955;C:\Program Files\Microsoft\jdk-17.0.10.7-hotspot\bin\server;C:\Users\Hai\.gradle\native\c067742578af261105cb4f569cf0c3c89f3d7b1fecec35dd04571415982c5e48\windows-amd64

VM Arguments:
jvm_args: -Xmx64m -Xms64m -Dorg.gradle.appname=gradlew 
java_command: org.gradle.wrapper.GradleWrapperMain app:installDebug -PreactNativeDevServerPort=8081
java_class_path (initial): C:\Users\Hai\Music\RN_notepad\android\\gradle\wrapper\gradle-wrapper.jar
Launcher Type: SUN_STANDARD

[Global flags]
     intx CICompilerCount                          = 3                                         {product} {ergonomic}
     uint ConcGCThreads                            = 1                                         {product} {ergonomic}
     uint G1ConcRefinementThreads                  = 4                                         {product} {ergonomic}
   size_t G1HeapRegionSize                         = 1048576                                   {product} {ergonomic}
    uintx GCDrainStackTargetSize                   = 64                                        {product} {ergonomic}
   size_t InitialHeapSize                          = 67108864                                  {product} {command line}
   size_t MarkStackSize                            = 4194304                                   {product} {ergonomic}
   size_t MaxHeapSize                              = 67108864                                  {product} {command line}
   size_t MaxNewSize                               = 39845888                                  {product} {ergonomic}
   size_t MinHeapDeltaBytes                        = 1048576                                   {product} {ergonomic}
   size_t MinHeapSize                              = 67108864                                  {product} {command line}
    uintx NonNMethodCodeHeapSize                   = 5832780                                {pd product} {ergonomic}
    uintx NonProfiledCodeHeapSize                  = 122912730                              {pd product} {ergonomic}
    uintx ProfiledCodeHeapSize                     = 122912730                              {pd product} {ergonomic}
    uintx ReservedCodeCacheSize                    = 251658240                              {pd product} {ergonomic}
     bool SegmentedCodeCache                       = true                                      {product} {ergonomic}
   size_t SoftMaxHeapSize                          = 67108864                               {manageable} {ergonomic}
     bool UseCompressedClassPointers               = true                           {product lp64_product} {ergonomic}
     bool UseCompressedOops                        = true                           {product lp64_product} {ergonomic}
     bool UseG1GC                                  = true                                      {product} {ergonomic}
     bool UseLargePagesIndividualAllocation        = false                                  {pd product} {ergonomic}

Logging:
Log output configuration:
 #0: stdout all=warning uptime,level,tags
 #1: stderr all=off uptime,level,tags

Environment Variables:
JAVA_HOME=C:\Program Files\Microsoft\jdk-17.0.10.7-hotspot
CLASSPATH=C:\Users\Hai\Music\RN_notepad\android\\gradle\wrapper\gradle-wrapper.jar
PATH=C:\Users\Hai\Music\RN_notepad\node_modules\.bin;C:\Users\Hai\Music\RN_notepad\node_modules\.bin;C:\Users\Hai\Music\node_modules\.bin;C:\Users\Hai\node_modules\.bin;C:\Users\node_modules\.bin;C:\node_modules\.bin;C:\Program Files\nodejs\node_modules\npm\node_modules\@npmcli\run-script\lib\node-gyp-bin;C:\Users\Hai\Music\RN_notepad\node_modules\.bin;C:\Users\Hai\Music\node_modules\.bin;C:\Users\Hai\node_modules\.bin;C:\Users\node_modules\.bin;C:\node_modules\.bin;C:\Program Files\nodejs\node_modules\npm\node_modules\@npmcli\run-script\lib\node-gyp-bin;C:\Program Files\Java\jdk-18.0.2.1\bin;C:\Program Files\Common Files\Oracle\Java\javapath;C:\Program Files\Microsoft\jdk-17.0.10.7-hotspot\bin;C:\Windows\system32;C:\Windows;C:\Windows\System32\Wbem;C:\Windows\System32\WindowsPowerShell\v1.0\;C:\Windows\System32\OpenSSH\;C:\Program Files\dotnet\;C:\ProgramData\chocolatey\bin;C:\Program Files\Git\cmd;C:\Program Files\PuTTY\;C:\Program Files\nodejs\;C:\Users\Hai\AppData\Local\Microsoft\WindowsApps;C:\Users\Hai\AppData\Local\Programs\Microsoft VS Code\bin;C:\Users\Hai\AppData\Local\Android\Sdk\platform-tools;C:\Users\Hai\AppData\Roaming\npm
USERNAME=Hai
OS=Windows_NT
PROCESSOR_IDENTIFIER=Intel64 Family 6 Model 94 Stepping 3, GenuineIntel
TMP=C:\Users\Hai\AppData\Local\Temp
TEMP=C:\Users\Hai\AppData\Local\Temp



Periodic native trim disabled


---------------  S Y S T E M  ---------------

OS:
 Windows 11 , 64 bit Build 22621 (10.0.22621.3672)
OS uptime: 9 days 0:22 hours
Hyper-V role detected

CPU: total 4 (initial active 4) (4 cores per cpu, 1 threads per core) family 6 model 94 stepping 3 microcode 0xf0, cx8, cmov, fxsr, mmx, 3dnowpref, sse, sse2, sse3, ssse3, sse4.1, sse4.2, popcnt, lzcnt, tsc, tscinvbit, avx, avx2, aes, erms, clmul, bmi1, bmi2, adx, fma, vzeroupper, clflush, clflushopt, hv
Processor Information for all 4 processors :
  Max Mhz: 2208, Current Mhz: 2208, Mhz Limit: 2208

Memory: 4k page, system-wide physical 8087M (582M free)
TotalPageFile size 25410M (AvailPageFile size 326M)
current process WorkingSet (physical memory assigned to process): 86M, peak: 87M
current process commit charge ("private bytes"): 154M, peak: 156M

vm_info: OpenJDK 64-Bit Server VM (17.0.10+7-LTS) for windows-amd64 JRE (17.0.10+7-LTS), built on Jan 10 2024 19:47:12 by "MicrosoftCorporation" with MS VC++ 16.10 / 16.11 (VS2019)

END.
